<?xml version="1.0" encoding="UTF-8"?>
<!-- Generated by org.testng.reporters.JUnitXMLReporter -->
<testsuite ignored="0" hostname="Bindus-MacBook-Air.local" failures="1" tests="12" name="firefoxTest" time="58.775" errors="0" timestamp="2025-02-18T15:45:16 PST">
  <testcase classname="testCases.TC01_LaunchApplication" name="testLaunchApplication" time="0.026"/>
  <testcase classname="testCases.TC06_PurchaseAGiftCertificate" name="testPurchaseAGiftCertificate" time="1.358"/>
  <testcase classname="testCases.TC03_AddToCart" name="testAddToCart" time="2.923"/>
  <testcase classname="testCases.TC02_Login" name="testLogin" time="2.373"/>
  <testcase classname="testCases.TC02_Login" name="testLogin" time="2.319"/>
  <testcase classname="testCases.TC02_Login" name="testLogin" time="2.241"/>
  <testcase classname="testCases.TC02_Login" name="testLogin" time="2.154"/>
  <testcase classname="testCases.TC02_Login" name="testLogin" time="2.182"/>
  <testcase classname="testCases.TC05_AddAnItemToWishList" name="testAddToWishList" time="1.719"/>
  <testcase classname="testCases.TC04_CompletePurchase" name="testCompletePurchase" time="2.5">
    <skipped/>
  </testcase> <!-- testCompletePurchase -->
  <testcase classname="testCases.TC04_CompletePurchase" name="testCompletePurchase" time="0.543">
    <skipped/>
  </testcase> <!-- testCompletePurchase -->
  <testcase classname="testCases.TC04_CompletePurchase" name="testCompletePurchase" time="0.565">
    <failure type="java.lang.AssertionError" message="Test encountered an unexpected error: Element &amp;lt;a href=&amp;quot;https://tutorialsninja.com/demo/index.php?route=product/product&amp;amp;product_id=47&amp;quot;&amp;gt; could not be scrolled into view
Build info: version: &amp;apos;4.28.1&amp;apos;, revision: &amp;apos;73f5ad48a2&amp;apos;
System info: os.name: &amp;apos;Mac OS X&amp;apos;, os.arch: &amp;apos;aarch64&amp;apos;, os.version: &amp;apos;15.3&amp;apos;, java.version: &amp;apos;23.0.1&amp;apos;
Driver info: org.openqa.selenium.firefox.FirefoxDriver
Command: [ad47a841-aca4-4fee-ae1c-714e2c993655, clickElement {id=a3661ab6-dd5d-48c3-8fb1-799abd172aba}]
Capabilities {acceptInsecureCerts: true, browserName: firefox, browserVersion: 135.0.1, moz:accessibilityChecks: false, moz:buildID: 20250216192613, moz:debuggerAddress: 127.0.0.1:2393, moz:geckodriverVersion: 0.35.0, moz:headless: false, moz:platformVersion: 24.3.0, moz:processID: 60018, moz:profile: /var/folders/sd/624vnc_j4s7..., moz:shutdownTimeout: 60000, moz:webdriverClick: true, moz:windowless: false, pageLoadStrategy: normal, platformName: mac, proxy: Proxy(), se:cdp: ws://127.0.0.1:2393/devtool..., se:cdpVersion: 85.0, setWindowRect: true, strictFileInteractability: false, timeouts: {implicit: 0, pageLoad: 300000, script: 30000}, unhandledPromptBehavior: dismiss and notify, userAgent: Mozilla/5.0 (Macintosh; Int...}
Element: [[FirefoxDriver: firefox on mac (ad47a841-aca4-4fee-ae1c-714e2c993655)] -&amp;gt; xpath: //a[normalize-space()=&amp;apos;HP LP3065&amp;apos;]]
Session ID: ad47a841-aca4-4fee-ae1c-714e2c993655">
      <![CDATA[java.lang.AssertionError: Test encountered an unexpected error: Element <a href="https://tutorialsninja.com/demo/index.php?route=product/product&product_id=47"> could not be scrolled into view
Build info: version: '4.28.1', revision: '73f5ad48a2'
System info: os.name: 'Mac OS X', os.arch: 'aarch64', os.version: '15.3', java.version: '23.0.1'
Driver info: org.openqa.selenium.firefox.FirefoxDriver
Command: [ad47a841-aca4-4fee-ae1c-714e2c993655, clickElement {id=a3661ab6-dd5d-48c3-8fb1-799abd172aba}]
Capabilities {acceptInsecureCerts: true, browserName: firefox, browserVersion: 135.0.1, moz:accessibilityChecks: false, moz:buildID: 20250216192613, moz:debuggerAddress: 127.0.0.1:2393, moz:geckodriverVersion: 0.35.0, moz:headless: false, moz:platformVersion: 24.3.0, moz:processID: 60018, moz:profile: /var/folders/sd/624vnc_j4s7..., moz:shutdownTimeout: 60000, moz:webdriverClick: true, moz:windowless: false, pageLoadStrategy: normal, platformName: mac, proxy: Proxy(), se:cdp: ws://127.0.0.1:2393/devtool..., se:cdpVersion: 85.0, setWindowRect: true, strictFileInteractability: false, timeouts: {implicit: 0, pageLoad: 300000, script: 30000}, unhandledPromptBehavior: dismiss and notify, userAgent: Mozilla/5.0 (Macintosh; Int...}
Element: [[FirefoxDriver: firefox on mac (ad47a841-aca4-4fee-ae1c-714e2c993655)] -> xpath: //a[normalize-space()='HP LP3065']]
Session ID: ad47a841-aca4-4fee-ae1c-714e2c993655
at testCases.TC04_CompletePurchase.testCompletePurchase(TC04_CompletePurchase.java:72)
at java.base/java.util.ArrayList.forEach(ArrayList.java:1597)
at java.base/java.util.concurrent.FutureTask.run(FutureTask.java:317)
at java.base/java.util.concurrent.ThreadPoolExecutor.runWorker(ThreadPoolExecutor.java:1144)
at java.base/java.util.concurrent.ThreadPoolExecutor$Worker.run(ThreadPoolExecutor.java:642)
at java.base/java.lang.Thread.run(Thread.java:1575)
... Removed 16 stack frames]]>
    </failure>
  </testcase> <!-- testCompletePurchase -->
</testsuite> <!-- firefoxTest -->
