2025-02-18 10:23:19 DEBUG TestNG:82 - suiteXmlPath: "/Users/bindu/eclipse-workspace/NinjaV6/testng.xml"
2025-02-18 10:23:19 INFO  BaseClass:46 - Starting Test Execution - OS: windows, Browser: edge
2025-02-18 10:23:19 INFO  BaseClass:46 - Starting Test Execution - OS: windows, Browser: firefox
2025-02-18 10:23:19 INFO  BaseClass:46 - Starting Test Execution - OS: windows, Browser: chrome
2025-02-18 10:23:19 DEBUG BaseClass:53 - Successfully loaded config.properties file.
2025-02-18 10:23:19 DEBUG BaseClass:53 - Successfully loaded config.properties file.
2025-02-18 10:23:19 DEBUG BaseClass:53 - Successfully loaded config.properties file.
2025-02-18 10:23:19 INFO  BaseClass:107 - Launching Firefox Browser
2025-02-18 10:23:19 INFO  BaseClass:103 - Launching Edge Browser
2025-02-18 10:23:19 INFO  BaseClass:99 - Launching Chrome Browser
2025-02-18 10:23:23 DEBUG BaseClass:116 - WebDriver instance set successfully.
2025-02-18 10:23:25 INFO  BaseClass:124 - Successfully launched application URL: https://tutorialsninja.com/demo/
2025-02-18 10:23:25 INFO  TC01_LaunchApplication:18 - Starting test: testLaunchApplication
2025-02-18 10:23:25 DEBUG TC01_LaunchApplication:26 - Navigating to HomePage
2025-02-18 10:23:25 DEBUG TC01_LaunchApplication:29 - Verifying homepage confirmation message.
2025-02-18 10:23:25 INFO  TC01_LaunchApplication:31 - Received homepage confirmation message: Qafox.com
2025-02-18 10:23:25 INFO  TC01_LaunchApplication:35 - Homepage confirmation message matched expected value.
2025-02-18 10:23:25 INFO  TC01_LaunchApplication:46 - Test execution completed: testLaunchApplication
2025-02-18 10:23:25 INFO  BaseClass:136 - Closing browser...
2025-02-18 10:23:26 INFO  BaseClass:139 - Browser closed and WebDriver instance removed.
2025-02-18 10:23:26 INFO  BaseClass:46 - Starting Test Execution - OS: windows, Browser: chrome
2025-02-18 10:23:26 DEBUG BaseClass:53 - Successfully loaded config.properties file.
2025-02-18 10:23:26 INFO  BaseClass:99 - Launching Chrome Browser
2025-02-18 10:23:29 DEBUG BaseClass:116 - WebDriver instance set successfully.
2025-02-18 10:23:32 INFO  BaseClass:124 - Successfully launched application URL: https://tutorialsninja.com/demo/
2025-02-18 10:23:32 INFO  TC06_PurchaseAGiftCertificate:18 - Starting test: testPurchaseAGiftCertificate
2025-02-18 10:23:32 DEBUG TC06_PurchaseAGiftCertificate:26 - Navigating to HomePage and clicking Gift Certificate link.
2025-02-18 10:23:32 DEBUG TC06_PurchaseAGiftCertificate:30 - Filling out gift certificate details.
2025-02-18 10:23:33 DEBUG TC06_PurchaseAGiftCertificate:38 - Verifying purchase confirmation message.
2025-02-18 10:23:33 INFO  TC06_PurchaseAGiftCertificate:40 - Purchase success message status: true
2025-02-18 10:23:33 INFO  TC06_PurchaseAGiftCertificate:44 - Gift certificate successfully purchased.
2025-02-18 10:23:33 INFO  TC06_PurchaseAGiftCertificate:55 - Test execution completed: testPurchaseAGiftCertificate
2025-02-18 10:23:33 INFO  BaseClass:136 - Closing browser...
2025-02-18 10:23:33 INFO  BaseClass:139 - Browser closed and WebDriver instance removed.
2025-02-18 10:23:33 INFO  BaseClass:46 - Starting Test Execution - OS: windows, Browser: chrome
2025-02-18 10:23:33 DEBUG BaseClass:53 - Successfully loaded config.properties file.
2025-02-18 10:23:33 INFO  BaseClass:99 - Launching Chrome Browser
2025-02-18 10:23:34 DEBUG BaseClass:116 - WebDriver instance set successfully.
2025-02-18 10:23:34 DEBUG BaseClass:116 - WebDriver instance set successfully.
2025-02-18 10:23:35 DEBUG BaseClass:116 - WebDriver instance set successfully.
2025-02-18 10:23:37 INFO  BaseClass:124 - Successfully launched application URL: https://tutorialsninja.com/demo/
2025-02-18 10:23:37 INFO  TC01_LaunchApplication:18 - Starting test: testLaunchApplication
2025-02-18 10:23:37 DEBUG TC01_LaunchApplication:26 - Navigating to HomePage
2025-02-18 10:23:37 DEBUG TC01_LaunchApplication:29 - Verifying homepage confirmation message.
2025-02-18 10:23:37 INFO  TC01_LaunchApplication:31 - Received homepage confirmation message: Qafox.com
2025-02-18 10:23:37 INFO  TC01_LaunchApplication:35 - Homepage confirmation message matched expected value.
2025-02-18 10:23:37 INFO  TC01_LaunchApplication:46 - Test execution completed: testLaunchApplication
2025-02-18 10:23:37 INFO  BaseClass:136 - Closing browser...
2025-02-18 10:23:38 INFO  BaseClass:124 - Successfully launched application URL: https://tutorialsninja.com/demo/
2025-02-18 10:23:38 INFO  TC03_AddToCart:19 - Starting test: testAddToCart
2025-02-18 10:23:38 DEBUG TC03_AddToCart:27 - Navigating to HomePage and selecting Laptops & Notebooks category.
2025-02-18 10:23:38 INFO  BaseClass:124 - Successfully launched application URL: https://tutorialsninja.com/demo/
2025-02-18 10:23:38 INFO  TC01_LaunchApplication:18 - Starting test: testLaunchApplication
2025-02-18 10:23:38 DEBUG TC01_LaunchApplication:26 - Navigating to HomePage
2025-02-18 10:23:38 DEBUG TC01_LaunchApplication:29 - Verifying homepage confirmation message.
2025-02-18 10:23:38 INFO  TC01_LaunchApplication:31 - Received homepage confirmation message: Qafox.com
2025-02-18 10:23:38 INFO  TC01_LaunchApplication:35 - Homepage confirmation message matched expected value.
2025-02-18 10:23:38 INFO  TC01_LaunchApplication:46 - Test execution completed: testLaunchApplication
2025-02-18 10:23:38 INFO  BaseClass:136 - Closing browser...
2025-02-18 10:23:38 DEBUG TC03_AddToCart:31 - Selecting a product from the category.
2025-02-18 10:23:39 INFO  BaseClass:139 - Browser closed and WebDriver instance removed.
2025-02-18 10:23:39 INFO  BaseClass:46 - Starting Test Execution - OS: windows, Browser: edge
2025-02-18 10:23:39 DEBUG BaseClass:53 - Successfully loaded config.properties file.
2025-02-18 10:23:39 INFO  BaseClass:103 - Launching Edge Browser
2025-02-18 10:23:39 DEBUG TC03_AddToCart:35 - Setting up delivery date and adding product to cart.
2025-02-18 10:23:39 INFO  BaseClass:139 - Browser closed and WebDriver instance removed.
2025-02-18 10:23:39 INFO  BaseClass:46 - Starting Test Execution - OS: windows, Browser: firefox
2025-02-18 10:23:39 DEBUG BaseClass:53 - Successfully loaded config.properties file.
2025-02-18 10:23:39 INFO  BaseClass:107 - Launching Firefox Browser
2025-02-18 10:23:39 DEBUG TC03_AddToCart:40 - Validating success message.
2025-02-18 10:23:39 INFO  TC03_AddToCart:42 - Success message status: true
2025-02-18 10:23:39 INFO  TC03_AddToCart:46 - Product successfully added to cart.
2025-02-18 10:23:39 INFO  TC03_AddToCart:57 - Test execution completed: testAddToCart
2025-02-18 10:23:39 INFO  BaseClass:136 - Closing browser...
2025-02-18 10:23:40 INFO  BaseClass:139 - Browser closed and WebDriver instance removed.
2025-02-18 10:23:40 INFO  BaseClass:46 - Starting Test Execution - OS: windows, Browser: chrome
2025-02-18 10:23:40 DEBUG BaseClass:53 - Successfully loaded config.properties file.
2025-02-18 10:23:40 INFO  BaseClass:99 - Launching Chrome Browser
2025-02-18 10:23:40 DEBUG BaseClass:116 - WebDriver instance set successfully.
2025-02-18 10:23:41 DEBUG BaseClass:116 - WebDriver instance set successfully.
2025-02-18 10:23:41 DEBUG BaseClass:116 - WebDriver instance set successfully.
2025-02-18 10:23:43 INFO  BaseClass:124 - Successfully launched application URL: https://tutorialsninja.com/demo/
2025-02-18 10:23:43 INFO  TC06_PurchaseAGiftCertificate:18 - Starting test: testPurchaseAGiftCertificate
2025-02-18 10:23:43 DEBUG TC06_PurchaseAGiftCertificate:26 - Navigating to HomePage and clicking Gift Certificate link.
2025-02-18 10:23:43 INFO  BaseClass:124 - Successfully launched application URL: https://tutorialsninja.com/demo/
2025-02-18 10:23:43 DEBUG TC06_PurchaseAGiftCertificate:30 - Filling out gift certificate details.
2025-02-18 10:23:43 DEBUG PackageRelationshipCollection:307 - Parsing relationship: /xl/_rels/workbook.xml.rels
2025-02-18 10:23:43 DEBUG PackageRelationshipCollection:307 - Parsing relationship: /xl/worksheets/_rels/sheet1.xml.rels
2025-02-18 10:23:43 DEBUG PackageRelationshipCollection:307 - Parsing relationship: /_rels/.rels
2025-02-18 10:23:44 DEBUG POIXMLFactory:65 - using default POIXMLDocumentPart for http://schemas.openxmlformats.org/officeDocument/2006/relationships/printerSettings
2025-02-18 10:23:44 DEBUG PackageRelationshipCollection:307 - Parsing relationship: /xl/_rels/workbook.xml.rels
2025-02-18 10:23:44 DEBUG PackageRelationshipCollection:307 - Parsing relationship: /xl/worksheets/_rels/sheet1.xml.rels
2025-02-18 10:23:44 DEBUG PackageRelationshipCollection:307 - Parsing relationship: /_rels/.rels
2025-02-18 10:23:44 DEBUG POIXMLFactory:65 - using default POIXMLDocumentPart for http://schemas.openxmlformats.org/officeDocument/2006/relationships/printerSettings
2025-02-18 10:23:44 DEBUG PackageRelationshipCollection:307 - Parsing relationship: /xl/_rels/workbook.xml.rels
2025-02-18 10:23:44 DEBUG PackageRelationshipCollection:307 - Parsing relationship: /xl/worksheets/_rels/sheet1.xml.rels
2025-02-18 10:23:44 DEBUG PackageRelationshipCollection:307 - Parsing relationship: /_rels/.rels
2025-02-18 10:23:44 DEBUG POIXMLFactory:65 - using default POIXMLDocumentPart for http://schemas.openxmlformats.org/officeDocument/2006/relationships/printerSettings
2025-02-18 10:23:44 DEBUG PackageRelationshipCollection:307 - Parsing relationship: /xl/_rels/workbook.xml.rels
2025-02-18 10:23:44 DEBUG PackageRelationshipCollection:307 - Parsing relationship: /xl/worksheets/_rels/sheet1.xml.rels
2025-02-18 10:23:44 DEBUG PackageRelationshipCollection:307 - Parsing relationship: /_rels/.rels
2025-02-18 10:23:44 DEBUG POIXMLFactory:65 - using default POIXMLDocumentPart for http://schemas.openxmlformats.org/officeDocument/2006/relationships/printerSettings
2025-02-18 10:23:44 DEBUG PackageRelationshipCollection:307 - Parsing relationship: /xl/_rels/workbook.xml.rels
2025-02-18 10:23:44 DEBUG PackageRelationshipCollection:307 - Parsing relationship: /xl/worksheets/_rels/sheet1.xml.rels
2025-02-18 10:23:44 DEBUG PackageRelationshipCollection:307 - Parsing relationship: /_rels/.rels
2025-02-18 10:23:44 DEBUG POIXMLFactory:65 - using default POIXMLDocumentPart for http://schemas.openxmlformats.org/officeDocument/2006/relationships/printerSettings
2025-02-18 10:23:44 DEBUG PackageRelationshipCollection:307 - Parsing relationship: /xl/_rels/workbook.xml.rels
2025-02-18 10:23:44 DEBUG PackageRelationshipCollection:307 - Parsing relationship: /xl/worksheets/_rels/sheet1.xml.rels
2025-02-18 10:23:44 DEBUG PackageRelationshipCollection:307 - Parsing relationship: /_rels/.rels
2025-02-18 10:23:44 DEBUG POIXMLFactory:65 - using default POIXMLDocumentPart for http://schemas.openxmlformats.org/officeDocument/2006/relationships/printerSettings
2025-02-18 10:23:44 DEBUG PackageRelationshipCollection:307 - Parsing relationship: /xl/_rels/workbook.xml.rels
2025-02-18 10:23:44 DEBUG PackageRelationshipCollection:307 - Parsing relationship: /xl/worksheets/_rels/sheet1.xml.rels
2025-02-18 10:23:44 DEBUG PackageRelationshipCollection:307 - Parsing relationship: /_rels/.rels
2025-02-18 10:23:44 DEBUG POIXMLFactory:65 - using default POIXMLDocumentPart for http://schemas.openxmlformats.org/officeDocument/2006/relationships/printerSettings
2025-02-18 10:23:44 DEBUG PackageRelationshipCollection:307 - Parsing relationship: /xl/_rels/workbook.xml.rels
2025-02-18 10:23:44 DEBUG PackageRelationshipCollection:307 - Parsing relationship: /xl/worksheets/_rels/sheet1.xml.rels
2025-02-18 10:23:44 DEBUG PackageRelationshipCollection:307 - Parsing relationship: /_rels/.rels
2025-02-18 10:23:44 DEBUG POIXMLFactory:65 - using default POIXMLDocumentPart for http://schemas.openxmlformats.org/officeDocument/2006/relationships/printerSettings
2025-02-18 10:23:44 DEBUG PackageRelationshipCollection:307 - Parsing relationship: /xl/_rels/workbook.xml.rels
2025-02-18 10:23:44 DEBUG PackageRelationshipCollection:307 - Parsing relationship: /xl/worksheets/_rels/sheet1.xml.rels
2025-02-18 10:23:44 DEBUG PackageRelationshipCollection:307 - Parsing relationship: /_rels/.rels
2025-02-18 10:23:44 DEBUG POIXMLFactory:65 - using default POIXMLDocumentPart for http://schemas.openxmlformats.org/officeDocument/2006/relationships/printerSettings
2025-02-18 10:23:44 DEBUG PackageRelationshipCollection:307 - Parsing relationship: /xl/_rels/workbook.xml.rels
2025-02-18 10:23:44 DEBUG PackageRelationshipCollection:307 - Parsing relationship: /xl/worksheets/_rels/sheet1.xml.rels
2025-02-18 10:23:44 DEBUG PackageRelationshipCollection:307 - Parsing relationship: /_rels/.rels
2025-02-18 10:23:44 DEBUG POIXMLFactory:65 - using default POIXMLDocumentPart for http://schemas.openxmlformats.org/officeDocument/2006/relationships/printerSettings
2025-02-18 10:23:44 DEBUG PackageRelationshipCollection:307 - Parsing relationship: /xl/_rels/workbook.xml.rels
2025-02-18 10:23:44 DEBUG PackageRelationshipCollection:307 - Parsing relationship: /xl/worksheets/_rels/sheet1.xml.rels
2025-02-18 10:23:44 DEBUG PackageRelationshipCollection:307 - Parsing relationship: /_rels/.rels
2025-02-18 10:23:44 DEBUG POIXMLFactory:65 - using default POIXMLDocumentPart for http://schemas.openxmlformats.org/officeDocument/2006/relationships/printerSettings
2025-02-18 10:23:44 DEBUG PackageRelationshipCollection:307 - Parsing relationship: /xl/_rels/workbook.xml.rels
2025-02-18 10:23:44 DEBUG PackageRelationshipCollection:307 - Parsing relationship: /xl/worksheets/_rels/sheet1.xml.rels
2025-02-18 10:23:44 DEBUG PackageRelationshipCollection:307 - Parsing relationship: /_rels/.rels
2025-02-18 10:23:44 DEBUG POIXMLFactory:65 - using default POIXMLDocumentPart for http://schemas.openxmlformats.org/officeDocument/2006/relationships/printerSettings
2025-02-18 10:23:44 INFO  TC02_Login:24 - Starting test: testLogin with Email: goodmorning@gmail.com and Password: test@1234
2025-02-18 10:23:44 DEBUG TC02_Login:32 - Navigating to HomePage
2025-02-18 10:23:44 INFO  BaseClass:124 - Successfully launched application URL: https://tutorialsninja.com/demo/
2025-02-18 10:23:44 INFO  TC06_PurchaseAGiftCertificate:18 - Starting test: testPurchaseAGiftCertificate
2025-02-18 10:23:44 DEBUG TC06_PurchaseAGiftCertificate:26 - Navigating to HomePage and clicking Gift Certificate link.
2025-02-18 10:23:44 DEBUG TC02_Login:37 - Entering login credentials.
2025-02-18 10:23:44 DEBUG TC06_PurchaseAGiftCertificate:38 - Verifying purchase confirmation message.
2025-02-18 10:23:44 DEBUG TC06_PurchaseAGiftCertificate:30 - Filling out gift certificate details.
2025-02-18 10:23:44 INFO  TC06_PurchaseAGiftCertificate:40 - Purchase success message status: true
2025-02-18 10:23:44 INFO  TC06_PurchaseAGiftCertificate:44 - Gift certificate successfully purchased.
2025-02-18 10:23:44 INFO  TC06_PurchaseAGiftCertificate:55 - Test execution completed: testPurchaseAGiftCertificate
2025-02-18 10:23:44 INFO  BaseClass:136 - Closing browser...
2025-02-18 10:23:45 DEBUG TC02_Login:43 - Verifying login success.
2025-02-18 10:23:45 INFO  TC02_Login:46 - Login success status: true
2025-02-18 10:23:45 INFO  TC02_Login:50 - Login verification passed.
2025-02-18 10:23:45 DEBUG TC06_PurchaseAGiftCertificate:38 - Verifying purchase confirmation message.
2025-02-18 10:23:45 INFO  TC06_PurchaseAGiftCertificate:40 - Purchase success message status: true
2025-02-18 10:23:45 INFO  TC06_PurchaseAGiftCertificate:44 - Gift certificate successfully purchased.
2025-02-18 10:23:45 INFO  TC06_PurchaseAGiftCertificate:55 - Test execution completed: testPurchaseAGiftCertificate
2025-02-18 10:23:45 INFO  BaseClass:136 - Closing browser...
2025-02-18 10:23:45 INFO  BaseClass:139 - Browser closed and WebDriver instance removed.
2025-02-18 10:23:45 INFO  BaseClass:46 - Starting Test Execution - OS: windows, Browser: edge
2025-02-18 10:23:45 DEBUG BaseClass:53 - Successfully loaded config.properties file.
2025-02-18 10:23:45 INFO  BaseClass:103 - Launching Edge Browser
2025-02-18 10:23:46 INFO  TC02_Login:55 - User logged out successfully.
2025-02-18 10:23:46 INFO  TC02_Login:67 - Test execution completed: testLogin
2025-02-18 10:23:46 INFO  TC02_Login:24 - Starting test: testLogin with Email: test121@test.com and Password: test123
2025-02-18 10:23:46 DEBUG TC02_Login:32 - Navigating to HomePage
2025-02-18 10:23:46 DEBUG TC02_Login:37 - Entering login credentials.
2025-02-18 10:23:46 INFO  BaseClass:139 - Browser closed and WebDriver instance removed.
2025-02-18 10:23:46 INFO  BaseClass:46 - Starting Test Execution - OS: windows, Browser: firefox
2025-02-18 10:23:46 DEBUG BaseClass:53 - Successfully loaded config.properties file.
2025-02-18 10:23:46 INFO  BaseClass:107 - Launching Firefox Browser
2025-02-18 10:23:47 DEBUG TC02_Login:43 - Verifying login success.
2025-02-18 10:23:47 INFO  TC02_Login:46 - Login success status: true
2025-02-18 10:23:47 INFO  TC02_Login:50 - Login verification passed.
2025-02-18 10:23:48 INFO  TC02_Login:55 - User logged out successfully.
2025-02-18 10:23:48 INFO  TC02_Login:67 - Test execution completed: testLogin
2025-02-18 10:23:48 INFO  TC02_Login:24 - Starting test: testLogin with Email: sid@cloudberry.services and Password: Test123
2025-02-18 10:23:48 DEBUG TC02_Login:32 - Navigating to HomePage
2025-02-18 10:23:48 DEBUG TC02_Login:37 - Entering login credentials.
2025-02-18 10:23:49 DEBUG BaseClass:116 - WebDriver instance set successfully.
2025-02-18 10:23:49 DEBUG TC02_Login:43 - Verifying login success.
2025-02-18 10:23:49 INFO  TC02_Login:46 - Login success status: true
2025-02-18 10:23:49 INFO  TC02_Login:50 - Login verification passed.
2025-02-18 10:23:50 INFO  TC02_Login:55 - User logged out successfully.
2025-02-18 10:23:50 INFO  TC02_Login:67 - Test execution completed: testLogin
2025-02-18 10:23:50 INFO  TC02_Login:24 - Starting test: testLogin with Email: otisdog22@yahoo.com and Password: 1234QWERT
2025-02-18 10:23:50 DEBUG TC02_Login:32 - Navigating to HomePage
2025-02-18 10:23:50 DEBUG BaseClass:116 - WebDriver instance set successfully.
2025-02-18 10:23:50 DEBUG TC02_Login:37 - Entering login credentials.
2025-02-18 10:23:51 DEBUG TC02_Login:43 - Verifying login success.
2025-02-18 10:23:51 INFO  TC02_Login:46 - Login success status: true
2025-02-18 10:23:51 INFO  TC02_Login:50 - Login verification passed.
2025-02-18 10:23:51 INFO  BaseClass:124 - Successfully launched application URL: https://tutorialsninja.com/demo/
2025-02-18 10:23:51 INFO  TC03_AddToCart:19 - Starting test: testAddToCart
2025-02-18 10:23:51 DEBUG TC03_AddToCart:27 - Navigating to HomePage and selecting Laptops & Notebooks category.
2025-02-18 10:23:52 INFO  TC02_Login:55 - User logged out successfully.
2025-02-18 10:23:52 INFO  TC02_Login:67 - Test execution completed: testLogin
2025-02-18 10:23:52 INFO  TC02_Login:24 - Starting test: testLogin with Email: shalaka.dongre@gmail.com and Password: Test123!
2025-02-18 10:23:52 DEBUG TC02_Login:32 - Navigating to HomePage
2025-02-18 10:23:52 DEBUG TC02_Login:37 - Entering login credentials.
2025-02-18 10:23:52 DEBUG TC03_AddToCart:31 - Selecting a product from the category.
2025-02-18 10:23:52 INFO  BaseClass:124 - Successfully launched application URL: https://tutorialsninja.com/demo/
2025-02-18 10:23:52 INFO  TC03_AddToCart:19 - Starting test: testAddToCart
2025-02-18 10:23:52 DEBUG TC03_AddToCart:27 - Navigating to HomePage and selecting Laptops & Notebooks category.
2025-02-18 10:23:53 DEBUG TC02_Login:43 - Verifying login success.
2025-02-18 10:23:53 INFO  TC02_Login:46 - Login success status: true
2025-02-18 10:23:53 INFO  TC02_Login:50 - Login verification passed.
2025-02-18 10:23:53 DEBUG TC03_AddToCart:35 - Setting up delivery date and adding product to cart.
2025-02-18 10:23:53 DEBUG TC03_AddToCart:40 - Validating success message.
2025-02-18 10:23:53 DEBUG TC03_AddToCart:31 - Selecting a product from the category.
2025-02-18 10:23:53 INFO  TC03_AddToCart:42 - Success message status: true
2025-02-18 10:23:53 INFO  TC03_AddToCart:46 - Product successfully added to cart.
2025-02-18 10:23:53 INFO  TC03_AddToCart:57 - Test execution completed: testAddToCart
2025-02-18 10:23:53 INFO  BaseClass:136 - Closing browser...
2025-02-18 10:23:53 INFO  TC02_Login:55 - User logged out successfully.
2025-02-18 10:23:53 INFO  TC02_Login:67 - Test execution completed: testLogin
2025-02-18 10:23:53 INFO  BaseClass:136 - Closing browser...
2025-02-18 10:23:53 INFO  BaseClass:139 - Browser closed and WebDriver instance removed.
2025-02-18 10:23:53 INFO  BaseClass:46 - Starting Test Execution - OS: windows, Browser: chrome
2025-02-18 10:23:53 DEBUG BaseClass:53 - Successfully loaded config.properties file.
2025-02-18 10:23:53 INFO  BaseClass:99 - Launching Chrome Browser
2025-02-18 10:23:54 DEBUG TC03_AddToCart:35 - Setting up delivery date and adding product to cart.
2025-02-18 10:23:54 DEBUG TC03_AddToCart:40 - Validating success message.
2025-02-18 10:23:54 INFO  TC03_AddToCart:42 - Success message status: true
2025-02-18 10:23:54 INFO  TC03_AddToCart:46 - Product successfully added to cart.
2025-02-18 10:23:54 INFO  TC03_AddToCart:57 - Test execution completed: testAddToCart
2025-02-18 10:23:54 INFO  BaseClass:136 - Closing browser...
2025-02-18 10:23:54 INFO  BaseClass:139 - Browser closed and WebDriver instance removed.
2025-02-18 10:23:54 INFO  BaseClass:46 - Starting Test Execution - OS: windows, Browser: edge
2025-02-18 10:23:54 DEBUG BaseClass:53 - Successfully loaded config.properties file.
2025-02-18 10:23:54 INFO  BaseClass:103 - Launching Edge Browser
2025-02-18 10:23:55 INFO  BaseClass:139 - Browser closed and WebDriver instance removed.
2025-02-18 10:23:55 INFO  BaseClass:46 - Starting Test Execution - OS: windows, Browser: firefox
2025-02-18 10:23:55 DEBUG BaseClass:53 - Successfully loaded config.properties file.
2025-02-18 10:23:55 INFO  BaseClass:107 - Launching Firefox Browser
2025-02-18 10:23:55 DEBUG BaseClass:116 - WebDriver instance set successfully.
2025-02-18 10:23:56 DEBUG BaseClass:116 - WebDriver instance set successfully.
2025-02-18 10:23:57 DEBUG BaseClass:116 - WebDriver instance set successfully.
2025-02-18 10:23:58 INFO  BaseClass:124 - Successfully launched application URL: https://tutorialsninja.com/demo/
2025-02-18 10:23:58 INFO  TC05_AddAnItemToWishList:19 - Starting test: testAddToWishList
2025-02-18 10:23:58 DEBUG TC05_AddAnItemToWishList:27 - Navigating to HomePage and selecting Laptops & Notebooks category.
2025-02-18 10:23:58 INFO  BaseClass:124 - Successfully launched application URL: https://tutorialsninja.com/demo/
2025-02-18 10:23:58 DEBUG PackageRelationshipCollection:307 - Parsing relationship: /xl/_rels/workbook.xml.rels
2025-02-18 10:23:58 DEBUG PackageRelationshipCollection:307 - Parsing relationship: /xl/worksheets/_rels/sheet1.xml.rels
2025-02-18 10:23:58 DEBUG PackageRelationshipCollection:307 - Parsing relationship: /_rels/.rels
2025-02-18 10:23:58 DEBUG POIXMLFactory:65 - using default POIXMLDocumentPart for http://schemas.openxmlformats.org/officeDocument/2006/relationships/printerSettings
2025-02-18 10:23:58 DEBUG PackageRelationshipCollection:307 - Parsing relationship: /xl/_rels/workbook.xml.rels
2025-02-18 10:23:58 DEBUG PackageRelationshipCollection:307 - Parsing relationship: /xl/worksheets/_rels/sheet1.xml.rels
2025-02-18 10:23:58 DEBUG PackageRelationshipCollection:307 - Parsing relationship: /_rels/.rels
2025-02-18 10:23:58 DEBUG POIXMLFactory:65 - using default POIXMLDocumentPart for http://schemas.openxmlformats.org/officeDocument/2006/relationships/printerSettings
2025-02-18 10:23:58 DEBUG PackageRelationshipCollection:307 - Parsing relationship: /xl/_rels/workbook.xml.rels
2025-02-18 10:23:58 DEBUG PackageRelationshipCollection:307 - Parsing relationship: /xl/worksheets/_rels/sheet1.xml.rels
2025-02-18 10:23:58 DEBUG PackageRelationshipCollection:307 - Parsing relationship: /_rels/.rels
2025-02-18 10:23:58 DEBUG POIXMLFactory:65 - using default POIXMLDocumentPart for http://schemas.openxmlformats.org/officeDocument/2006/relationships/printerSettings
2025-02-18 10:23:58 DEBUG PackageRelationshipCollection:307 - Parsing relationship: /xl/_rels/workbook.xml.rels
2025-02-18 10:23:58 DEBUG PackageRelationshipCollection:307 - Parsing relationship: /xl/worksheets/_rels/sheet1.xml.rels
2025-02-18 10:23:58 DEBUG PackageRelationshipCollection:307 - Parsing relationship: /_rels/.rels
2025-02-18 10:23:58 DEBUG POIXMLFactory:65 - using default POIXMLDocumentPart for http://schemas.openxmlformats.org/officeDocument/2006/relationships/printerSettings
2025-02-18 10:23:58 DEBUG PackageRelationshipCollection:307 - Parsing relationship: /xl/_rels/workbook.xml.rels
2025-02-18 10:23:58 DEBUG PackageRelationshipCollection:307 - Parsing relationship: /xl/worksheets/_rels/sheet1.xml.rels
2025-02-18 10:23:58 DEBUG PackageRelationshipCollection:307 - Parsing relationship: /_rels/.rels
2025-02-18 10:23:58 DEBUG POIXMLFactory:65 - using default POIXMLDocumentPart for http://schemas.openxmlformats.org/officeDocument/2006/relationships/printerSettings
2025-02-18 10:23:58 DEBUG PackageRelationshipCollection:307 - Parsing relationship: /xl/_rels/workbook.xml.rels
2025-02-18 10:23:58 DEBUG PackageRelationshipCollection:307 - Parsing relationship: /xl/worksheets/_rels/sheet1.xml.rels
2025-02-18 10:23:58 DEBUG PackageRelationshipCollection:307 - Parsing relationship: /_rels/.rels
2025-02-18 10:23:58 DEBUG POIXMLFactory:65 - using default POIXMLDocumentPart for http://schemas.openxmlformats.org/officeDocument/2006/relationships/printerSettings
2025-02-18 10:23:58 DEBUG PackageRelationshipCollection:307 - Parsing relationship: /xl/_rels/workbook.xml.rels
2025-02-18 10:23:58 DEBUG PackageRelationshipCollection:307 - Parsing relationship: /xl/worksheets/_rels/sheet1.xml.rels
2025-02-18 10:23:58 DEBUG PackageRelationshipCollection:307 - Parsing relationship: /_rels/.rels
2025-02-18 10:23:58 DEBUG POIXMLFactory:65 - using default POIXMLDocumentPart for http://schemas.openxmlformats.org/officeDocument/2006/relationships/printerSettings
2025-02-18 10:23:58 DEBUG PackageRelationshipCollection:307 - Parsing relationship: /xl/_rels/workbook.xml.rels
2025-02-18 10:23:58 DEBUG PackageRelationshipCollection:307 - Parsing relationship: /xl/worksheets/_rels/sheet1.xml.rels
2025-02-18 10:23:58 DEBUG PackageRelationshipCollection:307 - Parsing relationship: /_rels/.rels
2025-02-18 10:23:58 DEBUG POIXMLFactory:65 - using default POIXMLDocumentPart for http://schemas.openxmlformats.org/officeDocument/2006/relationships/printerSettings
2025-02-18 10:23:58 DEBUG PackageRelationshipCollection:307 - Parsing relationship: /xl/_rels/workbook.xml.rels
2025-02-18 10:23:58 DEBUG PackageRelationshipCollection:307 - Parsing relationship: /xl/worksheets/_rels/sheet1.xml.rels
2025-02-18 10:23:58 DEBUG PackageRelationshipCollection:307 - Parsing relationship: /_rels/.rels
2025-02-18 10:23:58 DEBUG POIXMLFactory:65 - using default POIXMLDocumentPart for http://schemas.openxmlformats.org/officeDocument/2006/relationships/printerSettings
2025-02-18 10:23:58 DEBUG PackageRelationshipCollection:307 - Parsing relationship: /xl/_rels/workbook.xml.rels
2025-02-18 10:23:58 DEBUG PackageRelationshipCollection:307 - Parsing relationship: /xl/worksheets/_rels/sheet1.xml.rels
2025-02-18 10:23:58 DEBUG PackageRelationshipCollection:307 - Parsing relationship: /_rels/.rels
2025-02-18 10:23:58 DEBUG POIXMLFactory:65 - using default POIXMLDocumentPart for http://schemas.openxmlformats.org/officeDocument/2006/relationships/printerSettings
2025-02-18 10:23:58 DEBUG PackageRelationshipCollection:307 - Parsing relationship: /xl/_rels/workbook.xml.rels
2025-02-18 10:23:58 DEBUG PackageRelationshipCollection:307 - Parsing relationship: /xl/worksheets/_rels/sheet1.xml.rels
2025-02-18 10:23:58 DEBUG PackageRelationshipCollection:307 - Parsing relationship: /_rels/.rels
2025-02-18 10:23:58 DEBUG POIXMLFactory:65 - using default POIXMLDocumentPart for http://schemas.openxmlformats.org/officeDocument/2006/relationships/printerSettings
2025-02-18 10:23:58 DEBUG PackageRelationshipCollection:307 - Parsing relationship: /xl/_rels/workbook.xml.rels
2025-02-18 10:23:58 DEBUG PackageRelationshipCollection:307 - Parsing relationship: /xl/worksheets/_rels/sheet1.xml.rels
2025-02-18 10:23:58 DEBUG PackageRelationshipCollection:307 - Parsing relationship: /_rels/.rels
2025-02-18 10:23:58 DEBUG POIXMLFactory:65 - using default POIXMLDocumentPart for http://schemas.openxmlformats.org/officeDocument/2006/relationships/printerSettings
2025-02-18 10:23:58 INFO  TC02_Login:24 - Starting test: testLogin with Email: goodmorning@gmail.com and Password: test@1234
2025-02-18 10:23:58 DEBUG TC02_Login:32 - Navigating to HomePage
2025-02-18 10:23:58 DEBUG TC02_Login:37 - Entering login credentials.
2025-02-18 10:23:58 DEBUG TC05_AddAnItemToWishList:31 - Selecting a product from the category.
2025-02-18 10:23:59 DEBUG TC05_AddAnItemToWishList:35 - Adding product to the wishlist.
2025-02-18 10:23:59 DEBUG TC05_AddAnItemToWishList:39 - Verifying success message for adding to wishlist.
2025-02-18 10:23:59 INFO  TC05_AddAnItemToWishList:41 - Wishlist success message status: true
2025-02-18 10:23:59 INFO  TC05_AddAnItemToWishList:45 - Product successfully added to wishlist.
2025-02-18 10:23:59 INFO  TC05_AddAnItemToWishList:56 - Test execution completed: testAddToWishList
2025-02-18 10:23:59 INFO  BaseClass:136 - Closing browser...
2025-02-18 10:23:59 INFO  BaseClass:124 - Successfully launched application URL: https://tutorialsninja.com/demo/
2025-02-18 10:23:59 DEBUG PackageRelationshipCollection:307 - Parsing relationship: /xl/_rels/workbook.xml.rels
2025-02-18 10:23:59 DEBUG PackageRelationshipCollection:307 - Parsing relationship: /xl/worksheets/_rels/sheet1.xml.rels
2025-02-18 10:23:59 DEBUG PackageRelationshipCollection:307 - Parsing relationship: /_rels/.rels
2025-02-18 10:23:59 DEBUG POIXMLFactory:65 - using default POIXMLDocumentPart for http://schemas.openxmlformats.org/officeDocument/2006/relationships/printerSettings
2025-02-18 10:23:59 DEBUG PackageRelationshipCollection:307 - Parsing relationship: /xl/_rels/workbook.xml.rels
2025-02-18 10:23:59 DEBUG PackageRelationshipCollection:307 - Parsing relationship: /xl/worksheets/_rels/sheet1.xml.rels
2025-02-18 10:23:59 DEBUG PackageRelationshipCollection:307 - Parsing relationship: /_rels/.rels
2025-02-18 10:23:59 DEBUG POIXMLFactory:65 - using default POIXMLDocumentPart for http://schemas.openxmlformats.org/officeDocument/2006/relationships/printerSettings
2025-02-18 10:23:59 DEBUG PackageRelationshipCollection:307 - Parsing relationship: /xl/_rels/workbook.xml.rels
2025-02-18 10:23:59 DEBUG PackageRelationshipCollection:307 - Parsing relationship: /xl/worksheets/_rels/sheet1.xml.rels
2025-02-18 10:23:59 DEBUG PackageRelationshipCollection:307 - Parsing relationship: /_rels/.rels
2025-02-18 10:23:59 DEBUG POIXMLFactory:65 - using default POIXMLDocumentPart for http://schemas.openxmlformats.org/officeDocument/2006/relationships/printerSettings
2025-02-18 10:23:59 DEBUG PackageRelationshipCollection:307 - Parsing relationship: /xl/_rels/workbook.xml.rels
2025-02-18 10:23:59 DEBUG PackageRelationshipCollection:307 - Parsing relationship: /xl/worksheets/_rels/sheet1.xml.rels
2025-02-18 10:23:59 DEBUG PackageRelationshipCollection:307 - Parsing relationship: /_rels/.rels
2025-02-18 10:23:59 DEBUG POIXMLFactory:65 - using default POIXMLDocumentPart for http://schemas.openxmlformats.org/officeDocument/2006/relationships/printerSettings
2025-02-18 10:23:59 DEBUG PackageRelationshipCollection:307 - Parsing relationship: /xl/_rels/workbook.xml.rels
2025-02-18 10:23:59 DEBUG PackageRelationshipCollection:307 - Parsing relationship: /xl/worksheets/_rels/sheet1.xml.rels
2025-02-18 10:23:59 DEBUG PackageRelationshipCollection:307 - Parsing relationship: /_rels/.rels
2025-02-18 10:23:59 DEBUG POIXMLFactory:65 - using default POIXMLDocumentPart for http://schemas.openxmlformats.org/officeDocument/2006/relationships/printerSettings
2025-02-18 10:23:59 DEBUG PackageRelationshipCollection:307 - Parsing relationship: /xl/_rels/workbook.xml.rels
2025-02-18 10:23:59 DEBUG PackageRelationshipCollection:307 - Parsing relationship: /xl/worksheets/_rels/sheet1.xml.rels
2025-02-18 10:23:59 DEBUG PackageRelationshipCollection:307 - Parsing relationship: /_rels/.rels
2025-02-18 10:23:59 DEBUG POIXMLFactory:65 - using default POIXMLDocumentPart for http://schemas.openxmlformats.org/officeDocument/2006/relationships/printerSettings
2025-02-18 10:23:59 DEBUG PackageRelationshipCollection:307 - Parsing relationship: /xl/_rels/workbook.xml.rels
2025-02-18 10:23:59 DEBUG PackageRelationshipCollection:307 - Parsing relationship: /xl/worksheets/_rels/sheet1.xml.rels
2025-02-18 10:23:59 DEBUG PackageRelationshipCollection:307 - Parsing relationship: /_rels/.rels
2025-02-18 10:23:59 DEBUG POIXMLFactory:65 - using default POIXMLDocumentPart for http://schemas.openxmlformats.org/officeDocument/2006/relationships/printerSettings
2025-02-18 10:23:59 DEBUG PackageRelationshipCollection:307 - Parsing relationship: /xl/_rels/workbook.xml.rels
2025-02-18 10:23:59 DEBUG PackageRelationshipCollection:307 - Parsing relationship: /xl/worksheets/_rels/sheet1.xml.rels
2025-02-18 10:23:59 DEBUG PackageRelationshipCollection:307 - Parsing relationship: /_rels/.rels
2025-02-18 10:23:59 DEBUG POIXMLFactory:65 - using default POIXMLDocumentPart for http://schemas.openxmlformats.org/officeDocument/2006/relationships/printerSettings
2025-02-18 10:23:59 INFO  BaseClass:139 - Browser closed and WebDriver instance removed.
2025-02-18 10:23:59 INFO  BaseClass:46 - Starting Test Execution - OS: windows, Browser: chrome
2025-02-18 10:23:59 DEBUG BaseClass:53 - Successfully loaded config.properties file.
2025-02-18 10:23:59 INFO  BaseClass:99 - Launching Chrome Browser
2025-02-18 10:23:59 DEBUG PackageRelationshipCollection:307 - Parsing relationship: /xl/_rels/workbook.xml.rels
2025-02-18 10:23:59 DEBUG PackageRelationshipCollection:307 - Parsing relationship: /xl/worksheets/_rels/sheet1.xml.rels
2025-02-18 10:23:59 DEBUG PackageRelationshipCollection:307 - Parsing relationship: /_rels/.rels
2025-02-18 10:23:59 DEBUG POIXMLFactory:65 - using default POIXMLDocumentPart for http://schemas.openxmlformats.org/officeDocument/2006/relationships/printerSettings
2025-02-18 10:23:59 DEBUG PackageRelationshipCollection:307 - Parsing relationship: /xl/_rels/workbook.xml.rels
2025-02-18 10:23:59 DEBUG PackageRelationshipCollection:307 - Parsing relationship: /xl/worksheets/_rels/sheet1.xml.rels
2025-02-18 10:23:59 DEBUG PackageRelationshipCollection:307 - Parsing relationship: /_rels/.rels
2025-02-18 10:23:59 DEBUG POIXMLFactory:65 - using default POIXMLDocumentPart for http://schemas.openxmlformats.org/officeDocument/2006/relationships/printerSettings
2025-02-18 10:23:59 DEBUG PackageRelationshipCollection:307 - Parsing relationship: /xl/_rels/workbook.xml.rels
2025-02-18 10:23:59 DEBUG PackageRelationshipCollection:307 - Parsing relationship: /xl/worksheets/_rels/sheet1.xml.rels
2025-02-18 10:23:59 DEBUG PackageRelationshipCollection:307 - Parsing relationship: /_rels/.rels
2025-02-18 10:23:59 DEBUG POIXMLFactory:65 - using default POIXMLDocumentPart for http://schemas.openxmlformats.org/officeDocument/2006/relationships/printerSettings
2025-02-18 10:23:59 DEBUG PackageRelationshipCollection:307 - Parsing relationship: /xl/_rels/workbook.xml.rels
2025-02-18 10:23:59 DEBUG PackageRelationshipCollection:307 - Parsing relationship: /xl/worksheets/_rels/sheet1.xml.rels
2025-02-18 10:23:59 DEBUG PackageRelationshipCollection:307 - Parsing relationship: /_rels/.rels
2025-02-18 10:23:59 DEBUG POIXMLFactory:65 - using default POIXMLDocumentPart for http://schemas.openxmlformats.org/officeDocument/2006/relationships/printerSettings
2025-02-18 10:23:59 INFO  TC02_Login:24 - Starting test: testLogin with Email: goodmorning@gmail.com and Password: test@1234
2025-02-18 10:23:59 DEBUG TC02_Login:32 - Navigating to HomePage
2025-02-18 10:23:59 DEBUG TC02_Login:43 - Verifying login success.
2025-02-18 10:23:59 INFO  TC02_Login:46 - Login success status: true
2025-02-18 10:23:59 INFO  TC02_Login:50 - Login verification passed.
2025-02-18 10:24:00 DEBUG TC02_Login:37 - Entering login credentials.
2025-02-18 10:24:00 INFO  TC02_Login:55 - User logged out successfully.
2025-02-18 10:24:00 INFO  TC02_Login:67 - Test execution completed: testLogin
2025-02-18 10:24:00 INFO  TC02_Login:24 - Starting test: testLogin with Email: test121@test.com and Password: test123
2025-02-18 10:24:00 DEBUG TC02_Login:32 - Navigating to HomePage
2025-02-18 10:24:01 DEBUG TC02_Login:37 - Entering login credentials.
2025-02-18 10:24:01 DEBUG BaseClass:116 - WebDriver instance set successfully.
2025-02-18 10:24:01 DEBUG TC02_Login:43 - Verifying login success.
2025-02-18 10:24:01 INFO  TC02_Login:46 - Login success status: true
2025-02-18 10:24:01 INFO  TC02_Login:50 - Login verification passed.
2025-02-18 10:24:02 INFO  TC02_Login:55 - User logged out successfully.
2025-02-18 10:24:02 INFO  TC02_Login:67 - Test execution completed: testLogin
2025-02-18 10:24:02 INFO  TC02_Login:24 - Starting test: testLogin with Email: test121@test.com and Password: test123
2025-02-18 10:24:02 DEBUG TC02_Login:32 - Navigating to HomePage
2025-02-18 10:24:02 DEBUG TC02_Login:43 - Verifying login success.
2025-02-18 10:24:02 INFO  TC02_Login:46 - Login success status: true
2025-02-18 10:24:02 INFO  TC02_Login:50 - Login verification passed.
2025-02-18 10:24:02 DEBUG TC02_Login:37 - Entering login credentials.
2025-02-18 10:24:02 INFO  TC02_Login:55 - User logged out successfully.
2025-02-18 10:24:02 INFO  TC02_Login:67 - Test execution completed: testLogin
2025-02-18 10:24:02 INFO  TC02_Login:24 - Starting test: testLogin with Email: sid@cloudberry.services and Password: Test123
2025-02-18 10:24:02 DEBUG TC02_Login:32 - Navigating to HomePage
2025-02-18 10:24:03 DEBUG TC02_Login:37 - Entering login credentials.
2025-02-18 10:24:03 INFO  BaseClass:124 - Successfully launched application URL: https://tutorialsninja.com/demo/
2025-02-18 10:24:03 INFO  TC04_CompletePurchase:23 - Starting test: testCompletePurchase
2025-02-18 10:24:03 DEBUG TC04_CompletePurchase:31 - Navigating to HomePage and selecting Laptops & Notebooks category.
2025-02-18 10:24:03 DEBUG TC02_Login:43 - Verifying login success.
2025-02-18 10:24:03 INFO  TC02_Login:46 - Login success status: true
2025-02-18 10:24:03 INFO  TC02_Login:50 - Login verification passed.
2025-02-18 10:24:03 DEBUG TC04_CompletePurchase:35 - Selecting a product from the category.
2025-02-18 10:24:04 DEBUG TC02_Login:43 - Verifying login success.
2025-02-18 10:24:04 INFO  TC02_Login:46 - Login success status: true
2025-02-18 10:24:04 INFO  TC02_Login:50 - Login verification passed.
2025-02-18 10:24:04 INFO  TC02_Login:55 - User logged out successfully.
2025-02-18 10:24:04 INFO  TC02_Login:67 - Test execution completed: testLogin
2025-02-18 10:24:04 INFO  TC02_Login:24 - Starting test: testLogin with Email: sid@cloudberry.services and Password: Test123
2025-02-18 10:24:04 DEBUG TC02_Login:32 - Navigating to HomePage
2025-02-18 10:24:04 DEBUG TC04_CompletePurchase:39 - Setting up delivery date and adding product to cart.
2025-02-18 10:24:04 INFO  TC02_Login:55 - User logged out successfully.
2025-02-18 10:24:04 INFO  TC02_Login:67 - Test execution completed: testLogin
2025-02-18 10:24:04 INFO  TC02_Login:24 - Starting test: testLogin with Email: otisdog22@yahoo.com and Password: 1234QWERT
2025-02-18 10:24:04 DEBUG TC02_Login:32 - Navigating to HomePage
2025-02-18 10:24:04 DEBUG TC04_CompletePurchase:44 - Proceeding to checkout.
2025-02-18 10:24:04 DEBUG TC02_Login:37 - Entering login credentials.
2025-02-18 10:24:04 DEBUG TC02_Login:37 - Entering login credentials.
2025-02-18 10:24:05 DEBUG TC04_CompletePurchase:47 - Logging in to complete purchase.
2025-02-18 10:24:05 DEBUG TC02_Login:43 - Verifying login success.
2025-02-18 10:24:05 INFO  TC02_Login:46 - Login success status: true
2025-02-18 10:24:05 INFO  TC02_Login:50 - Login verification passed.
2025-02-18 10:24:05 DEBUG TC02_Login:43 - Verifying login success.
2025-02-18 10:24:06 INFO  TC02_Login:46 - Login success status: true
2025-02-18 10:24:06 INFO  TC02_Login:50 - Login verification passed.
2025-02-18 10:24:06 DEBUG TC04_CompletePurchase:53 - Completing checkout process.
2025-02-18 10:24:06 INFO  TC02_Login:55 - User logged out successfully.
2025-02-18 10:24:06 INFO  TC02_Login:67 - Test execution completed: testLogin
2025-02-18 10:24:06 INFO  TC02_Login:24 - Starting test: testLogin with Email: shalaka.dongre@gmail.com and Password: Test123!
2025-02-18 10:24:06 DEBUG TC02_Login:32 - Navigating to HomePage
2025-02-18 10:24:06 INFO  TC02_Login:55 - User logged out successfully.
2025-02-18 10:24:06 INFO  TC02_Login:67 - Test execution completed: testLogin
2025-02-18 10:24:06 INFO  TC02_Login:24 - Starting test: testLogin with Email: otisdog22@yahoo.com and Password: 1234QWERT
2025-02-18 10:24:06 DEBUG TC02_Login:32 - Navigating to HomePage
2025-02-18 10:24:07 DEBUG TC02_Login:37 - Entering login credentials.
2025-02-18 10:24:07 DEBUG TC02_Login:37 - Entering login credentials.
2025-02-18 10:24:08 DEBUG TC02_Login:43 - Verifying login success.
2025-02-18 10:24:08 DEBUG TC02_Login:43 - Verifying login success.
2025-02-18 10:24:08 INFO  TC02_Login:46 - Login success status: true
2025-02-18 10:24:08 INFO  TC02_Login:50 - Login verification passed.
2025-02-18 10:24:08 INFO  TC02_Login:46 - Login success status: true
2025-02-18 10:24:08 INFO  TC02_Login:50 - Login verification passed.
2025-02-18 10:24:09 INFO  TC02_Login:55 - User logged out successfully.
2025-02-18 10:24:09 INFO  TC02_Login:67 - Test execution completed: testLogin
2025-02-18 10:24:09 INFO  BaseClass:136 - Closing browser...
2025-02-18 10:24:09 INFO  TC02_Login:55 - User logged out successfully.
2025-02-18 10:24:09 INFO  TC02_Login:67 - Test execution completed: testLogin
2025-02-18 10:24:09 INFO  TC02_Login:24 - Starting test: testLogin with Email: shalaka.dongre@gmail.com and Password: Test123!
2025-02-18 10:24:09 DEBUG TC02_Login:32 - Navigating to HomePage
2025-02-18 10:24:09 DEBUG TC02_Login:37 - Entering login credentials.
2025-02-18 10:24:10 INFO  BaseClass:139 - Browser closed and WebDriver instance removed.
2025-02-18 10:24:10 INFO  BaseClass:46 - Starting Test Execution - OS: windows, Browser: edge
2025-02-18 10:24:10 DEBUG BaseClass:53 - Successfully loaded config.properties file.
2025-02-18 10:24:10 INFO  BaseClass:103 - Launching Edge Browser
2025-02-18 10:24:10 DEBUG TC02_Login:43 - Verifying login success.
2025-02-18 10:24:10 INFO  TC02_Login:46 - Login success status: true
2025-02-18 10:24:10 INFO  TC02_Login:50 - Login verification passed.
2025-02-18 10:24:11 INFO  TC02_Login:55 - User logged out successfully.
2025-02-18 10:24:11 INFO  TC02_Login:67 - Test execution completed: testLogin
2025-02-18 10:24:11 INFO  BaseClass:136 - Closing browser...
2025-02-18 10:24:11 DEBUG BaseClass:116 - WebDriver instance set successfully.
2025-02-18 10:24:12 INFO  BaseClass:139 - Browser closed and WebDriver instance removed.
2025-02-18 10:24:12 INFO  BaseClass:46 - Starting Test Execution - OS: windows, Browser: firefox
2025-02-18 10:24:12 DEBUG BaseClass:53 - Successfully loaded config.properties file.
2025-02-18 10:24:12 INFO  BaseClass:107 - Launching Firefox Browser
2025-02-18 10:24:14 INFO  BaseClass:124 - Successfully launched application URL: https://tutorialsninja.com/demo/
2025-02-18 10:24:14 INFO  TC05_AddAnItemToWishList:19 - Starting test: testAddToWishList
2025-02-18 10:24:14 DEBUG TC05_AddAnItemToWishList:27 - Navigating to HomePage and selecting Laptops & Notebooks category.
2025-02-18 10:24:14 DEBUG TC05_AddAnItemToWishList:31 - Selecting a product from the category.
2025-02-18 10:24:15 DEBUG BaseClass:116 - WebDriver instance set successfully.
2025-02-18 10:24:15 DEBUG TC05_AddAnItemToWishList:35 - Adding product to the wishlist.
2025-02-18 10:24:15 DEBUG TC05_AddAnItemToWishList:39 - Verifying success message for adding to wishlist.
2025-02-18 10:24:15 INFO  TC05_AddAnItemToWishList:41 - Wishlist success message status: true
2025-02-18 10:24:15 INFO  TC05_AddAnItemToWishList:45 - Product successfully added to wishlist.
2025-02-18 10:24:15 INFO  TC05_AddAnItemToWishList:56 - Test execution completed: testAddToWishList
2025-02-18 10:24:15 INFO  BaseClass:136 - Closing browser...
2025-02-18 10:24:16 INFO  BaseClass:139 - Browser closed and WebDriver instance removed.
2025-02-18 10:24:16 INFO  BaseClass:46 - Starting Test Execution - OS: windows, Browser: edge
2025-02-18 10:24:16 DEBUG BaseClass:53 - Successfully loaded config.properties file.
2025-02-18 10:24:16 INFO  BaseClass:103 - Launching Edge Browser
2025-02-18 10:24:17 INFO  BaseClass:124 - Successfully launched application URL: https://tutorialsninja.com/demo/
2025-02-18 10:24:17 INFO  TC05_AddAnItemToWishList:19 - Starting test: testAddToWishList
2025-02-18 10:24:17 DEBUG TC05_AddAnItemToWishList:27 - Navigating to HomePage and selecting Laptops & Notebooks category.
2025-02-18 10:24:18 DEBUG TC05_AddAnItemToWishList:31 - Selecting a product from the category.
2025-02-18 10:24:18 DEBUG BaseClass:116 - WebDriver instance set successfully.
2025-02-18 10:24:18 DEBUG TC05_AddAnItemToWishList:35 - Adding product to the wishlist.
2025-02-18 10:24:19 DEBUG TC05_AddAnItemToWishList:39 - Verifying success message for adding to wishlist.
2025-02-18 10:24:19 INFO  TC05_AddAnItemToWishList:41 - Wishlist success message status: true
2025-02-18 10:24:19 INFO  TC05_AddAnItemToWishList:45 - Product successfully added to wishlist.
2025-02-18 10:24:19 INFO  TC05_AddAnItemToWishList:56 - Test execution completed: testAddToWishList
2025-02-18 10:24:19 INFO  BaseClass:136 - Closing browser...
2025-02-18 10:24:19 INFO  BaseClass:139 - Browser closed and WebDriver instance removed.
2025-02-18 10:24:19 INFO  BaseClass:46 - Starting Test Execution - OS: windows, Browser: firefox
2025-02-18 10:24:19 DEBUG BaseClass:53 - Successfully loaded config.properties file.
2025-02-18 10:24:19 INFO  BaseClass:107 - Launching Firefox Browser
2025-02-18 10:24:20 INFO  BaseClass:124 - Successfully launched application URL: https://tutorialsninja.com/demo/
2025-02-18 10:24:20 INFO  TC04_CompletePurchase:23 - Starting test: testCompletePurchase
2025-02-18 10:24:20 DEBUG TC04_CompletePurchase:31 - Navigating to HomePage and selecting Laptops & Notebooks category.
2025-02-18 10:24:21 DEBUG TC04_CompletePurchase:35 - Selecting a product from the category.
2025-02-18 10:24:21 DEBUG BaseClass:116 - WebDriver instance set successfully.
2025-02-18 10:24:21 DEBUG TC04_CompletePurchase:39 - Setting up delivery date and adding product to cart.
2025-02-18 10:24:21 DEBUG TC04_CompletePurchase:44 - Proceeding to checkout.
2025-02-18 10:24:22 DEBUG TC04_CompletePurchase:47 - Logging in to complete purchase.
2025-02-18 10:24:23 DEBUG TC04_CompletePurchase:53 - Completing checkout process.
2025-02-18 10:24:23 INFO  BaseClass:124 - Successfully launched application URL: https://tutorialsninja.com/demo/
2025-02-18 10:24:23 INFO  TC04_CompletePurchase:23 - Starting test: testCompletePurchase
2025-02-18 10:24:23 DEBUG TC04_CompletePurchase:31 - Navigating to HomePage and selecting Laptops & Notebooks category.
2025-02-18 10:24:24 DEBUG TC04_CompletePurchase:35 - Selecting a product from the category.
2025-02-18 10:24:25 DEBUG TC04_CompletePurchase:39 - Setting up delivery date and adding product to cart.
2025-02-18 10:24:25 DEBUG TC04_CompletePurchase:44 - Proceeding to checkout.
2025-02-18 10:24:26 DEBUG TC04_CompletePurchase:47 - Logging in to complete purchase.
2025-02-18 10:24:26 DEBUG TC04_CompletePurchase:53 - Completing checkout process.
2025-02-18 10:25:11 DEBUG TC04_CompletePurchase:57 - Verifying order confirmation.
2025-02-18 10:25:12 INFO  TC04_CompletePurchase:60 - Order confirmation status: true
2025-02-18 10:25:12 INFO  TC04_CompletePurchase:64 - Order successfully confirmed.
2025-02-18 10:25:12 INFO  TC04_CompletePurchase:75 - Test execution completed: testCompletePurchase
2025-02-18 10:25:12 INFO  BaseClass:136 - Closing browser...
2025-02-18 10:25:13 INFO  BaseClass:139 - Browser closed and WebDriver instance removed.
2025-02-18 10:25:28 DEBUG TC04_CompletePurchase:57 - Verifying order confirmation.
2025-02-18 10:25:29 INFO  TC04_CompletePurchase:60 - Order confirmation status: true
2025-02-18 10:25:29 INFO  TC04_CompletePurchase:64 - Order successfully confirmed.
2025-02-18 10:25:29 INFO  TC04_CompletePurchase:75 - Test execution completed: testCompletePurchase
2025-02-18 10:25:29 INFO  BaseClass:136 - Closing browser...
2025-02-18 10:25:30 INFO  BaseClass:139 - Browser closed and WebDriver instance removed.
2025-02-18 10:25:32 DEBUG TC04_CompletePurchase:57 - Verifying order confirmation.
2025-02-18 10:25:33 INFO  TC04_CompletePurchase:60 - Order confirmation status: true
2025-02-18 10:25:33 INFO  TC04_CompletePurchase:64 - Order successfully confirmed.
2025-02-18 10:25:33 INFO  TC04_CompletePurchase:75 - Test execution completed: testCompletePurchase
2025-02-18 10:25:33 INFO  BaseClass:136 - Closing browser...
2025-02-18 10:25:33 INFO  BaseClass:139 - Browser closed and WebDriver instance removed.
2025-02-18 10:40:16 DEBUG TestNG:82 - suiteXmlPath: "/Users/bindu/eclipse-workspace/NinjaV6/testng.xml"
2025-02-18 10:40:17 INFO  BaseClass:46 - Starting Test Execution - OS: windows, Browser: firefox
2025-02-18 10:40:17 INFO  BaseClass:46 - Starting Test Execution - OS: windows, Browser: chrome
2025-02-18 10:40:17 INFO  BaseClass:46 - Starting Test Execution - OS: windows, Browser: edge
2025-02-18 10:40:17 DEBUG BaseClass:53 - Successfully loaded config.properties file.
2025-02-18 10:40:17 DEBUG BaseClass:53 - Successfully loaded config.properties file.
2025-02-18 10:40:17 DEBUG BaseClass:53 - Successfully loaded config.properties file.
2025-02-18 10:40:17 INFO  BaseClass:99 - Launching Chrome Browser
2025-02-18 10:40:17 INFO  BaseClass:107 - Launching Firefox Browser
2025-02-18 10:40:17 INFO  BaseClass:103 - Launching Edge Browser
2025-02-18 10:40:21 DEBUG BaseClass:116 - WebDriver instance set successfully.
2025-02-18 10:40:22 DEBUG BaseClass:116 - WebDriver instance set successfully.
2025-02-18 10:40:24 INFO  BaseClass:124 - Successfully launched application URL: https://tutorialsninja.com/demo/
2025-02-18 10:40:24 INFO  TC01_LaunchApplication:18 - Starting test: testLaunchApplication
2025-02-18 10:40:24 DEBUG TC01_LaunchApplication:26 - Navigating to HomePage
2025-02-18 10:40:24 DEBUG TC01_LaunchApplication:29 - Verifying homepage confirmation message.
2025-02-18 10:40:24 INFO  TC01_LaunchApplication:31 - Received homepage confirmation message: Qafox.com
2025-02-18 10:40:24 INFO  TC01_LaunchApplication:35 - Homepage confirmation message matched expected value.
2025-02-18 10:40:24 INFO  TC01_LaunchApplication:46 - Test execution completed: testLaunchApplication
2025-02-18 10:40:24 INFO  BaseClass:136 - Closing browser...
2025-02-18 10:40:24 INFO  BaseClass:139 - Browser closed and WebDriver instance removed.
2025-02-18 10:40:24 INFO  BaseClass:46 - Starting Test Execution - OS: windows, Browser: chrome
2025-02-18 10:40:24 DEBUG BaseClass:53 - Successfully loaded config.properties file.
2025-02-18 10:40:24 INFO  BaseClass:99 - Launching Chrome Browser
2025-02-18 10:40:25 INFO  BaseClass:124 - Successfully launched application URL: https://tutorialsninja.com/demo/
2025-02-18 10:40:25 INFO  TC01_LaunchApplication:18 - Starting test: testLaunchApplication
2025-02-18 10:40:25 DEBUG TC01_LaunchApplication:26 - Navigating to HomePage
2025-02-18 10:40:25 DEBUG TC01_LaunchApplication:29 - Verifying homepage confirmation message.
2025-02-18 10:40:25 INFO  TC01_LaunchApplication:31 - Received homepage confirmation message: Qafox.com
2025-02-18 10:40:25 INFO  TC01_LaunchApplication:35 - Homepage confirmation message matched expected value.
2025-02-18 10:40:25 INFO  TC01_LaunchApplication:46 - Test execution completed: testLaunchApplication
2025-02-18 10:40:25 INFO  BaseClass:136 - Closing browser...
2025-02-18 10:40:25 INFO  BaseClass:139 - Browser closed and WebDriver instance removed.
2025-02-18 10:40:25 INFO  BaseClass:46 - Starting Test Execution - OS: windows, Browser: firefox
2025-02-18 10:40:25 DEBUG BaseClass:53 - Successfully loaded config.properties file.
2025-02-18 10:40:25 INFO  BaseClass:107 - Launching Firefox Browser
2025-02-18 10:40:25 DEBUG BaseClass:116 - WebDriver instance set successfully.
2025-02-18 10:40:27 DEBUG BaseClass:116 - WebDriver instance set successfully.
2025-02-18 10:40:27 DEBUG BaseClass:116 - WebDriver instance set successfully.
2025-02-18 10:40:28 INFO  BaseClass:124 - Successfully launched application URL: https://tutorialsninja.com/demo/
2025-02-18 10:40:28 INFO  TC06_PurchaseAGiftCertificate:18 - Starting test: testPurchaseAGiftCertificate
2025-02-18 10:40:28 DEBUG TC06_PurchaseAGiftCertificate:26 - Navigating to HomePage and clicking Gift Certificate link.
2025-02-18 10:40:29 DEBUG TC06_PurchaseAGiftCertificate:30 - Filling out gift certificate details.
2025-02-18 10:40:29 INFO  BaseClass:124 - Successfully launched application URL: https://tutorialsninja.com/demo/
2025-02-18 10:40:29 INFO  TC01_LaunchApplication:18 - Starting test: testLaunchApplication
2025-02-18 10:40:29 DEBUG TC01_LaunchApplication:26 - Navigating to HomePage
2025-02-18 10:40:29 DEBUG TC01_LaunchApplication:29 - Verifying homepage confirmation message.
2025-02-18 10:40:29 INFO  TC01_LaunchApplication:31 - Received homepage confirmation message: Qafox.com
2025-02-18 10:40:29 INFO  TC01_LaunchApplication:35 - Homepage confirmation message matched expected value.
2025-02-18 10:40:29 INFO  TC01_LaunchApplication:46 - Test execution completed: testLaunchApplication
2025-02-18 10:40:29 INFO  BaseClass:136 - Closing browser...
2025-02-18 10:40:30 DEBUG TC06_PurchaseAGiftCertificate:38 - Verifying purchase confirmation message.
2025-02-18 10:40:30 INFO  TC06_PurchaseAGiftCertificate:40 - Purchase success message status: true
2025-02-18 10:40:30 INFO  TC06_PurchaseAGiftCertificate:44 - Gift certificate successfully purchased.
2025-02-18 10:40:30 INFO  TC06_PurchaseAGiftCertificate:55 - Test execution completed: testPurchaseAGiftCertificate
2025-02-18 10:40:30 INFO  BaseClass:136 - Closing browser...
2025-02-18 10:40:30 INFO  BaseClass:124 - Successfully launched application URL: https://tutorialsninja.com/demo/
2025-02-18 10:40:30 INFO  TC06_PurchaseAGiftCertificate:18 - Starting test: testPurchaseAGiftCertificate
2025-02-18 10:40:30 DEBUG TC06_PurchaseAGiftCertificate:26 - Navigating to HomePage and clicking Gift Certificate link.
2025-02-18 10:40:30 INFO  BaseClass:139 - Browser closed and WebDriver instance removed.
2025-02-18 10:40:30 INFO  BaseClass:46 - Starting Test Execution - OS: windows, Browser: chrome
2025-02-18 10:40:30 DEBUG BaseClass:53 - Successfully loaded config.properties file.
2025-02-18 10:40:30 INFO  BaseClass:99 - Launching Chrome Browser
2025-02-18 10:40:30 DEBUG TC06_PurchaseAGiftCertificate:30 - Filling out gift certificate details.
2025-02-18 10:40:31 INFO  BaseClass:139 - Browser closed and WebDriver instance removed.
2025-02-18 10:40:31 INFO  BaseClass:46 - Starting Test Execution - OS: windows, Browser: edge
2025-02-18 10:40:31 DEBUG BaseClass:53 - Successfully loaded config.properties file.
2025-02-18 10:40:31 INFO  BaseClass:103 - Launching Edge Browser
2025-02-18 10:40:31 DEBUG BaseClass:116 - WebDriver instance set successfully.
2025-02-18 10:40:31 DEBUG TC06_PurchaseAGiftCertificate:38 - Verifying purchase confirmation message.
2025-02-18 10:40:31 INFO  TC06_PurchaseAGiftCertificate:40 - Purchase success message status: true
2025-02-18 10:40:31 INFO  TC06_PurchaseAGiftCertificate:44 - Gift certificate successfully purchased.
2025-02-18 10:40:31 INFO  TC06_PurchaseAGiftCertificate:55 - Test execution completed: testPurchaseAGiftCertificate
2025-02-18 10:40:31 INFO  BaseClass:136 - Closing browser...
2025-02-18 10:40:32 DEBUG BaseClass:116 - WebDriver instance set successfully.
2025-02-18 10:40:32 INFO  BaseClass:139 - Browser closed and WebDriver instance removed.
2025-02-18 10:40:32 INFO  BaseClass:46 - Starting Test Execution - OS: windows, Browser: firefox
2025-02-18 10:40:32 DEBUG BaseClass:53 - Successfully loaded config.properties file.
2025-02-18 10:40:32 INFO  BaseClass:107 - Launching Firefox Browser
2025-02-18 10:40:33 INFO  BaseClass:124 - Successfully launched application URL: https://tutorialsninja.com/demo/
2025-02-18 10:40:33 INFO  TC03_AddToCart:19 - Starting test: testAddToCart
2025-02-18 10:40:33 DEBUG TC03_AddToCart:27 - Navigating to HomePage and selecting Laptops & Notebooks category.
2025-02-18 10:40:34 DEBUG BaseClass:116 - WebDriver instance set successfully.
2025-02-18 10:40:34 DEBUG TC03_AddToCart:31 - Selecting a product from the category.
2025-02-18 10:40:34 INFO  BaseClass:124 - Successfully launched application URL: https://tutorialsninja.com/demo/
2025-02-18 10:40:34 INFO  TC06_PurchaseAGiftCertificate:18 - Starting test: testPurchaseAGiftCertificate
2025-02-18 10:40:34 DEBUG TC06_PurchaseAGiftCertificate:26 - Navigating to HomePage and clicking Gift Certificate link.
2025-02-18 10:40:34 DEBUG TC06_PurchaseAGiftCertificate:30 - Filling out gift certificate details.
2025-02-18 10:40:35 DEBUG TC03_AddToCart:35 - Setting up delivery date and adding product to cart.
2025-02-18 10:40:35 DEBUG TC03_AddToCart:40 - Validating success message.
2025-02-18 10:40:35 INFO  TC03_AddToCart:42 - Success message status: true
2025-02-18 10:40:35 INFO  TC03_AddToCart:46 - Product successfully added to cart.
2025-02-18 10:40:35 INFO  TC03_AddToCart:57 - Test execution completed: testAddToCart
2025-02-18 10:40:35 INFO  BaseClass:136 - Closing browser...
2025-02-18 10:40:35 INFO  BaseClass:139 - Browser closed and WebDriver instance removed.
2025-02-18 10:40:35 INFO  BaseClass:46 - Starting Test Execution - OS: windows, Browser: chrome
2025-02-18 10:40:35 DEBUG BaseClass:53 - Successfully loaded config.properties file.
2025-02-18 10:40:35 INFO  BaseClass:99 - Launching Chrome Browser
2025-02-18 10:40:35 DEBUG TC06_PurchaseAGiftCertificate:38 - Verifying purchase confirmation message.
2025-02-18 10:40:35 INFO  TC06_PurchaseAGiftCertificate:40 - Purchase success message status: true
2025-02-18 10:40:35 INFO  TC06_PurchaseAGiftCertificate:44 - Gift certificate successfully purchased.
2025-02-18 10:40:35 INFO  TC06_PurchaseAGiftCertificate:55 - Test execution completed: testPurchaseAGiftCertificate
2025-02-18 10:40:35 INFO  BaseClass:136 - Closing browser...
2025-02-18 10:40:36 DEBUG BaseClass:116 - WebDriver instance set successfully.
2025-02-18 10:40:36 INFO  BaseClass:124 - Successfully launched application URL: https://tutorialsninja.com/demo/
2025-02-18 10:40:36 INFO  TC03_AddToCart:19 - Starting test: testAddToCart
2025-02-18 10:40:36 DEBUG TC03_AddToCart:27 - Navigating to HomePage and selecting Laptops & Notebooks category.
2025-02-18 10:40:37 INFO  BaseClass:139 - Browser closed and WebDriver instance removed.
2025-02-18 10:40:37 INFO  BaseClass:46 - Starting Test Execution - OS: windows, Browser: edge
2025-02-18 10:40:37 DEBUG BaseClass:53 - Successfully loaded config.properties file.
2025-02-18 10:40:37 INFO  BaseClass:103 - Launching Edge Browser
2025-02-18 10:40:37 DEBUG TC03_AddToCart:31 - Selecting a product from the category.
2025-02-18 10:40:37 DEBUG TC03_AddToCart:35 - Setting up delivery date and adding product to cart.
2025-02-18 10:40:37 DEBUG BaseClass:116 - WebDriver instance set successfully.
2025-02-18 10:40:38 DEBUG TC03_AddToCart:40 - Validating success message.
2025-02-18 10:40:38 INFO  TC03_AddToCart:42 - Success message status: true
2025-02-18 10:40:38 INFO  TC03_AddToCart:46 - Product successfully added to cart.
2025-02-18 10:40:38 INFO  TC03_AddToCart:57 - Test execution completed: testAddToCart
2025-02-18 10:40:38 INFO  BaseClass:136 - Closing browser...
2025-02-18 10:40:38 INFO  BaseClass:139 - Browser closed and WebDriver instance removed.
2025-02-18 10:40:38 INFO  BaseClass:46 - Starting Test Execution - OS: windows, Browser: firefox
2025-02-18 10:40:38 DEBUG BaseClass:53 - Successfully loaded config.properties file.
2025-02-18 10:40:38 INFO  BaseClass:107 - Launching Firefox Browser
2025-02-18 10:40:39 INFO  BaseClass:124 - Successfully launched application URL: https://tutorialsninja.com/demo/
2025-02-18 10:40:39 DEBUG PackageRelationshipCollection:307 - Parsing relationship: /xl/_rels/workbook.xml.rels
2025-02-18 10:40:39 DEBUG PackageRelationshipCollection:307 - Parsing relationship: /xl/worksheets/_rels/sheet1.xml.rels
2025-02-18 10:40:39 DEBUG PackageRelationshipCollection:307 - Parsing relationship: /_rels/.rels
2025-02-18 10:40:39 DEBUG POIXMLFactory:65 - using default POIXMLDocumentPart for http://schemas.openxmlformats.org/officeDocument/2006/relationships/printerSettings
2025-02-18 10:40:39 DEBUG PackageRelationshipCollection:307 - Parsing relationship: /xl/_rels/workbook.xml.rels
2025-02-18 10:40:39 DEBUG PackageRelationshipCollection:307 - Parsing relationship: /xl/worksheets/_rels/sheet1.xml.rels
2025-02-18 10:40:39 DEBUG PackageRelationshipCollection:307 - Parsing relationship: /_rels/.rels
2025-02-18 10:40:39 DEBUG POIXMLFactory:65 - using default POIXMLDocumentPart for http://schemas.openxmlformats.org/officeDocument/2006/relationships/printerSettings
2025-02-18 10:40:39 DEBUG PackageRelationshipCollection:307 - Parsing relationship: /xl/_rels/workbook.xml.rels
2025-02-18 10:40:39 DEBUG PackageRelationshipCollection:307 - Parsing relationship: /xl/worksheets/_rels/sheet1.xml.rels
2025-02-18 10:40:39 DEBUG PackageRelationshipCollection:307 - Parsing relationship: /_rels/.rels
2025-02-18 10:40:39 DEBUG POIXMLFactory:65 - using default POIXMLDocumentPart for http://schemas.openxmlformats.org/officeDocument/2006/relationships/printerSettings
2025-02-18 10:40:39 DEBUG PackageRelationshipCollection:307 - Parsing relationship: /xl/_rels/workbook.xml.rels
2025-02-18 10:40:39 DEBUG PackageRelationshipCollection:307 - Parsing relationship: /xl/worksheets/_rels/sheet1.xml.rels
2025-02-18 10:40:39 DEBUG PackageRelationshipCollection:307 - Parsing relationship: /_rels/.rels
2025-02-18 10:40:39 DEBUG POIXMLFactory:65 - using default POIXMLDocumentPart for http://schemas.openxmlformats.org/officeDocument/2006/relationships/printerSettings
2025-02-18 10:40:39 DEBUG PackageRelationshipCollection:307 - Parsing relationship: /xl/_rels/workbook.xml.rels
2025-02-18 10:40:39 DEBUG PackageRelationshipCollection:307 - Parsing relationship: /xl/worksheets/_rels/sheet1.xml.rels
2025-02-18 10:40:39 DEBUG PackageRelationshipCollection:307 - Parsing relationship: /_rels/.rels
2025-02-18 10:40:39 DEBUG POIXMLFactory:65 - using default POIXMLDocumentPart for http://schemas.openxmlformats.org/officeDocument/2006/relationships/printerSettings
2025-02-18 10:40:39 DEBUG PackageRelationshipCollection:307 - Parsing relationship: /xl/_rels/workbook.xml.rels
2025-02-18 10:40:39 DEBUG PackageRelationshipCollection:307 - Parsing relationship: /xl/worksheets/_rels/sheet1.xml.rels
2025-02-18 10:40:39 DEBUG PackageRelationshipCollection:307 - Parsing relationship: /_rels/.rels
2025-02-18 10:40:39 DEBUG POIXMLFactory:65 - using default POIXMLDocumentPart for http://schemas.openxmlformats.org/officeDocument/2006/relationships/printerSettings
2025-02-18 10:40:39 DEBUG PackageRelationshipCollection:307 - Parsing relationship: /xl/_rels/workbook.xml.rels
2025-02-18 10:40:39 DEBUG PackageRelationshipCollection:307 - Parsing relationship: /xl/worksheets/_rels/sheet1.xml.rels
2025-02-18 10:40:39 DEBUG PackageRelationshipCollection:307 - Parsing relationship: /_rels/.rels
2025-02-18 10:40:39 DEBUG POIXMLFactory:65 - using default POIXMLDocumentPart for http://schemas.openxmlformats.org/officeDocument/2006/relationships/printerSettings
2025-02-18 10:40:39 DEBUG PackageRelationshipCollection:307 - Parsing relationship: /xl/_rels/workbook.xml.rels
2025-02-18 10:40:39 DEBUG PackageRelationshipCollection:307 - Parsing relationship: /xl/worksheets/_rels/sheet1.xml.rels
2025-02-18 10:40:39 DEBUG PackageRelationshipCollection:307 - Parsing relationship: /_rels/.rels
2025-02-18 10:40:39 DEBUG POIXMLFactory:65 - using default POIXMLDocumentPart for http://schemas.openxmlformats.org/officeDocument/2006/relationships/printerSettings
2025-02-18 10:40:39 DEBUG PackageRelationshipCollection:307 - Parsing relationship: /xl/_rels/workbook.xml.rels
2025-02-18 10:40:39 DEBUG PackageRelationshipCollection:307 - Parsing relationship: /xl/worksheets/_rels/sheet1.xml.rels
2025-02-18 10:40:39 DEBUG PackageRelationshipCollection:307 - Parsing relationship: /_rels/.rels
2025-02-18 10:40:39 DEBUG POIXMLFactory:65 - using default POIXMLDocumentPart for http://schemas.openxmlformats.org/officeDocument/2006/relationships/printerSettings
2025-02-18 10:40:39 DEBUG PackageRelationshipCollection:307 - Parsing relationship: /xl/_rels/workbook.xml.rels
2025-02-18 10:40:39 DEBUG PackageRelationshipCollection:307 - Parsing relationship: /xl/worksheets/_rels/sheet1.xml.rels
2025-02-18 10:40:39 DEBUG PackageRelationshipCollection:307 - Parsing relationship: /_rels/.rels
2025-02-18 10:40:39 DEBUG POIXMLFactory:65 - using default POIXMLDocumentPart for http://schemas.openxmlformats.org/officeDocument/2006/relationships/printerSettings
2025-02-18 10:40:39 DEBUG PackageRelationshipCollection:307 - Parsing relationship: /xl/_rels/workbook.xml.rels
2025-02-18 10:40:39 DEBUG PackageRelationshipCollection:307 - Parsing relationship: /xl/worksheets/_rels/sheet1.xml.rels
2025-02-18 10:40:39 DEBUG PackageRelationshipCollection:307 - Parsing relationship: /_rels/.rels
2025-02-18 10:40:39 DEBUG POIXMLFactory:65 - using default POIXMLDocumentPart for http://schemas.openxmlformats.org/officeDocument/2006/relationships/printerSettings
2025-02-18 10:40:39 DEBUG PackageRelationshipCollection:307 - Parsing relationship: /xl/_rels/workbook.xml.rels
2025-02-18 10:40:39 DEBUG PackageRelationshipCollection:307 - Parsing relationship: /xl/worksheets/_rels/sheet1.xml.rels
2025-02-18 10:40:39 DEBUG PackageRelationshipCollection:307 - Parsing relationship: /_rels/.rels
2025-02-18 10:40:39 DEBUG POIXMLFactory:65 - using default POIXMLDocumentPart for http://schemas.openxmlformats.org/officeDocument/2006/relationships/printerSettings
2025-02-18 10:40:39 INFO  TC02_Login:24 - Starting test: testLogin with Email: goodmorning@gmail.com and Password: test@1234
2025-02-18 10:40:39 DEBUG TC02_Login:32 - Navigating to HomePage
2025-02-18 10:40:39 DEBUG TC02_Login:37 - Entering login credentials.
2025-02-18 10:40:40 INFO  BaseClass:124 - Successfully launched application URL: https://tutorialsninja.com/demo/
2025-02-18 10:40:40 INFO  TC03_AddToCart:19 - Starting test: testAddToCart
2025-02-18 10:40:40 DEBUG TC03_AddToCart:27 - Navigating to HomePage and selecting Laptops & Notebooks category.
2025-02-18 10:40:40 DEBUG TC03_AddToCart:31 - Selecting a product from the category.
2025-02-18 10:40:41 DEBUG TC02_Login:43 - Verifying login success.
2025-02-18 10:40:41 DEBUG BaseClass:116 - WebDriver instance set successfully.
2025-02-18 10:40:41 INFO  TC02_Login:46 - Login success status: true
2025-02-18 10:40:41 INFO  TC02_Login:50 - Login verification passed.
2025-02-18 10:40:41 DEBUG TC03_AddToCart:35 - Setting up delivery date and adding product to cart.
2025-02-18 10:40:41 INFO  TC02_Login:55 - User logged out successfully.
2025-02-18 10:40:41 DEBUG TC03_AddToCart:40 - Validating success message.
2025-02-18 10:40:42 INFO  TC02_Login:67 - Test execution completed: testLogin
2025-02-18 10:40:42 INFO  TC02_Login:24 - Starting test: testLogin with Email: test121@test.com and Password: test123
2025-02-18 10:40:42 DEBUG TC02_Login:32 - Navigating to HomePage
2025-02-18 10:40:42 INFO  TC03_AddToCart:42 - Success message status: true
2025-02-18 10:40:42 INFO  TC03_AddToCart:46 - Product successfully added to cart.
2025-02-18 10:40:42 INFO  TC03_AddToCart:57 - Test execution completed: testAddToCart
2025-02-18 10:40:42 INFO  BaseClass:136 - Closing browser...
2025-02-18 10:40:42 DEBUG TC02_Login:37 - Entering login credentials.
2025-02-18 10:40:43 INFO  BaseClass:124 - Successfully launched application URL: https://tutorialsninja.com/demo/
2025-02-18 10:40:43 DEBUG PackageRelationshipCollection:307 - Parsing relationship: /xl/_rels/workbook.xml.rels
2025-02-18 10:40:43 DEBUG PackageRelationshipCollection:307 - Parsing relationship: /xl/worksheets/_rels/sheet1.xml.rels
2025-02-18 10:40:43 DEBUG PackageRelationshipCollection:307 - Parsing relationship: /_rels/.rels
2025-02-18 10:40:43 DEBUG POIXMLFactory:65 - using default POIXMLDocumentPart for http://schemas.openxmlformats.org/officeDocument/2006/relationships/printerSettings
2025-02-18 10:40:43 DEBUG PackageRelationshipCollection:307 - Parsing relationship: /xl/_rels/workbook.xml.rels
2025-02-18 10:40:43 DEBUG PackageRelationshipCollection:307 - Parsing relationship: /xl/worksheets/_rels/sheet1.xml.rels
2025-02-18 10:40:43 DEBUG PackageRelationshipCollection:307 - Parsing relationship: /_rels/.rels
2025-02-18 10:40:43 DEBUG POIXMLFactory:65 - using default POIXMLDocumentPart for http://schemas.openxmlformats.org/officeDocument/2006/relationships/printerSettings
2025-02-18 10:40:43 DEBUG PackageRelationshipCollection:307 - Parsing relationship: /xl/_rels/workbook.xml.rels
2025-02-18 10:40:43 DEBUG PackageRelationshipCollection:307 - Parsing relationship: /xl/worksheets/_rels/sheet1.xml.rels
2025-02-18 10:40:43 DEBUG PackageRelationshipCollection:307 - Parsing relationship: /_rels/.rels
2025-02-18 10:40:43 DEBUG POIXMLFactory:65 - using default POIXMLDocumentPart for http://schemas.openxmlformats.org/officeDocument/2006/relationships/printerSettings
2025-02-18 10:40:43 DEBUG PackageRelationshipCollection:307 - Parsing relationship: /xl/_rels/workbook.xml.rels
2025-02-18 10:40:43 DEBUG PackageRelationshipCollection:307 - Parsing relationship: /xl/worksheets/_rels/sheet1.xml.rels
2025-02-18 10:40:43 DEBUG PackageRelationshipCollection:307 - Parsing relationship: /_rels/.rels
2025-02-18 10:40:43 DEBUG POIXMLFactory:65 - using default POIXMLDocumentPart for http://schemas.openxmlformats.org/officeDocument/2006/relationships/printerSettings
2025-02-18 10:40:43 DEBUG PackageRelationshipCollection:307 - Parsing relationship: /xl/_rels/workbook.xml.rels
2025-02-18 10:40:43 DEBUG PackageRelationshipCollection:307 - Parsing relationship: /xl/worksheets/_rels/sheet1.xml.rels
2025-02-18 10:40:43 DEBUG PackageRelationshipCollection:307 - Parsing relationship: /_rels/.rels
2025-02-18 10:40:43 DEBUG POIXMLFactory:65 - using default POIXMLDocumentPart for http://schemas.openxmlformats.org/officeDocument/2006/relationships/printerSettings
2025-02-18 10:40:43 DEBUG PackageRelationshipCollection:307 - Parsing relationship: /xl/_rels/workbook.xml.rels
2025-02-18 10:40:43 DEBUG PackageRelationshipCollection:307 - Parsing relationship: /xl/worksheets/_rels/sheet1.xml.rels
2025-02-18 10:40:43 DEBUG PackageRelationshipCollection:307 - Parsing relationship: /_rels/.rels
2025-02-18 10:40:43 DEBUG POIXMLFactory:65 - using default POIXMLDocumentPart for http://schemas.openxmlformats.org/officeDocument/2006/relationships/printerSettings
2025-02-18 10:40:43 DEBUG PackageRelationshipCollection:307 - Parsing relationship: /xl/_rels/workbook.xml.rels
2025-02-18 10:40:43 DEBUG PackageRelationshipCollection:307 - Parsing relationship: /xl/worksheets/_rels/sheet1.xml.rels
2025-02-18 10:40:43 DEBUG PackageRelationshipCollection:307 - Parsing relationship: /_rels/.rels
2025-02-18 10:40:43 DEBUG POIXMLFactory:65 - using default POIXMLDocumentPart for http://schemas.openxmlformats.org/officeDocument/2006/relationships/printerSettings
2025-02-18 10:40:43 DEBUG PackageRelationshipCollection:307 - Parsing relationship: /xl/_rels/workbook.xml.rels
2025-02-18 10:40:43 DEBUG PackageRelationshipCollection:307 - Parsing relationship: /xl/worksheets/_rels/sheet1.xml.rels
2025-02-18 10:40:43 DEBUG PackageRelationshipCollection:307 - Parsing relationship: /_rels/.rels
2025-02-18 10:40:43 DEBUG POIXMLFactory:65 - using default POIXMLDocumentPart for http://schemas.openxmlformats.org/officeDocument/2006/relationships/printerSettings
2025-02-18 10:40:43 DEBUG PackageRelationshipCollection:307 - Parsing relationship: /xl/_rels/workbook.xml.rels
2025-02-18 10:40:43 DEBUG PackageRelationshipCollection:307 - Parsing relationship: /xl/worksheets/_rels/sheet1.xml.rels
2025-02-18 10:40:43 DEBUG PackageRelationshipCollection:307 - Parsing relationship: /_rels/.rels
2025-02-18 10:40:43 DEBUG POIXMLFactory:65 - using default POIXMLDocumentPart for http://schemas.openxmlformats.org/officeDocument/2006/relationships/printerSettings
2025-02-18 10:40:43 DEBUG PackageRelationshipCollection:307 - Parsing relationship: /xl/_rels/workbook.xml.rels
2025-02-18 10:40:43 DEBUG PackageRelationshipCollection:307 - Parsing relationship: /xl/worksheets/_rels/sheet1.xml.rels
2025-02-18 10:40:43 DEBUG PackageRelationshipCollection:307 - Parsing relationship: /_rels/.rels
2025-02-18 10:40:43 DEBUG POIXMLFactory:65 - using default POIXMLDocumentPart for http://schemas.openxmlformats.org/officeDocument/2006/relationships/printerSettings
2025-02-18 10:40:43 DEBUG PackageRelationshipCollection:307 - Parsing relationship: /xl/_rels/workbook.xml.rels
2025-02-18 10:40:43 DEBUG PackageRelationshipCollection:307 - Parsing relationship: /xl/worksheets/_rels/sheet1.xml.rels
2025-02-18 10:40:43 DEBUG PackageRelationshipCollection:307 - Parsing relationship: /_rels/.rels
2025-02-18 10:40:43 DEBUG POIXMLFactory:65 - using default POIXMLDocumentPart for http://schemas.openxmlformats.org/officeDocument/2006/relationships/printerSettings
2025-02-18 10:40:43 DEBUG PackageRelationshipCollection:307 - Parsing relationship: /xl/_rels/workbook.xml.rels
2025-02-18 10:40:43 DEBUG PackageRelationshipCollection:307 - Parsing relationship: /xl/worksheets/_rels/sheet1.xml.rels
2025-02-18 10:40:43 DEBUG PackageRelationshipCollection:307 - Parsing relationship: /_rels/.rels
2025-02-18 10:40:43 DEBUG POIXMLFactory:65 - using default POIXMLDocumentPart for http://schemas.openxmlformats.org/officeDocument/2006/relationships/printerSettings
2025-02-18 10:40:43 INFO  TC02_Login:24 - Starting test: testLogin with Email: goodmorning@gmail.com and Password: test@1234
2025-02-18 10:40:43 DEBUG TC02_Login:32 - Navigating to HomePage
2025-02-18 10:40:43 INFO  BaseClass:139 - Browser closed and WebDriver instance removed.
2025-02-18 10:40:43 INFO  BaseClass:46 - Starting Test Execution - OS: windows, Browser: edge
2025-02-18 10:40:43 DEBUG BaseClass:53 - Successfully loaded config.properties file.
2025-02-18 10:40:43 INFO  BaseClass:103 - Launching Edge Browser
2025-02-18 10:40:43 DEBUG TC02_Login:43 - Verifying login success.
2025-02-18 10:40:43 INFO  TC02_Login:46 - Login success status: true
2025-02-18 10:40:43 INFO  TC02_Login:50 - Login verification passed.
2025-02-18 10:40:44 DEBUG TC02_Login:37 - Entering login credentials.
2025-02-18 10:40:44 INFO  TC02_Login:55 - User logged out successfully.
2025-02-18 10:40:44 INFO  TC02_Login:67 - Test execution completed: testLogin
2025-02-18 10:40:44 INFO  TC02_Login:24 - Starting test: testLogin with Email: sid@cloudberry.services and Password: Test123
2025-02-18 10:40:44 DEBUG TC02_Login:32 - Navigating to HomePage
2025-02-18 10:40:44 DEBUG TC02_Login:37 - Entering login credentials.
2025-02-18 10:40:44 DEBUG TC02_Login:43 - Verifying login success.
2025-02-18 10:40:44 INFO  TC02_Login:46 - Login success status: true
2025-02-18 10:40:44 INFO  TC02_Login:50 - Login verification passed.
2025-02-18 10:40:45 DEBUG BaseClass:116 - WebDriver instance set successfully.
2025-02-18 10:40:45 DEBUG TC02_Login:43 - Verifying login success.
2025-02-18 10:40:45 INFO  TC02_Login:46 - Login success status: true
2025-02-18 10:40:45 INFO  TC02_Login:50 - Login verification passed.
2025-02-18 10:40:45 INFO  TC02_Login:55 - User logged out successfully.
2025-02-18 10:40:45 INFO  TC02_Login:67 - Test execution completed: testLogin
2025-02-18 10:40:45 INFO  TC02_Login:24 - Starting test: testLogin with Email: test121@test.com and Password: test123
2025-02-18 10:40:45 DEBUG TC02_Login:32 - Navigating to HomePage
2025-02-18 10:40:46 INFO  TC02_Login:55 - User logged out successfully.
2025-02-18 10:40:46 INFO  TC02_Login:67 - Test execution completed: testLogin
2025-02-18 10:40:46 INFO  TC02_Login:24 - Starting test: testLogin with Email: otisdog22@yahoo.com and Password: 1234QWERT
2025-02-18 10:40:46 DEBUG TC02_Login:32 - Navigating to HomePage
2025-02-18 10:40:46 DEBUG TC02_Login:37 - Entering login credentials.
2025-02-18 10:40:46 DEBUG TC02_Login:37 - Entering login credentials.
2025-02-18 10:40:47 DEBUG TC02_Login:43 - Verifying login success.
2025-02-18 10:40:47 INFO  TC02_Login:46 - Login success status: true
2025-02-18 10:40:47 INFO  TC02_Login:50 - Login verification passed.
2025-02-18 10:40:47 DEBUG TC02_Login:43 - Verifying login success.
2025-02-18 10:40:47 INFO  TC02_Login:46 - Login success status: true
2025-02-18 10:40:47 INFO  TC02_Login:50 - Login verification passed.
2025-02-18 10:40:47 INFO  BaseClass:124 - Successfully launched application URL: https://tutorialsninja.com/demo/
2025-02-18 10:40:47 DEBUG PackageRelationshipCollection:307 - Parsing relationship: /xl/_rels/workbook.xml.rels
2025-02-18 10:40:47 DEBUG PackageRelationshipCollection:307 - Parsing relationship: /xl/worksheets/_rels/sheet1.xml.rels
2025-02-18 10:40:47 DEBUG PackageRelationshipCollection:307 - Parsing relationship: /_rels/.rels
2025-02-18 10:40:47 DEBUG POIXMLFactory:65 - using default POIXMLDocumentPart for http://schemas.openxmlformats.org/officeDocument/2006/relationships/printerSettings
2025-02-18 10:40:47 DEBUG PackageRelationshipCollection:307 - Parsing relationship: /xl/_rels/workbook.xml.rels
2025-02-18 10:40:47 DEBUG PackageRelationshipCollection:307 - Parsing relationship: /xl/worksheets/_rels/sheet1.xml.rels
2025-02-18 10:40:47 DEBUG PackageRelationshipCollection:307 - Parsing relationship: /_rels/.rels
2025-02-18 10:40:47 DEBUG POIXMLFactory:65 - using default POIXMLDocumentPart for http://schemas.openxmlformats.org/officeDocument/2006/relationships/printerSettings
2025-02-18 10:40:47 DEBUG PackageRelationshipCollection:307 - Parsing relationship: /xl/_rels/workbook.xml.rels
2025-02-18 10:40:47 DEBUG PackageRelationshipCollection:307 - Parsing relationship: /xl/worksheets/_rels/sheet1.xml.rels
2025-02-18 10:40:47 DEBUG PackageRelationshipCollection:307 - Parsing relationship: /_rels/.rels
2025-02-18 10:40:47 DEBUG POIXMLFactory:65 - using default POIXMLDocumentPart for http://schemas.openxmlformats.org/officeDocument/2006/relationships/printerSettings
2025-02-18 10:40:47 DEBUG PackageRelationshipCollection:307 - Parsing relationship: /xl/_rels/workbook.xml.rels
2025-02-18 10:40:47 DEBUG PackageRelationshipCollection:307 - Parsing relationship: /xl/worksheets/_rels/sheet1.xml.rels
2025-02-18 10:40:47 DEBUG PackageRelationshipCollection:307 - Parsing relationship: /_rels/.rels
2025-02-18 10:40:47 DEBUG POIXMLFactory:65 - using default POIXMLDocumentPart for http://schemas.openxmlformats.org/officeDocument/2006/relationships/printerSettings
2025-02-18 10:40:47 DEBUG PackageRelationshipCollection:307 - Parsing relationship: /xl/_rels/workbook.xml.rels
2025-02-18 10:40:47 DEBUG PackageRelationshipCollection:307 - Parsing relationship: /xl/worksheets/_rels/sheet1.xml.rels
2025-02-18 10:40:47 DEBUG PackageRelationshipCollection:307 - Parsing relationship: /_rels/.rels
2025-02-18 10:40:47 DEBUG POIXMLFactory:65 - using default POIXMLDocumentPart for http://schemas.openxmlformats.org/officeDocument/2006/relationships/printerSettings
2025-02-18 10:40:47 DEBUG PackageRelationshipCollection:307 - Parsing relationship: /xl/_rels/workbook.xml.rels
2025-02-18 10:40:47 DEBUG PackageRelationshipCollection:307 - Parsing relationship: /xl/worksheets/_rels/sheet1.xml.rels
2025-02-18 10:40:47 DEBUG PackageRelationshipCollection:307 - Parsing relationship: /_rels/.rels
2025-02-18 10:40:47 DEBUG POIXMLFactory:65 - using default POIXMLDocumentPart for http://schemas.openxmlformats.org/officeDocument/2006/relationships/printerSettings
2025-02-18 10:40:47 DEBUG PackageRelationshipCollection:307 - Parsing relationship: /xl/_rels/workbook.xml.rels
2025-02-18 10:40:47 DEBUG PackageRelationshipCollection:307 - Parsing relationship: /xl/worksheets/_rels/sheet1.xml.rels
2025-02-18 10:40:47 DEBUG PackageRelationshipCollection:307 - Parsing relationship: /_rels/.rels
2025-02-18 10:40:47 DEBUG POIXMLFactory:65 - using default POIXMLDocumentPart for http://schemas.openxmlformats.org/officeDocument/2006/relationships/printerSettings
2025-02-18 10:40:47 DEBUG PackageRelationshipCollection:307 - Parsing relationship: /xl/_rels/workbook.xml.rels
2025-02-18 10:40:47 DEBUG PackageRelationshipCollection:307 - Parsing relationship: /xl/worksheets/_rels/sheet1.xml.rels
2025-02-18 10:40:47 DEBUG PackageRelationshipCollection:307 - Parsing relationship: /_rels/.rels
2025-02-18 10:40:47 DEBUG POIXMLFactory:65 - using default POIXMLDocumentPart for http://schemas.openxmlformats.org/officeDocument/2006/relationships/printerSettings
2025-02-18 10:40:47 DEBUG PackageRelationshipCollection:307 - Parsing relationship: /xl/_rels/workbook.xml.rels
2025-02-18 10:40:47 DEBUG PackageRelationshipCollection:307 - Parsing relationship: /xl/worksheets/_rels/sheet1.xml.rels
2025-02-18 10:40:47 DEBUG PackageRelationshipCollection:307 - Parsing relationship: /_rels/.rels
2025-02-18 10:40:47 DEBUG POIXMLFactory:65 - using default POIXMLDocumentPart for http://schemas.openxmlformats.org/officeDocument/2006/relationships/printerSettings
2025-02-18 10:40:47 DEBUG PackageRelationshipCollection:307 - Parsing relationship: /xl/_rels/workbook.xml.rels
2025-02-18 10:40:47 DEBUG PackageRelationshipCollection:307 - Parsing relationship: /xl/worksheets/_rels/sheet1.xml.rels
2025-02-18 10:40:47 DEBUG PackageRelationshipCollection:307 - Parsing relationship: /_rels/.rels
2025-02-18 10:40:47 DEBUG POIXMLFactory:65 - using default POIXMLDocumentPart for http://schemas.openxmlformats.org/officeDocument/2006/relationships/printerSettings
2025-02-18 10:40:47 DEBUG PackageRelationshipCollection:307 - Parsing relationship: /xl/_rels/workbook.xml.rels
2025-02-18 10:40:47 DEBUG PackageRelationshipCollection:307 - Parsing relationship: /xl/worksheets/_rels/sheet1.xml.rels
2025-02-18 10:40:47 DEBUG PackageRelationshipCollection:307 - Parsing relationship: /_rels/.rels
2025-02-18 10:40:47 DEBUG POIXMLFactory:65 - using default POIXMLDocumentPart for http://schemas.openxmlformats.org/officeDocument/2006/relationships/printerSettings
2025-02-18 10:40:47 DEBUG PackageRelationshipCollection:307 - Parsing relationship: /xl/_rels/workbook.xml.rels
2025-02-18 10:40:47 DEBUG PackageRelationshipCollection:307 - Parsing relationship: /xl/worksheets/_rels/sheet1.xml.rels
2025-02-18 10:40:47 DEBUG PackageRelationshipCollection:307 - Parsing relationship: /_rels/.rels
2025-02-18 10:40:47 DEBUG POIXMLFactory:65 - using default POIXMLDocumentPart for http://schemas.openxmlformats.org/officeDocument/2006/relationships/printerSettings
2025-02-18 10:40:47 INFO  TC02_Login:24 - Starting test: testLogin with Email: goodmorning@gmail.com and Password: test@1234
2025-02-18 10:40:47 DEBUG TC02_Login:32 - Navigating to HomePage
2025-02-18 10:40:48 INFO  TC02_Login:55 - User logged out successfully.
2025-02-18 10:40:48 INFO  TC02_Login:67 - Test execution completed: testLogin
2025-02-18 10:40:48 INFO  TC02_Login:24 - Starting test: testLogin with Email: shalaka.dongre@gmail.com and Password: Test123!
2025-02-18 10:40:48 DEBUG TC02_Login:32 - Navigating to HomePage
2025-02-18 10:40:48 DEBUG TC02_Login:37 - Entering login credentials.
2025-02-18 10:40:48 INFO  TC02_Login:55 - User logged out successfully.
2025-02-18 10:40:48 INFO  TC02_Login:67 - Test execution completed: testLogin
2025-02-18 10:40:48 INFO  TC02_Login:24 - Starting test: testLogin with Email: sid@cloudberry.services and Password: Test123
2025-02-18 10:40:48 DEBUG TC02_Login:32 - Navigating to HomePage
2025-02-18 10:40:48 DEBUG TC02_Login:37 - Entering login credentials.
2025-02-18 10:40:48 DEBUG TC02_Login:37 - Entering login credentials.
2025-02-18 10:40:49 DEBUG TC02_Login:43 - Verifying login success.
2025-02-18 10:40:49 INFO  TC02_Login:46 - Login success status: true
2025-02-18 10:40:49 INFO  TC02_Login:50 - Login verification passed.
2025-02-18 10:40:49 DEBUG TC02_Login:43 - Verifying login success.
2025-02-18 10:40:49 INFO  TC02_Login:46 - Login success status: true
2025-02-18 10:40:49 INFO  TC02_Login:50 - Login verification passed.
2025-02-18 10:40:50 DEBUG TC02_Login:43 - Verifying login success.
2025-02-18 10:40:50 INFO  TC02_Login:46 - Login success status: true
2025-02-18 10:40:50 INFO  TC02_Login:50 - Login verification passed.
2025-02-18 10:40:50 INFO  TC02_Login:55 - User logged out successfully.
2025-02-18 10:40:50 INFO  TC02_Login:67 - Test execution completed: testLogin
2025-02-18 10:40:50 INFO  BaseClass:136 - Closing browser...
2025-02-18 10:40:50 INFO  TC02_Login:55 - User logged out successfully.
2025-02-18 10:40:50 INFO  TC02_Login:67 - Test execution completed: testLogin
2025-02-18 10:40:50 INFO  TC02_Login:24 - Starting test: testLogin with Email: test121@test.com and Password: test123
2025-02-18 10:40:50 DEBUG TC02_Login:32 - Navigating to HomePage
2025-02-18 10:40:50 INFO  BaseClass:139 - Browser closed and WebDriver instance removed.
2025-02-18 10:40:50 INFO  BaseClass:46 - Starting Test Execution - OS: windows, Browser: chrome
2025-02-18 10:40:50 DEBUG BaseClass:53 - Successfully loaded config.properties file.
2025-02-18 10:40:50 INFO  BaseClass:99 - Launching Chrome Browser
2025-02-18 10:40:50 INFO  TC02_Login:55 - User logged out successfully.
2025-02-18 10:40:50 INFO  TC02_Login:67 - Test execution completed: testLogin
2025-02-18 10:40:50 INFO  TC02_Login:24 - Starting test: testLogin with Email: otisdog22@yahoo.com and Password: 1234QWERT
2025-02-18 10:40:50 DEBUG TC02_Login:32 - Navigating to HomePage
2025-02-18 10:40:50 DEBUG TC02_Login:37 - Entering login credentials.
2025-02-18 10:40:51 DEBUG TC02_Login:37 - Entering login credentials.
2025-02-18 10:40:51 DEBUG BaseClass:116 - WebDriver instance set successfully.
2025-02-18 10:40:52 DEBUG TC02_Login:43 - Verifying login success.
2025-02-18 10:40:52 INFO  TC02_Login:46 - Login success status: true
2025-02-18 10:40:52 INFO  TC02_Login:50 - Login verification passed.
2025-02-18 10:40:52 DEBUG TC02_Login:43 - Verifying login success.
2025-02-18 10:40:52 INFO  TC02_Login:46 - Login success status: true
2025-02-18 10:40:52 INFO  TC02_Login:50 - Login verification passed.
2025-02-18 10:40:52 INFO  TC02_Login:55 - User logged out successfully.
2025-02-18 10:40:52 INFO  TC02_Login:67 - Test execution completed: testLogin
2025-02-18 10:40:52 INFO  TC02_Login:24 - Starting test: testLogin with Email: sid@cloudberry.services and Password: Test123
2025-02-18 10:40:52 DEBUG TC02_Login:32 - Navigating to HomePage
2025-02-18 10:40:52 INFO  TC02_Login:55 - User logged out successfully.
2025-02-18 10:40:52 INFO  TC02_Login:67 - Test execution completed: testLogin
2025-02-18 10:40:52 INFO  TC02_Login:24 - Starting test: testLogin with Email: shalaka.dongre@gmail.com and Password: Test123!
2025-02-18 10:40:52 DEBUG TC02_Login:32 - Navigating to HomePage
2025-02-18 10:40:53 DEBUG TC02_Login:37 - Entering login credentials.
2025-02-18 10:40:53 DEBUG TC02_Login:37 - Entering login credentials.
2025-02-18 10:40:54 INFO  BaseClass:124 - Successfully launched application URL: https://tutorialsninja.com/demo/
2025-02-18 10:40:54 INFO  TC05_AddAnItemToWishList:19 - Starting test: testAddToWishList
2025-02-18 10:40:54 DEBUG TC05_AddAnItemToWishList:27 - Navigating to HomePage and selecting Laptops & Notebooks category.
2025-02-18 10:40:54 DEBUG TC02_Login:43 - Verifying login success.
2025-02-18 10:40:54 INFO  TC02_Login:46 - Login success status: true
2025-02-18 10:40:54 INFO  TC02_Login:50 - Login verification passed.
2025-02-18 10:40:54 DEBUG TC02_Login:43 - Verifying login success.
2025-02-18 10:40:54 INFO  TC02_Login:46 - Login success status: true
2025-02-18 10:40:54 INFO  TC02_Login:50 - Login verification passed.
2025-02-18 10:40:54 DEBUG TC05_AddAnItemToWishList:31 - Selecting a product from the category.
2025-02-18 10:40:54 INFO  TC02_Login:55 - User logged out successfully.
2025-02-18 10:40:54 INFO  TC02_Login:67 - Test execution completed: testLogin
2025-02-18 10:40:54 INFO  TC02_Login:24 - Starting test: testLogin with Email: otisdog22@yahoo.com and Password: 1234QWERT
2025-02-18 10:40:54 DEBUG TC02_Login:32 - Navigating to HomePage
2025-02-18 10:40:55 INFO  TC02_Login:55 - User logged out successfully.
2025-02-18 10:40:55 INFO  TC02_Login:67 - Test execution completed: testLogin
2025-02-18 10:40:55 INFO  BaseClass:136 - Closing browser...
2025-02-18 10:40:55 DEBUG TC02_Login:37 - Entering login credentials.
2025-02-18 10:40:55 DEBUG TC05_AddAnItemToWishList:35 - Adding product to the wishlist.
2025-02-18 10:40:55 DEBUG TC05_AddAnItemToWishList:39 - Verifying success message for adding to wishlist.
2025-02-18 10:40:55 INFO  BaseClass:139 - Browser closed and WebDriver instance removed.
2025-02-18 10:40:55 INFO  BaseClass:46 - Starting Test Execution - OS: windows, Browser: firefox
2025-02-18 10:40:55 DEBUG BaseClass:53 - Successfully loaded config.properties file.
2025-02-18 10:40:55 INFO  BaseClass:107 - Launching Firefox Browser
2025-02-18 10:40:55 INFO  TC05_AddAnItemToWishList:41 - Wishlist success message status: true
2025-02-18 10:40:55 INFO  TC05_AddAnItemToWishList:45 - Product successfully added to wishlist.
2025-02-18 10:40:55 INFO  TC05_AddAnItemToWishList:56 - Test execution completed: testAddToWishList
2025-02-18 10:40:55 INFO  BaseClass:136 - Closing browser...
2025-02-18 10:40:55 INFO  BaseClass:139 - Browser closed and WebDriver instance removed.
2025-02-18 10:40:55 INFO  BaseClass:46 - Starting Test Execution - OS: windows, Browser: chrome
2025-02-18 10:40:55 DEBUG BaseClass:53 - Successfully loaded config.properties file.
2025-02-18 10:40:55 INFO  BaseClass:99 - Launching Chrome Browser
2025-02-18 10:40:55 DEBUG TC02_Login:43 - Verifying login success.
2025-02-18 10:40:55 INFO  TC02_Login:46 - Login success status: true
2025-02-18 10:40:55 INFO  TC02_Login:50 - Login verification passed.
2025-02-18 10:40:56 DEBUG BaseClass:116 - WebDriver instance set successfully.
2025-02-18 10:40:56 INFO  TC02_Login:55 - User logged out successfully.
2025-02-18 10:40:56 INFO  TC02_Login:67 - Test execution completed: testLogin
2025-02-18 10:40:56 INFO  TC02_Login:24 - Starting test: testLogin with Email: shalaka.dongre@gmail.com and Password: Test123!
2025-02-18 10:40:56 DEBUG TC02_Login:32 - Navigating to HomePage
2025-02-18 10:40:56 DEBUG TC02_Login:37 - Entering login credentials.
2025-02-18 10:40:57 DEBUG BaseClass:116 - WebDriver instance set successfully.
2025-02-18 10:40:57 DEBUG TC02_Login:43 - Verifying login success.
2025-02-18 10:40:57 INFO  TC02_Login:46 - Login success status: true
2025-02-18 10:40:57 INFO  TC02_Login:50 - Login verification passed.
2025-02-18 10:40:58 INFO  TC02_Login:55 - User logged out successfully.
2025-02-18 10:40:58 INFO  TC02_Login:67 - Test execution completed: testLogin
2025-02-18 10:40:58 INFO  BaseClass:136 - Closing browser...
2025-02-18 10:40:58 INFO  BaseClass:124 - Successfully launched application URL: https://tutorialsninja.com/demo/
2025-02-18 10:40:58 INFO  TC04_CompletePurchase:23 - Starting test: testCompletePurchase
2025-02-18 10:40:58 DEBUG TC04_CompletePurchase:31 - Navigating to HomePage and selecting Laptops & Notebooks category.
2025-02-18 10:40:59 DEBUG TC04_CompletePurchase:35 - Selecting a product from the category.
2025-02-18 10:40:59 INFO  BaseClass:139 - Browser closed and WebDriver instance removed.
2025-02-18 10:40:59 INFO  BaseClass:46 - Starting Test Execution - OS: windows, Browser: edge
2025-02-18 10:40:59 DEBUG BaseClass:53 - Successfully loaded config.properties file.
2025-02-18 10:40:59 INFO  BaseClass:103 - Launching Edge Browser
2025-02-18 10:40:59 INFO  BaseClass:124 - Successfully launched application URL: https://tutorialsninja.com/demo/
2025-02-18 10:40:59 INFO  TC05_AddAnItemToWishList:19 - Starting test: testAddToWishList
2025-02-18 10:40:59 DEBUG TC05_AddAnItemToWishList:27 - Navigating to HomePage and selecting Laptops & Notebooks category.
2025-02-18 10:40:59 DEBUG TC04_CompletePurchase:39 - Setting up delivery date and adding product to cart.
2025-02-18 10:41:00 DEBUG TC04_CompletePurchase:44 - Proceeding to checkout.
2025-02-18 10:41:00 DEBUG TC05_AddAnItemToWishList:31 - Selecting a product from the category.
2025-02-18 10:41:00 DEBUG BaseClass:116 - WebDriver instance set successfully.
2025-02-18 10:41:00 DEBUG TC05_AddAnItemToWishList:35 - Adding product to the wishlist.
2025-02-18 10:41:01 DEBUG TC04_CompletePurchase:47 - Logging in to complete purchase.
2025-02-18 10:41:01 DEBUG TC05_AddAnItemToWishList:39 - Verifying success message for adding to wishlist.
2025-02-18 10:41:01 INFO  TC05_AddAnItemToWishList:41 - Wishlist success message status: true
2025-02-18 10:41:01 INFO  TC05_AddAnItemToWishList:45 - Product successfully added to wishlist.
2025-02-18 10:41:01 INFO  TC05_AddAnItemToWishList:56 - Test execution completed: testAddToWishList
2025-02-18 10:41:01 INFO  BaseClass:136 - Closing browser...
2025-02-18 10:41:01 DEBUG TC04_CompletePurchase:53 - Completing checkout process.
2025-02-18 10:41:01 INFO  BaseClass:139 - Browser closed and WebDriver instance removed.
2025-02-18 10:41:01 INFO  BaseClass:46 - Starting Test Execution - OS: windows, Browser: firefox
2025-02-18 10:41:01 DEBUG BaseClass:53 - Successfully loaded config.properties file.
2025-02-18 10:41:01 INFO  BaseClass:107 - Launching Firefox Browser
2025-02-18 10:41:02 INFO  BaseClass:124 - Successfully launched application URL: https://tutorialsninja.com/demo/
2025-02-18 10:41:02 INFO  TC05_AddAnItemToWishList:19 - Starting test: testAddToWishList
2025-02-18 10:41:02 DEBUG TC05_AddAnItemToWishList:27 - Navigating to HomePage and selecting Laptops & Notebooks category.
2025-02-18 10:41:03 DEBUG TC05_AddAnItemToWishList:31 - Selecting a product from the category.
2025-02-18 10:41:04 DEBUG TC05_AddAnItemToWishList:35 - Adding product to the wishlist.
2025-02-18 10:41:04 DEBUG TC05_AddAnItemToWishList:39 - Verifying success message for adding to wishlist.
2025-02-18 10:41:04 DEBUG BaseClass:116 - WebDriver instance set successfully.
2025-02-18 10:41:04 INFO  TC05_AddAnItemToWishList:41 - Wishlist success message status: true
2025-02-18 10:41:04 INFO  TC05_AddAnItemToWishList:45 - Product successfully added to wishlist.
2025-02-18 10:41:04 INFO  TC05_AddAnItemToWishList:56 - Test execution completed: testAddToWishList
2025-02-18 10:41:04 INFO  BaseClass:136 - Closing browser...
2025-02-18 10:41:05 INFO  BaseClass:139 - Browser closed and WebDriver instance removed.
2025-02-18 10:41:05 INFO  BaseClass:46 - Starting Test Execution - OS: windows, Browser: edge
2025-02-18 10:41:05 DEBUG BaseClass:53 - Successfully loaded config.properties file.
2025-02-18 10:41:05 INFO  BaseClass:103 - Launching Edge Browser
2025-02-18 10:41:06 INFO  BaseClass:124 - Successfully launched application URL: https://tutorialsninja.com/demo/
2025-02-18 10:41:06 INFO  TC04_CompletePurchase:23 - Starting test: testCompletePurchase
2025-02-18 10:41:06 DEBUG TC04_CompletePurchase:31 - Navigating to HomePage and selecting Laptops & Notebooks category.
2025-02-18 10:41:07 DEBUG BaseClass:116 - WebDriver instance set successfully.
2025-02-18 10:41:07 DEBUG TC04_CompletePurchase:35 - Selecting a product from the category.
2025-02-18 10:41:08 DEBUG TC04_CompletePurchase:39 - Setting up delivery date and adding product to cart.
2025-02-18 10:41:08 DEBUG TC04_CompletePurchase:44 - Proceeding to checkout.
2025-02-18 10:41:09 DEBUG TC04_CompletePurchase:47 - Logging in to complete purchase.
2025-02-18 10:41:09 ERROR TC04_CompletePurchase:71 - Unexpected error occurred during test execution: Element <input id="button-login" class="btn btn-primary" type="button"> could not be scrolled into view
Build info: version: '4.28.1', revision: '73f5ad48a2'
System info: os.name: 'Mac OS X', os.arch: 'aarch64', os.version: '15.3', java.version: '23.0.1'
Driver info: org.openqa.selenium.firefox.FirefoxDriver
Command: [9e6217f3-f51f-4158-8327-06a180500596, clickElement {id=b48abbad-7d5c-4c4d-88d1-c1ccd2aa0725}]
Capabilities {acceptInsecureCerts: true, browserName: firefox, browserVersion: 135.0.1, moz:accessibilityChecks: false, moz:buildID: 20250216192613, moz:debuggerAddress: 127.0.0.1:16109, moz:geckodriverVersion: 0.35.0, moz:headless: false, moz:platformVersion: 24.3.0, moz:processID: 23375, moz:profile: /var/folders/sd/624vnc_j4s7..., moz:shutdownTimeout: 60000, moz:webdriverClick: true, moz:windowless: false, pageLoadStrategy: normal, platformName: mac, proxy: Proxy(), se:cdp: ws://127.0.0.1:16109/devtoo..., se:cdpVersion: 85.0, setWindowRect: true, strictFileInteractability: false, timeouts: {implicit: 0, pageLoad: 300000, script: 30000}, unhandledPromptBehavior: dismiss and notify, userAgent: Mozilla/5.0 (Macintosh; Int...}
Element: [[FirefoxDriver: firefox on mac (9e6217f3-f51f-4158-8327-06a180500596)] -> xpath: //input[@value='Login']]
Session ID: 9e6217f3-f51f-4158-8327-06a180500596
org.openqa.selenium.ElementNotInteractableException: Element <input id="button-login" class="btn btn-primary" type="button"> could not be scrolled into view
Build info: version: '4.28.1', revision: '73f5ad48a2'
System info: os.name: 'Mac OS X', os.arch: 'aarch64', os.version: '15.3', java.version: '23.0.1'
Driver info: org.openqa.selenium.firefox.FirefoxDriver
Command: [9e6217f3-f51f-4158-8327-06a180500596, clickElement {id=b48abbad-7d5c-4c4d-88d1-c1ccd2aa0725}]
Capabilities {acceptInsecureCerts: true, browserName: firefox, browserVersion: 135.0.1, moz:accessibilityChecks: false, moz:buildID: 20250216192613, moz:debuggerAddress: 127.0.0.1:16109, moz:geckodriverVersion: 0.35.0, moz:headless: false, moz:platformVersion: 24.3.0, moz:processID: 23375, moz:profile: /var/folders/sd/624vnc_j4s7..., moz:shutdownTimeout: 60000, moz:webdriverClick: true, moz:windowless: false, pageLoadStrategy: normal, platformName: mac, proxy: Proxy(), se:cdp: ws://127.0.0.1:16109/devtoo..., se:cdpVersion: 85.0, setWindowRect: true, strictFileInteractability: false, timeouts: {implicit: 0, pageLoad: 300000, script: 30000}, unhandledPromptBehavior: dismiss and notify, userAgent: Mozilla/5.0 (Macintosh; Int...}
Element: [[FirefoxDriver: firefox on mac (9e6217f3-f51f-4158-8327-06a180500596)] -> xpath: //input[@value='Login']]
Session ID: 9e6217f3-f51f-4158-8327-06a180500596
	at java.base/jdk.internal.reflect.DirectConstructorHandleAccessor.newInstance(DirectConstructorHandleAccessor.java:62) ~[?:?]
	at java.base/java.lang.reflect.Constructor.newInstanceWithCaller(Constructor.java:501) ~[?:?]
	at java.base/java.lang.reflect.Constructor.newInstance(Constructor.java:485) ~[?:?]
	at org.openqa.selenium.remote.ErrorCodec.decode(ErrorCodec.java:167) ~[selenium-remote-driver-4.28.1.jar:?]
	at org.openqa.selenium.remote.codec.w3c.W3CHttpResponseCodec.decode(W3CHttpResponseCodec.java:138) ~[selenium-remote-driver-4.28.1.jar:?]
	at org.openqa.selenium.remote.codec.w3c.W3CHttpResponseCodec.decode(W3CHttpResponseCodec.java:50) ~[selenium-remote-driver-4.28.1.jar:?]
	at org.openqa.selenium.remote.HttpCommandExecutor.execute(HttpCommandExecutor.java:215) ~[selenium-remote-driver-4.28.1.jar:?]
	at org.openqa.selenium.remote.service.DriverCommandExecutor.invokeExecute(DriverCommandExecutor.java:216) ~[selenium-remote-driver-4.28.1.jar:?]
	at org.openqa.selenium.remote.service.DriverCommandExecutor.execute(DriverCommandExecutor.java:174) ~[selenium-remote-driver-4.28.1.jar:?]
	at org.openqa.selenium.remote.RemoteWebDriver.execute(RemoteWebDriver.java:545) ~[selenium-remote-driver-4.28.1.jar:?]
	at org.openqa.selenium.remote.RemoteWebElement.execute(RemoteWebElement.java:223) ~[selenium-remote-driver-4.28.1.jar:?]
	at org.openqa.selenium.remote.RemoteWebElement.click(RemoteWebElement.java:76) ~[selenium-remote-driver-4.28.1.jar:?]
	at java.base/jdk.internal.reflect.DirectMethodHandleAccessor.invoke(DirectMethodHandleAccessor.java:103) ~[?:?]
	at java.base/java.lang.reflect.Method.invoke(Method.java:580) ~[?:?]
	at org.openqa.selenium.support.pagefactory.internal.LocatingElementHandler.invoke(LocatingElementHandler.java:51) ~[selenium-support-4.28.1.jar:?]
	at jdk.proxy2/jdk.proxy2.$Proxy27.click(Unknown Source) ~[?:?]
	at pageObjects.LoginPage.clickLogin(LoginPage.java:31) ~[test-classes/:?]
	at testCases.TC04_CompletePurchase.testCompletePurchase(TC04_CompletePurchase.java:51) ~[test-classes/:?]
	at java.base/jdk.internal.reflect.DirectMethodHandleAccessor.invoke(DirectMethodHandleAccessor.java:103) ~[?:?]
	at java.base/java.lang.reflect.Method.invoke(Method.java:580) ~[?:?]
	at org.testng.internal.invokers.MethodInvocationHelper.invokeMethod(MethodInvocationHelper.java:141) ~[testng-7.10.2.jar:7.10.2]
	at org.testng.internal.invokers.TestInvoker.invokeMethod(TestInvoker.java:686) ~[testng-7.10.2.jar:7.10.2]
	at org.testng.internal.invokers.TestInvoker.invokeTestMethod(TestInvoker.java:230) ~[testng-7.10.2.jar:7.10.2]
	at org.testng.internal.invokers.MethodRunner.runInSequence(MethodRunner.java:63) ~[testng-7.10.2.jar:7.10.2]
	at org.testng.internal.invokers.TestInvoker$MethodInvocationAgent.invoke(TestInvoker.java:992) ~[testng-7.10.2.jar:7.10.2]
	at org.testng.internal.invokers.TestInvoker.invokeTestMethods(TestInvoker.java:203) ~[testng-7.10.2.jar:7.10.2]
	at org.testng.internal.invokers.TestMethodWorker.invokeTestMethods(TestMethodWorker.java:154) ~[testng-7.10.2.jar:7.10.2]
	at org.testng.internal.invokers.TestMethodWorker.run(TestMethodWorker.java:134) ~[testng-7.10.2.jar:7.10.2]
	at java.base/java.util.ArrayList.forEach(ArrayList.java:1597) ~[?:?]
	at org.testng.TestRunner.privateRun(TestRunner.java:739) ~[testng-7.10.2.jar:7.10.2]
	at org.testng.TestRunner.run(TestRunner.java:614) ~[testng-7.10.2.jar:7.10.2]
	at org.testng.SuiteRunner.runTest(SuiteRunner.java:421) ~[testng-7.10.2.jar:7.10.2]
	at org.testng.SuiteRunner$SuiteWorker.run(SuiteRunner.java:463) ~[testng-7.10.2.jar:7.10.2]
	at org.testng.internal.thread.ThreadUtil.lambda$execute$0(ThreadUtil.java:64) ~[testng-7.10.2.jar:7.10.2]
	at java.base/java.util.concurrent.FutureTask.run(FutureTask.java:317) ~[?:?]
	at java.base/java.util.concurrent.ThreadPoolExecutor.runWorker(ThreadPoolExecutor.java:1144) ~[?:?]
	at java.base/java.util.concurrent.ThreadPoolExecutor$Worker.run(ThreadPoolExecutor.java:642) ~[?:?]
	at java.base/java.lang.Thread.run(Thread.java:1575) [?:?]
2025-02-18 10:41:09 WARN  RetryAnalyzer:18 - Retrying test 'testCompletePurchase' (1 of 2)
2025-02-18 10:41:09 INFO  TC04_CompletePurchase:23 - Starting test: testCompletePurchase
2025-02-18 10:41:09 DEBUG TC04_CompletePurchase:31 - Navigating to HomePage and selecting Laptops & Notebooks category.
2025-02-18 10:41:09 INFO  BaseClass:124 - Successfully launched application URL: https://tutorialsninja.com/demo/
2025-02-18 10:41:09 INFO  TC04_CompletePurchase:23 - Starting test: testCompletePurchase
2025-02-18 10:41:09 DEBUG TC04_CompletePurchase:31 - Navigating to HomePage and selecting Laptops & Notebooks category.
2025-02-18 10:41:09 DEBUG TC04_CompletePurchase:35 - Selecting a product from the category.
2025-02-18 10:41:09 ERROR TC04_CompletePurchase:71 - Unexpected error occurred during test execution: Element <a href="https://tutorialsninja.com/demo/index.php?route=product/product&product_id=47"> could not be scrolled into view
Build info: version: '4.28.1', revision: '73f5ad48a2'
System info: os.name: 'Mac OS X', os.arch: 'aarch64', os.version: '15.3', java.version: '23.0.1'
Driver info: org.openqa.selenium.firefox.FirefoxDriver
Command: [9e6217f3-f51f-4158-8327-06a180500596, clickElement {id=59dd55ce-8686-4a10-9cf2-62dcb65598fd}]
Capabilities {acceptInsecureCerts: true, browserName: firefox, browserVersion: 135.0.1, moz:accessibilityChecks: false, moz:buildID: 20250216192613, moz:debuggerAddress: 127.0.0.1:16109, moz:geckodriverVersion: 0.35.0, moz:headless: false, moz:platformVersion: 24.3.0, moz:processID: 23375, moz:profile: /var/folders/sd/624vnc_j4s7..., moz:shutdownTimeout: 60000, moz:webdriverClick: true, moz:windowless: false, pageLoadStrategy: normal, platformName: mac, proxy: Proxy(), se:cdp: ws://127.0.0.1:16109/devtoo..., se:cdpVersion: 85.0, setWindowRect: true, strictFileInteractability: false, timeouts: {implicit: 0, pageLoad: 300000, script: 30000}, unhandledPromptBehavior: dismiss and notify, userAgent: Mozilla/5.0 (Macintosh; Int...}
Element: [[FirefoxDriver: firefox on mac (9e6217f3-f51f-4158-8327-06a180500596)] -> xpath: //a[normalize-space()='HP LP3065']]
Session ID: 9e6217f3-f51f-4158-8327-06a180500596
org.openqa.selenium.ElementNotInteractableException: Element <a href="https://tutorialsninja.com/demo/index.php?route=product/product&product_id=47"> could not be scrolled into view
Build info: version: '4.28.1', revision: '73f5ad48a2'
System info: os.name: 'Mac OS X', os.arch: 'aarch64', os.version: '15.3', java.version: '23.0.1'
Driver info: org.openqa.selenium.firefox.FirefoxDriver
Command: [9e6217f3-f51f-4158-8327-06a180500596, clickElement {id=59dd55ce-8686-4a10-9cf2-62dcb65598fd}]
Capabilities {acceptInsecureCerts: true, browserName: firefox, browserVersion: 135.0.1, moz:accessibilityChecks: false, moz:buildID: 20250216192613, moz:debuggerAddress: 127.0.0.1:16109, moz:geckodriverVersion: 0.35.0, moz:headless: false, moz:platformVersion: 24.3.0, moz:processID: 23375, moz:profile: /var/folders/sd/624vnc_j4s7..., moz:shutdownTimeout: 60000, moz:webdriverClick: true, moz:windowless: false, pageLoadStrategy: normal, platformName: mac, proxy: Proxy(), se:cdp: ws://127.0.0.1:16109/devtoo..., se:cdpVersion: 85.0, setWindowRect: true, strictFileInteractability: false, timeouts: {implicit: 0, pageLoad: 300000, script: 30000}, unhandledPromptBehavior: dismiss and notify, userAgent: Mozilla/5.0 (Macintosh; Int...}
Element: [[FirefoxDriver: firefox on mac (9e6217f3-f51f-4158-8327-06a180500596)] -> xpath: //a[normalize-space()='HP LP3065']]
Session ID: 9e6217f3-f51f-4158-8327-06a180500596
	at java.base/jdk.internal.reflect.DirectConstructorHandleAccessor.newInstance(DirectConstructorHandleAccessor.java:62) ~[?:?]
	at java.base/java.lang.reflect.Constructor.newInstanceWithCaller(Constructor.java:501) ~[?:?]
	at java.base/java.lang.reflect.Constructor.newInstance(Constructor.java:485) ~[?:?]
	at org.openqa.selenium.remote.ErrorCodec.decode(ErrorCodec.java:167) ~[selenium-remote-driver-4.28.1.jar:?]
	at org.openqa.selenium.remote.codec.w3c.W3CHttpResponseCodec.decode(W3CHttpResponseCodec.java:138) ~[selenium-remote-driver-4.28.1.jar:?]
	at org.openqa.selenium.remote.codec.w3c.W3CHttpResponseCodec.decode(W3CHttpResponseCodec.java:50) ~[selenium-remote-driver-4.28.1.jar:?]
	at org.openqa.selenium.remote.HttpCommandExecutor.execute(HttpCommandExecutor.java:215) ~[selenium-remote-driver-4.28.1.jar:?]
	at org.openqa.selenium.remote.service.DriverCommandExecutor.invokeExecute(DriverCommandExecutor.java:216) ~[selenium-remote-driver-4.28.1.jar:?]
	at org.openqa.selenium.remote.service.DriverCommandExecutor.execute(DriverCommandExecutor.java:174) ~[selenium-remote-driver-4.28.1.jar:?]
	at org.openqa.selenium.remote.RemoteWebDriver.execute(RemoteWebDriver.java:545) ~[selenium-remote-driver-4.28.1.jar:?]
	at org.openqa.selenium.remote.RemoteWebElement.execute(RemoteWebElement.java:223) ~[selenium-remote-driver-4.28.1.jar:?]
	at org.openqa.selenium.remote.RemoteWebElement.click(RemoteWebElement.java:76) ~[selenium-remote-driver-4.28.1.jar:?]
	at java.base/jdk.internal.reflect.DirectMethodHandleAccessor.invoke(DirectMethodHandleAccessor.java:103) ~[?:?]
	at java.base/java.lang.reflect.Method.invoke(Method.java:580) ~[?:?]
	at org.openqa.selenium.support.pagefactory.internal.LocatingElementHandler.invoke(LocatingElementHandler.java:51) ~[selenium-support-4.28.1.jar:?]
	at jdk.proxy2/jdk.proxy2.$Proxy27.click(Unknown Source) ~[?:?]
	at pageObjects.CategoryPage.selectProduct(CategoryPage.java:17) ~[test-classes/:?]
	at testCases.TC04_CompletePurchase.testCompletePurchase(TC04_CompletePurchase.java:37) ~[test-classes/:?]
	at java.base/jdk.internal.reflect.DirectMethodHandleAccessor.invoke(DirectMethodHandleAccessor.java:103) ~[?:?]
	at java.base/java.lang.reflect.Method.invoke(Method.java:580) ~[?:?]
	at org.testng.internal.invokers.MethodInvocationHelper.invokeMethod(MethodInvocationHelper.java:141) ~[testng-7.10.2.jar:7.10.2]
	at org.testng.internal.invokers.TestInvoker.invokeMethod(TestInvoker.java:686) ~[testng-7.10.2.jar:7.10.2]
	at org.testng.internal.invokers.TestInvoker.retryFailed(TestInvoker.java:269) ~[testng-7.10.2.jar:7.10.2]
	at org.testng.internal.invokers.MethodRunner.runInSequence(MethodRunner.java:76) ~[testng-7.10.2.jar:7.10.2]
	at org.testng.internal.invokers.TestInvoker$MethodInvocationAgent.invoke(TestInvoker.java:992) ~[testng-7.10.2.jar:7.10.2]
	at org.testng.internal.invokers.TestInvoker.invokeTestMethods(TestInvoker.java:203) ~[testng-7.10.2.jar:7.10.2]
	at org.testng.internal.invokers.TestMethodWorker.invokeTestMethods(TestMethodWorker.java:154) ~[testng-7.10.2.jar:7.10.2]
	at org.testng.internal.invokers.TestMethodWorker.run(TestMethodWorker.java:134) ~[testng-7.10.2.jar:7.10.2]
	at java.base/java.util.ArrayList.forEach(ArrayList.java:1597) ~[?:?]
	at org.testng.TestRunner.privateRun(TestRunner.java:739) ~[testng-7.10.2.jar:7.10.2]
	at org.testng.TestRunner.run(TestRunner.java:614) ~[testng-7.10.2.jar:7.10.2]
	at org.testng.SuiteRunner.runTest(SuiteRunner.java:421) ~[testng-7.10.2.jar:7.10.2]
	at org.testng.SuiteRunner$SuiteWorker.run(SuiteRunner.java:463) ~[testng-7.10.2.jar:7.10.2]
	at org.testng.internal.thread.ThreadUtil.lambda$execute$0(ThreadUtil.java:64) ~[testng-7.10.2.jar:7.10.2]
	at java.base/java.util.concurrent.FutureTask.run(FutureTask.java:317) ~[?:?]
	at java.base/java.util.concurrent.ThreadPoolExecutor.runWorker(ThreadPoolExecutor.java:1144) ~[?:?]
	at java.base/java.util.concurrent.ThreadPoolExecutor$Worker.run(ThreadPoolExecutor.java:642) ~[?:?]
	at java.base/java.lang.Thread.run(Thread.java:1575) [?:?]
2025-02-18 10:41:09 WARN  RetryAnalyzer:18 - Retrying test 'testCompletePurchase' (2 of 2)
2025-02-18 10:41:09 INFO  TC04_CompletePurchase:23 - Starting test: testCompletePurchase
2025-02-18 10:41:09 DEBUG TC04_CompletePurchase:31 - Navigating to HomePage and selecting Laptops & Notebooks category.
2025-02-18 10:41:10 DEBUG TC04_CompletePurchase:35 - Selecting a product from the category.
2025-02-18 10:41:10 DEBUG TC04_CompletePurchase:35 - Selecting a product from the category.
2025-02-18 10:41:10 ERROR TC04_CompletePurchase:71 - Unexpected error occurred during test execution: Element <a href="https://tutorialsninja.com/demo/index.php?route=product/product&product_id=47"> could not be scrolled into view
Build info: version: '4.28.1', revision: '73f5ad48a2'
System info: os.name: 'Mac OS X', os.arch: 'aarch64', os.version: '15.3', java.version: '23.0.1'
Driver info: org.openqa.selenium.firefox.FirefoxDriver
Command: [9e6217f3-f51f-4158-8327-06a180500596, clickElement {id=72b5060f-a1d3-432c-9243-eaab84a13ba1}]
Capabilities {acceptInsecureCerts: true, browserName: firefox, browserVersion: 135.0.1, moz:accessibilityChecks: false, moz:buildID: 20250216192613, moz:debuggerAddress: 127.0.0.1:16109, moz:geckodriverVersion: 0.35.0, moz:headless: false, moz:platformVersion: 24.3.0, moz:processID: 23375, moz:profile: /var/folders/sd/624vnc_j4s7..., moz:shutdownTimeout: 60000, moz:webdriverClick: true, moz:windowless: false, pageLoadStrategy: normal, platformName: mac, proxy: Proxy(), se:cdp: ws://127.0.0.1:16109/devtoo..., se:cdpVersion: 85.0, setWindowRect: true, strictFileInteractability: false, timeouts: {implicit: 0, pageLoad: 300000, script: 30000}, unhandledPromptBehavior: dismiss and notify, userAgent: Mozilla/5.0 (Macintosh; Int...}
Element: [[FirefoxDriver: firefox on mac (9e6217f3-f51f-4158-8327-06a180500596)] -> xpath: //a[normalize-space()='HP LP3065']]
Session ID: 9e6217f3-f51f-4158-8327-06a180500596
org.openqa.selenium.ElementNotInteractableException: Element <a href="https://tutorialsninja.com/demo/index.php?route=product/product&product_id=47"> could not be scrolled into view
Build info: version: '4.28.1', revision: '73f5ad48a2'
System info: os.name: 'Mac OS X', os.arch: 'aarch64', os.version: '15.3', java.version: '23.0.1'
Driver info: org.openqa.selenium.firefox.FirefoxDriver
Command: [9e6217f3-f51f-4158-8327-06a180500596, clickElement {id=72b5060f-a1d3-432c-9243-eaab84a13ba1}]
Capabilities {acceptInsecureCerts: true, browserName: firefox, browserVersion: 135.0.1, moz:accessibilityChecks: false, moz:buildID: 20250216192613, moz:debuggerAddress: 127.0.0.1:16109, moz:geckodriverVersion: 0.35.0, moz:headless: false, moz:platformVersion: 24.3.0, moz:processID: 23375, moz:profile: /var/folders/sd/624vnc_j4s7..., moz:shutdownTimeout: 60000, moz:webdriverClick: true, moz:windowless: false, pageLoadStrategy: normal, platformName: mac, proxy: Proxy(), se:cdp: ws://127.0.0.1:16109/devtoo..., se:cdpVersion: 85.0, setWindowRect: true, strictFileInteractability: false, timeouts: {implicit: 0, pageLoad: 300000, script: 30000}, unhandledPromptBehavior: dismiss and notify, userAgent: Mozilla/5.0 (Macintosh; Int...}
Element: [[FirefoxDriver: firefox on mac (9e6217f3-f51f-4158-8327-06a180500596)] -> xpath: //a[normalize-space()='HP LP3065']]
Session ID: 9e6217f3-f51f-4158-8327-06a180500596
	at java.base/jdk.internal.reflect.DirectConstructorHandleAccessor.newInstance(DirectConstructorHandleAccessor.java:62) ~[?:?]
	at java.base/java.lang.reflect.Constructor.newInstanceWithCaller(Constructor.java:501) ~[?:?]
	at java.base/java.lang.reflect.Constructor.newInstance(Constructor.java:485) ~[?:?]
	at org.openqa.selenium.remote.ErrorCodec.decode(ErrorCodec.java:167) ~[selenium-remote-driver-4.28.1.jar:?]
	at org.openqa.selenium.remote.codec.w3c.W3CHttpResponseCodec.decode(W3CHttpResponseCodec.java:138) ~[selenium-remote-driver-4.28.1.jar:?]
	at org.openqa.selenium.remote.codec.w3c.W3CHttpResponseCodec.decode(W3CHttpResponseCodec.java:50) ~[selenium-remote-driver-4.28.1.jar:?]
	at org.openqa.selenium.remote.HttpCommandExecutor.execute(HttpCommandExecutor.java:215) ~[selenium-remote-driver-4.28.1.jar:?]
	at org.openqa.selenium.remote.service.DriverCommandExecutor.invokeExecute(DriverCommandExecutor.java:216) ~[selenium-remote-driver-4.28.1.jar:?]
	at org.openqa.selenium.remote.service.DriverCommandExecutor.execute(DriverCommandExecutor.java:174) ~[selenium-remote-driver-4.28.1.jar:?]
	at org.openqa.selenium.remote.RemoteWebDriver.execute(RemoteWebDriver.java:545) ~[selenium-remote-driver-4.28.1.jar:?]
	at org.openqa.selenium.remote.RemoteWebElement.execute(RemoteWebElement.java:223) ~[selenium-remote-driver-4.28.1.jar:?]
	at org.openqa.selenium.remote.RemoteWebElement.click(RemoteWebElement.java:76) ~[selenium-remote-driver-4.28.1.jar:?]
	at java.base/jdk.internal.reflect.DirectMethodHandleAccessor.invoke(DirectMethodHandleAccessor.java:103) ~[?:?]
	at java.base/java.lang.reflect.Method.invoke(Method.java:580) ~[?:?]
	at org.openqa.selenium.support.pagefactory.internal.LocatingElementHandler.invoke(LocatingElementHandler.java:51) ~[selenium-support-4.28.1.jar:?]
	at jdk.proxy2/jdk.proxy2.$Proxy27.click(Unknown Source) ~[?:?]
	at pageObjects.CategoryPage.selectProduct(CategoryPage.java:17) ~[test-classes/:?]
	at testCases.TC04_CompletePurchase.testCompletePurchase(TC04_CompletePurchase.java:37) ~[test-classes/:?]
	at java.base/jdk.internal.reflect.DirectMethodHandleAccessor.invoke(DirectMethodHandleAccessor.java:103) ~[?:?]
	at java.base/java.lang.reflect.Method.invoke(Method.java:580) ~[?:?]
	at org.testng.internal.invokers.MethodInvocationHelper.invokeMethod(MethodInvocationHelper.java:141) ~[testng-7.10.2.jar:7.10.2]
	at org.testng.internal.invokers.TestInvoker.invokeMethod(TestInvoker.java:686) ~[testng-7.10.2.jar:7.10.2]
	at org.testng.internal.invokers.TestInvoker.retryFailed(TestInvoker.java:269) ~[testng-7.10.2.jar:7.10.2]
	at org.testng.internal.invokers.MethodRunner.runInSequence(MethodRunner.java:76) ~[testng-7.10.2.jar:7.10.2]
	at org.testng.internal.invokers.TestInvoker$MethodInvocationAgent.invoke(TestInvoker.java:992) ~[testng-7.10.2.jar:7.10.2]
	at org.testng.internal.invokers.TestInvoker.invokeTestMethods(TestInvoker.java:203) ~[testng-7.10.2.jar:7.10.2]
	at org.testng.internal.invokers.TestMethodWorker.invokeTestMethods(TestMethodWorker.java:154) ~[testng-7.10.2.jar:7.10.2]
	at org.testng.internal.invokers.TestMethodWorker.run(TestMethodWorker.java:134) ~[testng-7.10.2.jar:7.10.2]
	at java.base/java.util.ArrayList.forEach(ArrayList.java:1597) ~[?:?]
	at org.testng.TestRunner.privateRun(TestRunner.java:739) ~[testng-7.10.2.jar:7.10.2]
	at org.testng.TestRunner.run(TestRunner.java:614) ~[testng-7.10.2.jar:7.10.2]
	at org.testng.SuiteRunner.runTest(SuiteRunner.java:421) ~[testng-7.10.2.jar:7.10.2]
	at org.testng.SuiteRunner$SuiteWorker.run(SuiteRunner.java:463) ~[testng-7.10.2.jar:7.10.2]
	at org.testng.internal.thread.ThreadUtil.lambda$execute$0(ThreadUtil.java:64) ~[testng-7.10.2.jar:7.10.2]
	at java.base/java.util.concurrent.FutureTask.run(FutureTask.java:317) ~[?:?]
	at java.base/java.util.concurrent.ThreadPoolExecutor.runWorker(ThreadPoolExecutor.java:1144) ~[?:?]
	at java.base/java.util.concurrent.ThreadPoolExecutor$Worker.run(ThreadPoolExecutor.java:642) ~[?:?]
	at java.base/java.lang.Thread.run(Thread.java:1575) [?:?]
2025-02-18 10:41:10 ERROR ExtentReportManager:68 - Screenshot capture failed: /Users/bindu/eclipse-workspace/NinjaV6/screenshots/testCompletePurchase_20250218104110.png
java.nio.file.NoSuchFileException: /Users/bindu/eclipse-workspace/NinjaV6/screenshots/testCompletePurchase_20250218104110.png
	at java.base/sun.nio.fs.UnixException.translateToIOException(UnixException.java:92) ~[?:?]
	at java.base/sun.nio.fs.UnixException.rethrowAsIOException(UnixException.java:106) ~[?:?]
	at java.base/sun.nio.fs.UnixException.rethrowAsIOException(UnixException.java:111) ~[?:?]
	at java.base/sun.nio.fs.UnixFileSystem.copyFile(UnixFileSystem.java:672) ~[?:?]
	at java.base/sun.nio.fs.BsdFileSystem.copyFile(BsdFileSystem.java:154) ~[?:?]
	at java.base/sun.nio.fs.UnixFileSystem.copy(UnixFileSystem.java:1081) ~[?:?]
	at java.base/sun.nio.fs.UnixFileSystemProvider.copy(UnixFileSystemProvider.java:301) ~[?:?]
	at java.base/java.nio.file.Files.copy(Files.java:1305) ~[?:?]
	at testBase.BaseClass.captureScreen(BaseClass.java:157) ~[test-classes/:?]
	at utilities.ExtentReportManager.onTestFailure(ExtentReportManager.java:60) ~[test-classes/:?]
	at org.testng.internal.TestListenerHelper.runTestListeners(TestListenerHelper.java:115) ~[testng-7.10.2.jar:7.10.2]
	at org.testng.internal.invokers.TestInvoker.runTestResultListener(TestInvoker.java:285) ~[testng-7.10.2.jar:7.10.2]
	at org.testng.internal.invokers.TestInvoker.invokeMethod(TestInvoker.java:774) ~[testng-7.10.2.jar:7.10.2]
	at org.testng.internal.invokers.TestInvoker.retryFailed(TestInvoker.java:269) ~[testng-7.10.2.jar:7.10.2]
	at org.testng.internal.invokers.MethodRunner.runInSequence(MethodRunner.java:76) ~[testng-7.10.2.jar:7.10.2]
	at org.testng.internal.invokers.TestInvoker$MethodInvocationAgent.invoke(TestInvoker.java:992) ~[testng-7.10.2.jar:7.10.2]
	at org.testng.internal.invokers.TestInvoker.invokeTestMethods(TestInvoker.java:203) ~[testng-7.10.2.jar:7.10.2]
	at org.testng.internal.invokers.TestMethodWorker.invokeTestMethods(TestMethodWorker.java:154) ~[testng-7.10.2.jar:7.10.2]
	at org.testng.internal.invokers.TestMethodWorker.run(TestMethodWorker.java:134) ~[testng-7.10.2.jar:7.10.2]
	at java.base/java.util.ArrayList.forEach(ArrayList.java:1597) ~[?:?]
	at org.testng.TestRunner.privateRun(TestRunner.java:739) ~[testng-7.10.2.jar:7.10.2]
	at org.testng.TestRunner.run(TestRunner.java:614) ~[testng-7.10.2.jar:7.10.2]
	at org.testng.SuiteRunner.runTest(SuiteRunner.java:421) ~[testng-7.10.2.jar:7.10.2]
	at org.testng.SuiteRunner$SuiteWorker.run(SuiteRunner.java:463) ~[testng-7.10.2.jar:7.10.2]
	at org.testng.internal.thread.ThreadUtil.lambda$execute$0(ThreadUtil.java:64) ~[testng-7.10.2.jar:7.10.2]
	at java.base/java.util.concurrent.FutureTask.run(FutureTask.java:317) ~[?:?]
	at java.base/java.util.concurrent.ThreadPoolExecutor.runWorker(ThreadPoolExecutor.java:1144) ~[?:?]
	at java.base/java.util.concurrent.ThreadPoolExecutor$Worker.run(ThreadPoolExecutor.java:642) ~[?:?]
	at java.base/java.lang.Thread.run(Thread.java:1575) [?:?]
2025-02-18 10:41:10 INFO  BaseClass:136 - Closing browser...
2025-02-18 10:41:10 DEBUG TC04_CompletePurchase:39 - Setting up delivery date and adding product to cart.
2025-02-18 10:41:11 DEBUG TC04_CompletePurchase:44 - Proceeding to checkout.
2025-02-18 10:41:11 INFO  BaseClass:139 - Browser closed and WebDriver instance removed.
2025-02-18 10:41:11 DEBUG TC04_CompletePurchase:47 - Logging in to complete purchase.
2025-02-18 10:41:12 DEBUG TC04_CompletePurchase:53 - Completing checkout process.
2025-02-18 10:42:06 DEBUG TC04_CompletePurchase:57 - Verifying order confirmation.
2025-02-18 10:42:07 INFO  TC04_CompletePurchase:60 - Order confirmation status: true
2025-02-18 10:42:07 INFO  TC04_CompletePurchase:64 - Order successfully confirmed.
2025-02-18 10:42:07 INFO  TC04_CompletePurchase:75 - Test execution completed: testCompletePurchase
2025-02-18 10:42:07 INFO  BaseClass:136 - Closing browser...
2025-02-18 10:42:07 INFO  BaseClass:139 - Browser closed and WebDriver instance removed.
2025-02-18 10:42:17 DEBUG TC04_CompletePurchase:57 - Verifying order confirmation.
2025-02-18 10:42:18 INFO  TC04_CompletePurchase:60 - Order confirmation status: true
2025-02-18 10:42:18 INFO  TC04_CompletePurchase:64 - Order successfully confirmed.
2025-02-18 10:42:18 INFO  TC04_CompletePurchase:75 - Test execution completed: testCompletePurchase
2025-02-18 10:42:18 INFO  BaseClass:136 - Closing browser...
2025-02-18 10:42:19 INFO  BaseClass:139 - Browser closed and WebDriver instance removed.
2025-02-18 15:44:17 DEBUG TestNG:82 - suiteXmlPath: "/Users/bindu/eclipse-workspace/NinjaV6/testng.xml"
2025-02-18 15:44:17 INFO  BaseClass:46 - Starting Test Execution - OS: windows, Browser: chrome
2025-02-18 15:44:17 INFO  BaseClass:46 - Starting Test Execution - OS: windows, Browser: firefox
2025-02-18 15:44:17 INFO  BaseClass:46 - Starting Test Execution - OS: windows, Browser: edge
2025-02-18 15:44:17 DEBUG BaseClass:53 - Successfully loaded config.properties file.
2025-02-18 15:44:17 DEBUG BaseClass:53 - Successfully loaded config.properties file.
2025-02-18 15:44:17 INFO  BaseClass:99 - Launching Chrome Browser
2025-02-18 15:44:17 DEBUG BaseClass:53 - Successfully loaded config.properties file.
2025-02-18 15:44:17 INFO  BaseClass:107 - Launching Firefox Browser
2025-02-18 15:44:17 INFO  BaseClass:103 - Launching Edge Browser
2025-02-18 15:44:20 DEBUG BaseClass:116 - WebDriver instance set successfully.
2025-02-18 15:44:21 DEBUG BaseClass:116 - WebDriver instance set successfully.
2025-02-18 15:44:23 INFO  BaseClass:124 - Successfully launched application URL: https://tutorialsninja.com/demo/
2025-02-18 15:44:23 INFO  TC01_LaunchApplication:18 - Starting test: testLaunchApplication
2025-02-18 15:44:23 DEBUG TC01_LaunchApplication:26 - Navigating to HomePage
2025-02-18 15:44:23 DEBUG TC01_LaunchApplication:29 - Verifying homepage confirmation message.
2025-02-18 15:44:23 INFO  TC01_LaunchApplication:31 - Received homepage confirmation message: Qafox.com
2025-02-18 15:44:23 INFO  TC01_LaunchApplication:35 - Homepage confirmation message matched expected value.
2025-02-18 15:44:23 INFO  TC01_LaunchApplication:46 - Test execution completed: testLaunchApplication
2025-02-18 15:44:23 INFO  BaseClass:136 - Closing browser...
2025-02-18 15:44:23 INFO  BaseClass:139 - Browser closed and WebDriver instance removed.
2025-02-18 15:44:23 INFO  BaseClass:46 - Starting Test Execution - OS: windows, Browser: chrome
2025-02-18 15:44:23 DEBUG BaseClass:53 - Successfully loaded config.properties file.
2025-02-18 15:44:23 INFO  BaseClass:99 - Launching Chrome Browser
2025-02-18 15:44:24 INFO  BaseClass:124 - Successfully launched application URL: https://tutorialsninja.com/demo/
2025-02-18 15:44:24 INFO  TC01_LaunchApplication:18 - Starting test: testLaunchApplication
2025-02-18 15:44:24 DEBUG TC01_LaunchApplication:26 - Navigating to HomePage
2025-02-18 15:44:24 DEBUG TC01_LaunchApplication:29 - Verifying homepage confirmation message.
2025-02-18 15:44:24 INFO  TC01_LaunchApplication:31 - Received homepage confirmation message: Qafox.com
2025-02-18 15:44:24 INFO  TC01_LaunchApplication:35 - Homepage confirmation message matched expected value.
2025-02-18 15:44:24 INFO  TC01_LaunchApplication:46 - Test execution completed: testLaunchApplication
2025-02-18 15:44:24 INFO  BaseClass:136 - Closing browser...
2025-02-18 15:44:25 INFO  BaseClass:139 - Browser closed and WebDriver instance removed.
2025-02-18 15:44:25 INFO  BaseClass:46 - Starting Test Execution - OS: windows, Browser: firefox
2025-02-18 15:44:25 DEBUG BaseClass:53 - Successfully loaded config.properties file.
2025-02-18 15:44:25 INFO  BaseClass:107 - Launching Firefox Browser
2025-02-18 15:44:25 DEBUG BaseClass:116 - WebDriver instance set successfully.
2025-02-18 15:44:27 DEBUG BaseClass:116 - WebDriver instance set successfully.
2025-02-18 15:44:27 DEBUG BaseClass:116 - WebDriver instance set successfully.
2025-02-18 15:44:29 INFO  BaseClass:124 - Successfully launched application URL: https://tutorialsninja.com/demo/
2025-02-18 15:44:29 INFO  TC06_PurchaseAGiftCertificate:18 - Starting test: testPurchaseAGiftCertificate
2025-02-18 15:44:29 DEBUG TC06_PurchaseAGiftCertificate:26 - Navigating to HomePage and clicking Gift Certificate link.
2025-02-18 15:44:29 DEBUG TC06_PurchaseAGiftCertificate:30 - Filling out gift certificate details.
2025-02-18 15:44:30 INFO  BaseClass:124 - Successfully launched application URL: https://tutorialsninja.com/demo/
2025-02-18 15:44:30 INFO  TC01_LaunchApplication:18 - Starting test: testLaunchApplication
2025-02-18 15:44:30 DEBUG TC01_LaunchApplication:26 - Navigating to HomePage
2025-02-18 15:44:30 DEBUG TC01_LaunchApplication:29 - Verifying homepage confirmation message.
2025-02-18 15:44:30 INFO  TC01_LaunchApplication:31 - Received homepage confirmation message: Qafox.com
2025-02-18 15:44:30 INFO  TC01_LaunchApplication:35 - Homepage confirmation message matched expected value.
2025-02-18 15:44:30 INFO  TC01_LaunchApplication:46 - Test execution completed: testLaunchApplication
2025-02-18 15:44:30 INFO  BaseClass:136 - Closing browser...
2025-02-18 15:44:30 INFO  BaseClass:124 - Successfully launched application URL: https://tutorialsninja.com/demo/
2025-02-18 15:44:30 INFO  TC06_PurchaseAGiftCertificate:18 - Starting test: testPurchaseAGiftCertificate
2025-02-18 15:44:30 DEBUG TC06_PurchaseAGiftCertificate:26 - Navigating to HomePage and clicking Gift Certificate link.
2025-02-18 15:44:30 DEBUG TC06_PurchaseAGiftCertificate:38 - Verifying purchase confirmation message.
2025-02-18 15:44:30 INFO  TC06_PurchaseAGiftCertificate:40 - Purchase success message status: true
2025-02-18 15:44:30 INFO  TC06_PurchaseAGiftCertificate:44 - Gift certificate successfully purchased.
2025-02-18 15:44:30 INFO  TC06_PurchaseAGiftCertificate:55 - Test execution completed: testPurchaseAGiftCertificate
2025-02-18 15:44:30 INFO  BaseClass:136 - Closing browser...
2025-02-18 15:44:30 INFO  BaseClass:139 - Browser closed and WebDriver instance removed.
2025-02-18 15:44:30 INFO  BaseClass:46 - Starting Test Execution - OS: windows, Browser: chrome
2025-02-18 15:44:30 DEBUG BaseClass:53 - Successfully loaded config.properties file.
2025-02-18 15:44:30 INFO  BaseClass:99 - Launching Chrome Browser
2025-02-18 15:44:30 DEBUG TC06_PurchaseAGiftCertificate:30 - Filling out gift certificate details.
2025-02-18 15:44:31 INFO  BaseClass:139 - Browser closed and WebDriver instance removed.
2025-02-18 15:44:31 INFO  BaseClass:46 - Starting Test Execution - OS: windows, Browser: edge
2025-02-18 15:44:31 DEBUG BaseClass:53 - Successfully loaded config.properties file.
2025-02-18 15:44:31 INFO  BaseClass:103 - Launching Edge Browser
2025-02-18 15:44:31 DEBUG BaseClass:116 - WebDriver instance set successfully.
2025-02-18 15:44:31 DEBUG TC06_PurchaseAGiftCertificate:38 - Verifying purchase confirmation message.
2025-02-18 15:44:31 INFO  TC06_PurchaseAGiftCertificate:40 - Purchase success message status: true
2025-02-18 15:44:31 INFO  TC06_PurchaseAGiftCertificate:44 - Gift certificate successfully purchased.
2025-02-18 15:44:31 INFO  TC06_PurchaseAGiftCertificate:55 - Test execution completed: testPurchaseAGiftCertificate
2025-02-18 15:44:31 INFO  BaseClass:136 - Closing browser...
2025-02-18 15:44:32 DEBUG BaseClass:116 - WebDriver instance set successfully.
2025-02-18 15:44:32 INFO  BaseClass:139 - Browser closed and WebDriver instance removed.
2025-02-18 15:44:32 INFO  BaseClass:46 - Starting Test Execution - OS: windows, Browser: firefox
2025-02-18 15:44:32 DEBUG BaseClass:53 - Successfully loaded config.properties file.
2025-02-18 15:44:32 INFO  BaseClass:107 - Launching Firefox Browser
2025-02-18 15:44:33 INFO  BaseClass:124 - Successfully launched application URL: https://tutorialsninja.com/demo/
2025-02-18 15:44:33 INFO  TC03_AddToCart:19 - Starting test: testAddToCart
2025-02-18 15:44:33 DEBUG TC03_AddToCart:27 - Navigating to HomePage and selecting Laptops & Notebooks category.
2025-02-18 15:44:33 DEBUG BaseClass:116 - WebDriver instance set successfully.
2025-02-18 15:44:34 DEBUG TC03_AddToCart:31 - Selecting a product from the category.
2025-02-18 15:44:34 INFO  BaseClass:124 - Successfully launched application URL: https://tutorialsninja.com/demo/
2025-02-18 15:44:34 INFO  TC06_PurchaseAGiftCertificate:18 - Starting test: testPurchaseAGiftCertificate
2025-02-18 15:44:34 DEBUG TC06_PurchaseAGiftCertificate:26 - Navigating to HomePage and clicking Gift Certificate link.
2025-02-18 15:44:34 DEBUG TC06_PurchaseAGiftCertificate:30 - Filling out gift certificate details.
2025-02-18 15:44:34 DEBUG TC03_AddToCart:35 - Setting up delivery date and adding product to cart.
2025-02-18 15:44:34 DEBUG TC03_AddToCart:40 - Validating success message.
2025-02-18 15:44:35 INFO  TC03_AddToCart:42 - Success message status: true
2025-02-18 15:44:35 INFO  TC03_AddToCart:46 - Product successfully added to cart.
2025-02-18 15:44:35 INFO  TC03_AddToCart:57 - Test execution completed: testAddToCart
2025-02-18 15:44:35 INFO  BaseClass:136 - Closing browser...
2025-02-18 15:44:35 INFO  BaseClass:139 - Browser closed and WebDriver instance removed.
2025-02-18 15:44:35 INFO  BaseClass:46 - Starting Test Execution - OS: windows, Browser: chrome
2025-02-18 15:44:35 DEBUG BaseClass:53 - Successfully loaded config.properties file.
2025-02-18 15:44:35 INFO  BaseClass:99 - Launching Chrome Browser
2025-02-18 15:44:35 DEBUG TC06_PurchaseAGiftCertificate:38 - Verifying purchase confirmation message.
2025-02-18 15:44:35 INFO  TC06_PurchaseAGiftCertificate:40 - Purchase success message status: true
2025-02-18 15:44:35 INFO  TC06_PurchaseAGiftCertificate:44 - Gift certificate successfully purchased.
2025-02-18 15:44:35 INFO  TC06_PurchaseAGiftCertificate:55 - Test execution completed: testPurchaseAGiftCertificate
2025-02-18 15:44:35 INFO  BaseClass:136 - Closing browser...
2025-02-18 15:44:36 DEBUG BaseClass:116 - WebDriver instance set successfully.
2025-02-18 15:44:36 INFO  BaseClass:139 - Browser closed and WebDriver instance removed.
2025-02-18 15:44:36 INFO  BaseClass:46 - Starting Test Execution - OS: windows, Browser: edge
2025-02-18 15:44:36 DEBUG BaseClass:53 - Successfully loaded config.properties file.
2025-02-18 15:44:36 INFO  BaseClass:103 - Launching Edge Browser
2025-02-18 15:44:37 DEBUG BaseClass:116 - WebDriver instance set successfully.
2025-02-18 15:44:38 INFO  BaseClass:124 - Successfully launched application URL: https://tutorialsninja.com/demo/
2025-02-18 15:44:38 INFO  BaseClass:124 - Successfully launched application URL: https://tutorialsninja.com/demo/
2025-02-18 15:44:38 INFO  TC03_AddToCart:19 - Starting test: testAddToCart
2025-02-18 15:44:38 DEBUG TC03_AddToCart:27 - Navigating to HomePage and selecting Laptops & Notebooks category.
2025-02-18 15:44:39 DEBUG PackageRelationshipCollection:307 - Parsing relationship: /xl/_rels/workbook.xml.rels
2025-02-18 15:44:39 DEBUG PackageRelationshipCollection:307 - Parsing relationship: /xl/worksheets/_rels/sheet1.xml.rels
2025-02-18 15:44:39 DEBUG PackageRelationshipCollection:307 - Parsing relationship: /_rels/.rels
2025-02-18 15:44:39 DEBUG POIXMLFactory:65 - using default POIXMLDocumentPart for http://schemas.openxmlformats.org/officeDocument/2006/relationships/printerSettings
2025-02-18 15:44:39 DEBUG PackageRelationshipCollection:307 - Parsing relationship: /xl/_rels/workbook.xml.rels
2025-02-18 15:44:39 DEBUG PackageRelationshipCollection:307 - Parsing relationship: /xl/worksheets/_rels/sheet1.xml.rels
2025-02-18 15:44:39 DEBUG PackageRelationshipCollection:307 - Parsing relationship: /_rels/.rels
2025-02-18 15:44:39 DEBUG POIXMLFactory:65 - using default POIXMLDocumentPart for http://schemas.openxmlformats.org/officeDocument/2006/relationships/printerSettings
2025-02-18 15:44:39 DEBUG PackageRelationshipCollection:307 - Parsing relationship: /xl/_rels/workbook.xml.rels
2025-02-18 15:44:39 DEBUG PackageRelationshipCollection:307 - Parsing relationship: /xl/worksheets/_rels/sheet1.xml.rels
2025-02-18 15:44:39 DEBUG PackageRelationshipCollection:307 - Parsing relationship: /_rels/.rels
2025-02-18 15:44:39 DEBUG POIXMLFactory:65 - using default POIXMLDocumentPart for http://schemas.openxmlformats.org/officeDocument/2006/relationships/printerSettings
2025-02-18 15:44:39 DEBUG PackageRelationshipCollection:307 - Parsing relationship: /xl/_rels/workbook.xml.rels
2025-02-18 15:44:39 DEBUG PackageRelationshipCollection:307 - Parsing relationship: /xl/worksheets/_rels/sheet1.xml.rels
2025-02-18 15:44:39 DEBUG PackageRelationshipCollection:307 - Parsing relationship: /_rels/.rels
2025-02-18 15:44:39 DEBUG POIXMLFactory:65 - using default POIXMLDocumentPart for http://schemas.openxmlformats.org/officeDocument/2006/relationships/printerSettings
2025-02-18 15:44:39 DEBUG PackageRelationshipCollection:307 - Parsing relationship: /xl/_rels/workbook.xml.rels
2025-02-18 15:44:39 DEBUG PackageRelationshipCollection:307 - Parsing relationship: /xl/worksheets/_rels/sheet1.xml.rels
2025-02-18 15:44:39 DEBUG PackageRelationshipCollection:307 - Parsing relationship: /_rels/.rels
2025-02-18 15:44:39 DEBUG POIXMLFactory:65 - using default POIXMLDocumentPart for http://schemas.openxmlformats.org/officeDocument/2006/relationships/printerSettings
2025-02-18 15:44:39 DEBUG PackageRelationshipCollection:307 - Parsing relationship: /xl/_rels/workbook.xml.rels
2025-02-18 15:44:39 DEBUG PackageRelationshipCollection:307 - Parsing relationship: /xl/worksheets/_rels/sheet1.xml.rels
2025-02-18 15:44:39 DEBUG PackageRelationshipCollection:307 - Parsing relationship: /_rels/.rels
2025-02-18 15:44:39 DEBUG POIXMLFactory:65 - using default POIXMLDocumentPart for http://schemas.openxmlformats.org/officeDocument/2006/relationships/printerSettings
2025-02-18 15:44:39 DEBUG PackageRelationshipCollection:307 - Parsing relationship: /xl/_rels/workbook.xml.rels
2025-02-18 15:44:39 DEBUG PackageRelationshipCollection:307 - Parsing relationship: /xl/worksheets/_rels/sheet1.xml.rels
2025-02-18 15:44:39 DEBUG PackageRelationshipCollection:307 - Parsing relationship: /_rels/.rels
2025-02-18 15:44:39 DEBUG POIXMLFactory:65 - using default POIXMLDocumentPart for http://schemas.openxmlformats.org/officeDocument/2006/relationships/printerSettings
2025-02-18 15:44:39 DEBUG PackageRelationshipCollection:307 - Parsing relationship: /xl/_rels/workbook.xml.rels
2025-02-18 15:44:39 DEBUG PackageRelationshipCollection:307 - Parsing relationship: /xl/worksheets/_rels/sheet1.xml.rels
2025-02-18 15:44:39 DEBUG PackageRelationshipCollection:307 - Parsing relationship: /_rels/.rels
2025-02-18 15:44:39 DEBUG POIXMLFactory:65 - using default POIXMLDocumentPart for http://schemas.openxmlformats.org/officeDocument/2006/relationships/printerSettings
2025-02-18 15:44:39 DEBUG PackageRelationshipCollection:307 - Parsing relationship: /xl/_rels/workbook.xml.rels
2025-02-18 15:44:39 DEBUG PackageRelationshipCollection:307 - Parsing relationship: /xl/worksheets/_rels/sheet1.xml.rels
2025-02-18 15:44:39 DEBUG PackageRelationshipCollection:307 - Parsing relationship: /_rels/.rels
2025-02-18 15:44:39 DEBUG POIXMLFactory:65 - using default POIXMLDocumentPart for http://schemas.openxmlformats.org/officeDocument/2006/relationships/printerSettings
2025-02-18 15:44:39 DEBUG PackageRelationshipCollection:307 - Parsing relationship: /xl/_rels/workbook.xml.rels
2025-02-18 15:44:39 DEBUG PackageRelationshipCollection:307 - Parsing relationship: /xl/worksheets/_rels/sheet1.xml.rels
2025-02-18 15:44:39 DEBUG PackageRelationshipCollection:307 - Parsing relationship: /_rels/.rels
2025-02-18 15:44:39 DEBUG POIXMLFactory:65 - using default POIXMLDocumentPart for http://schemas.openxmlformats.org/officeDocument/2006/relationships/printerSettings
2025-02-18 15:44:39 DEBUG PackageRelationshipCollection:307 - Parsing relationship: /xl/_rels/workbook.xml.rels
2025-02-18 15:44:39 DEBUG PackageRelationshipCollection:307 - Parsing relationship: /xl/worksheets/_rels/sheet1.xml.rels
2025-02-18 15:44:39 DEBUG PackageRelationshipCollection:307 - Parsing relationship: /_rels/.rels
2025-02-18 15:44:39 DEBUG POIXMLFactory:65 - using default POIXMLDocumentPart for http://schemas.openxmlformats.org/officeDocument/2006/relationships/printerSettings
2025-02-18 15:44:39 DEBUG PackageRelationshipCollection:307 - Parsing relationship: /xl/_rels/workbook.xml.rels
2025-02-18 15:44:39 DEBUG PackageRelationshipCollection:307 - Parsing relationship: /xl/worksheets/_rels/sheet1.xml.rels
2025-02-18 15:44:39 DEBUG PackageRelationshipCollection:307 - Parsing relationship: /_rels/.rels
2025-02-18 15:44:39 DEBUG POIXMLFactory:65 - using default POIXMLDocumentPart for http://schemas.openxmlformats.org/officeDocument/2006/relationships/printerSettings
2025-02-18 15:44:39 INFO  TC02_Login:24 - Starting test: testLogin with Email: goodmorning@gmail.com and Password: test@1234
2025-02-18 15:44:39 DEBUG TC02_Login:32 - Navigating to HomePage
2025-02-18 15:44:39 DEBUG TC02_Login:37 - Entering login credentials.
2025-02-18 15:44:40 DEBUG TC03_AddToCart:31 - Selecting a product from the category.
2025-02-18 15:44:40 INFO  BaseClass:124 - Successfully launched application URL: https://tutorialsninja.com/demo/
2025-02-18 15:44:40 INFO  TC03_AddToCart:19 - Starting test: testAddToCart
2025-02-18 15:44:40 DEBUG TC03_AddToCart:27 - Navigating to HomePage and selecting Laptops & Notebooks category.
2025-02-18 15:44:40 DEBUG TC03_AddToCart:31 - Selecting a product from the category.
2025-02-18 15:44:40 DEBUG TC02_Login:43 - Verifying login success.
2025-02-18 15:44:40 INFO  TC02_Login:46 - Login success status: true
2025-02-18 15:44:40 INFO  TC02_Login:50 - Login verification passed.
2025-02-18 15:44:41 DEBUG TC03_AddToCart:35 - Setting up delivery date and adding product to cart.
2025-02-18 15:44:41 INFO  TC02_Login:55 - User logged out successfully.
2025-02-18 15:44:41 INFO  TC02_Login:67 - Test execution completed: testLogin
2025-02-18 15:44:41 INFO  TC02_Login:24 - Starting test: testLogin with Email: test121@test.com and Password: test123
2025-02-18 15:44:41 DEBUG TC02_Login:32 - Navigating to HomePage
2025-02-18 15:44:41 DEBUG TC03_AddToCart:35 - Setting up delivery date and adding product to cart.
2025-02-18 15:44:41 DEBUG TC03_AddToCart:40 - Validating success message.
2025-02-18 15:44:41 DEBUG TC03_AddToCart:40 - Validating success message.
2025-02-18 15:44:41 DEBUG TC02_Login:37 - Entering login credentials.
2025-02-18 15:44:41 INFO  TC03_AddToCart:42 - Success message status: true
2025-02-18 15:44:41 INFO  TC03_AddToCart:46 - Product successfully added to cart.
2025-02-18 15:44:41 INFO  TC03_AddToCart:57 - Test execution completed: testAddToCart
2025-02-18 15:44:41 INFO  BaseClass:136 - Closing browser...
2025-02-18 15:44:41 INFO  TC03_AddToCart:42 - Success message status: true
2025-02-18 15:44:41 INFO  TC03_AddToCart:46 - Product successfully added to cart.
2025-02-18 15:44:41 INFO  TC03_AddToCart:57 - Test execution completed: testAddToCart
2025-02-18 15:44:41 INFO  BaseClass:136 - Closing browser...
2025-02-18 15:44:42 INFO  BaseClass:139 - Browser closed and WebDriver instance removed.
2025-02-18 15:44:42 INFO  BaseClass:46 - Starting Test Execution - OS: windows, Browser: firefox
2025-02-18 15:44:42 DEBUG BaseClass:53 - Successfully loaded config.properties file.
2025-02-18 15:44:42 INFO  BaseClass:107 - Launching Firefox Browser
2025-02-18 15:44:42 DEBUG TC02_Login:43 - Verifying login success.
2025-02-18 15:44:42 INFO  TC02_Login:46 - Login success status: true
2025-02-18 15:44:42 INFO  TC02_Login:50 - Login verification passed.
2025-02-18 15:44:43 INFO  BaseClass:139 - Browser closed and WebDriver instance removed.
2025-02-18 15:44:43 INFO  BaseClass:46 - Starting Test Execution - OS: windows, Browser: edge
2025-02-18 15:44:43 DEBUG BaseClass:53 - Successfully loaded config.properties file.
2025-02-18 15:44:43 INFO  BaseClass:103 - Launching Edge Browser
2025-02-18 15:44:43 INFO  TC02_Login:55 - User logged out successfully.
2025-02-18 15:44:43 INFO  TC02_Login:67 - Test execution completed: testLogin
2025-02-18 15:44:43 INFO  TC02_Login:24 - Starting test: testLogin with Email: sid@cloudberry.services and Password: Test123
2025-02-18 15:44:43 DEBUG TC02_Login:32 - Navigating to HomePage
2025-02-18 15:44:43 DEBUG TC02_Login:37 - Entering login credentials.
2025-02-18 15:44:44 DEBUG BaseClass:116 - WebDriver instance set successfully.
2025-02-18 15:44:44 DEBUG TC02_Login:43 - Verifying login success.
2025-02-18 15:44:44 INFO  TC02_Login:46 - Login success status: true
2025-02-18 15:44:44 INFO  TC02_Login:50 - Login verification passed.
2025-02-18 15:44:45 INFO  TC02_Login:55 - User logged out successfully.
2025-02-18 15:44:45 INFO  TC02_Login:67 - Test execution completed: testLogin
2025-02-18 15:44:45 INFO  TC02_Login:24 - Starting test: testLogin with Email: otisdog22@yahoo.com and Password: 1234QWERT
2025-02-18 15:44:45 DEBUG TC02_Login:32 - Navigating to HomePage
2025-02-18 15:44:45 DEBUG BaseClass:116 - WebDriver instance set successfully.
2025-02-18 15:44:45 DEBUG TC02_Login:37 - Entering login credentials.
2025-02-18 15:44:46 DEBUG TC02_Login:43 - Verifying login success.
2025-02-18 15:44:46 INFO  BaseClass:124 - Successfully launched application URL: https://tutorialsninja.com/demo/
2025-02-18 15:44:46 INFO  TC02_Login:46 - Login success status: true
2025-02-18 15:44:46 INFO  TC02_Login:50 - Login verification passed.
2025-02-18 15:44:46 DEBUG PackageRelationshipCollection:307 - Parsing relationship: /xl/_rels/workbook.xml.rels
2025-02-18 15:44:46 DEBUG PackageRelationshipCollection:307 - Parsing relationship: /xl/worksheets/_rels/sheet1.xml.rels
2025-02-18 15:44:46 DEBUG PackageRelationshipCollection:307 - Parsing relationship: /_rels/.rels
2025-02-18 15:44:46 DEBUG POIXMLFactory:65 - using default POIXMLDocumentPart for http://schemas.openxmlformats.org/officeDocument/2006/relationships/printerSettings
2025-02-18 15:44:46 DEBUG PackageRelationshipCollection:307 - Parsing relationship: /xl/_rels/workbook.xml.rels
2025-02-18 15:44:46 DEBUG PackageRelationshipCollection:307 - Parsing relationship: /xl/worksheets/_rels/sheet1.xml.rels
2025-02-18 15:44:46 DEBUG PackageRelationshipCollection:307 - Parsing relationship: /_rels/.rels
2025-02-18 15:44:46 DEBUG POIXMLFactory:65 - using default POIXMLDocumentPart for http://schemas.openxmlformats.org/officeDocument/2006/relationships/printerSettings
2025-02-18 15:44:46 DEBUG PackageRelationshipCollection:307 - Parsing relationship: /xl/_rels/workbook.xml.rels
2025-02-18 15:44:46 DEBUG PackageRelationshipCollection:307 - Parsing relationship: /xl/worksheets/_rels/sheet1.xml.rels
2025-02-18 15:44:46 DEBUG PackageRelationshipCollection:307 - Parsing relationship: /_rels/.rels
2025-02-18 15:44:46 DEBUG POIXMLFactory:65 - using default POIXMLDocumentPart for http://schemas.openxmlformats.org/officeDocument/2006/relationships/printerSettings
2025-02-18 15:44:46 DEBUG PackageRelationshipCollection:307 - Parsing relationship: /xl/_rels/workbook.xml.rels
2025-02-18 15:44:46 DEBUG PackageRelationshipCollection:307 - Parsing relationship: /xl/worksheets/_rels/sheet1.xml.rels
2025-02-18 15:44:46 DEBUG PackageRelationshipCollection:307 - Parsing relationship: /_rels/.rels
2025-02-18 15:44:46 DEBUG POIXMLFactory:65 - using default POIXMLDocumentPart for http://schemas.openxmlformats.org/officeDocument/2006/relationships/printerSettings
2025-02-18 15:44:46 DEBUG PackageRelationshipCollection:307 - Parsing relationship: /xl/_rels/workbook.xml.rels
2025-02-18 15:44:46 DEBUG PackageRelationshipCollection:307 - Parsing relationship: /xl/worksheets/_rels/sheet1.xml.rels
2025-02-18 15:44:46 DEBUG PackageRelationshipCollection:307 - Parsing relationship: /_rels/.rels
2025-02-18 15:44:46 DEBUG POIXMLFactory:65 - using default POIXMLDocumentPart for http://schemas.openxmlformats.org/officeDocument/2006/relationships/printerSettings
2025-02-18 15:44:46 DEBUG PackageRelationshipCollection:307 - Parsing relationship: /xl/_rels/workbook.xml.rels
2025-02-18 15:44:46 DEBUG PackageRelationshipCollection:307 - Parsing relationship: /xl/worksheets/_rels/sheet1.xml.rels
2025-02-18 15:44:46 DEBUG PackageRelationshipCollection:307 - Parsing relationship: /_rels/.rels
2025-02-18 15:44:46 DEBUG POIXMLFactory:65 - using default POIXMLDocumentPart for http://schemas.openxmlformats.org/officeDocument/2006/relationships/printerSettings
2025-02-18 15:44:46 DEBUG PackageRelationshipCollection:307 - Parsing relationship: /xl/_rels/workbook.xml.rels
2025-02-18 15:44:46 DEBUG PackageRelationshipCollection:307 - Parsing relationship: /xl/worksheets/_rels/sheet1.xml.rels
2025-02-18 15:44:46 DEBUG PackageRelationshipCollection:307 - Parsing relationship: /_rels/.rels
2025-02-18 15:44:46 DEBUG POIXMLFactory:65 - using default POIXMLDocumentPart for http://schemas.openxmlformats.org/officeDocument/2006/relationships/printerSettings
2025-02-18 15:44:46 DEBUG PackageRelationshipCollection:307 - Parsing relationship: /xl/_rels/workbook.xml.rels
2025-02-18 15:44:46 DEBUG PackageRelationshipCollection:307 - Parsing relationship: /xl/worksheets/_rels/sheet1.xml.rels
2025-02-18 15:44:46 DEBUG PackageRelationshipCollection:307 - Parsing relationship: /_rels/.rels
2025-02-18 15:44:46 DEBUG POIXMLFactory:65 - using default POIXMLDocumentPart for http://schemas.openxmlformats.org/officeDocument/2006/relationships/printerSettings
2025-02-18 15:44:46 DEBUG PackageRelationshipCollection:307 - Parsing relationship: /xl/_rels/workbook.xml.rels
2025-02-18 15:44:46 DEBUG PackageRelationshipCollection:307 - Parsing relationship: /xl/worksheets/_rels/sheet1.xml.rels
2025-02-18 15:44:46 DEBUG PackageRelationshipCollection:307 - Parsing relationship: /_rels/.rels
2025-02-18 15:44:46 DEBUG POIXMLFactory:65 - using default POIXMLDocumentPart for http://schemas.openxmlformats.org/officeDocument/2006/relationships/printerSettings
2025-02-18 15:44:46 DEBUG PackageRelationshipCollection:307 - Parsing relationship: /xl/_rels/workbook.xml.rels
2025-02-18 15:44:46 DEBUG PackageRelationshipCollection:307 - Parsing relationship: /xl/worksheets/_rels/sheet1.xml.rels
2025-02-18 15:44:46 DEBUG PackageRelationshipCollection:307 - Parsing relationship: /_rels/.rels
2025-02-18 15:44:46 DEBUG POIXMLFactory:65 - using default POIXMLDocumentPart for http://schemas.openxmlformats.org/officeDocument/2006/relationships/printerSettings
2025-02-18 15:44:46 DEBUG PackageRelationshipCollection:307 - Parsing relationship: /xl/_rels/workbook.xml.rels
2025-02-18 15:44:46 DEBUG PackageRelationshipCollection:307 - Parsing relationship: /xl/worksheets/_rels/sheet1.xml.rels
2025-02-18 15:44:46 DEBUG PackageRelationshipCollection:307 - Parsing relationship: /_rels/.rels
2025-02-18 15:44:46 DEBUG POIXMLFactory:65 - using default POIXMLDocumentPart for http://schemas.openxmlformats.org/officeDocument/2006/relationships/printerSettings
2025-02-18 15:44:46 DEBUG PackageRelationshipCollection:307 - Parsing relationship: /xl/_rels/workbook.xml.rels
2025-02-18 15:44:46 DEBUG PackageRelationshipCollection:307 - Parsing relationship: /xl/worksheets/_rels/sheet1.xml.rels
2025-02-18 15:44:46 DEBUG PackageRelationshipCollection:307 - Parsing relationship: /_rels/.rels
2025-02-18 15:44:46 DEBUG POIXMLFactory:65 - using default POIXMLDocumentPart for http://schemas.openxmlformats.org/officeDocument/2006/relationships/printerSettings
2025-02-18 15:44:46 INFO  TC02_Login:24 - Starting test: testLogin with Email: goodmorning@gmail.com and Password: test@1234
2025-02-18 15:44:46 DEBUG TC02_Login:32 - Navigating to HomePage
2025-02-18 15:44:47 DEBUG TC02_Login:37 - Entering login credentials.
2025-02-18 15:44:47 INFO  TC02_Login:55 - User logged out successfully.
2025-02-18 15:44:47 INFO  TC02_Login:67 - Test execution completed: testLogin
2025-02-18 15:44:47 INFO  TC02_Login:24 - Starting test: testLogin with Email: shalaka.dongre@gmail.com and Password: Test123!
2025-02-18 15:44:47 DEBUG TC02_Login:32 - Navigating to HomePage
2025-02-18 15:44:47 DEBUG TC02_Login:37 - Entering login credentials.
2025-02-18 15:44:47 INFO  BaseClass:124 - Successfully launched application URL: https://tutorialsninja.com/demo/
2025-02-18 15:44:47 DEBUG PackageRelationshipCollection:307 - Parsing relationship: /xl/_rels/workbook.xml.rels
2025-02-18 15:44:47 DEBUG PackageRelationshipCollection:307 - Parsing relationship: /xl/worksheets/_rels/sheet1.xml.rels
2025-02-18 15:44:47 DEBUG PackageRelationshipCollection:307 - Parsing relationship: /_rels/.rels
2025-02-18 15:44:47 DEBUG POIXMLFactory:65 - using default POIXMLDocumentPart for http://schemas.openxmlformats.org/officeDocument/2006/relationships/printerSettings
2025-02-18 15:44:47 DEBUG PackageRelationshipCollection:307 - Parsing relationship: /xl/_rels/workbook.xml.rels
2025-02-18 15:44:47 DEBUG PackageRelationshipCollection:307 - Parsing relationship: /xl/worksheets/_rels/sheet1.xml.rels
2025-02-18 15:44:47 DEBUG PackageRelationshipCollection:307 - Parsing relationship: /_rels/.rels
2025-02-18 15:44:47 DEBUG POIXMLFactory:65 - using default POIXMLDocumentPart for http://schemas.openxmlformats.org/officeDocument/2006/relationships/printerSettings
2025-02-18 15:44:47 DEBUG PackageRelationshipCollection:307 - Parsing relationship: /xl/_rels/workbook.xml.rels
2025-02-18 15:44:47 DEBUG PackageRelationshipCollection:307 - Parsing relationship: /xl/worksheets/_rels/sheet1.xml.rels
2025-02-18 15:44:47 DEBUG PackageRelationshipCollection:307 - Parsing relationship: /_rels/.rels
2025-02-18 15:44:47 DEBUG POIXMLFactory:65 - using default POIXMLDocumentPart for http://schemas.openxmlformats.org/officeDocument/2006/relationships/printerSettings
2025-02-18 15:44:47 DEBUG PackageRelationshipCollection:307 - Parsing relationship: /xl/_rels/workbook.xml.rels
2025-02-18 15:44:47 DEBUG PackageRelationshipCollection:307 - Parsing relationship: /xl/worksheets/_rels/sheet1.xml.rels
2025-02-18 15:44:47 DEBUG PackageRelationshipCollection:307 - Parsing relationship: /_rels/.rels
2025-02-18 15:44:47 DEBUG POIXMLFactory:65 - using default POIXMLDocumentPart for http://schemas.openxmlformats.org/officeDocument/2006/relationships/printerSettings
2025-02-18 15:44:47 DEBUG PackageRelationshipCollection:307 - Parsing relationship: /xl/_rels/workbook.xml.rels
2025-02-18 15:44:47 DEBUG PackageRelationshipCollection:307 - Parsing relationship: /xl/worksheets/_rels/sheet1.xml.rels
2025-02-18 15:44:47 DEBUG PackageRelationshipCollection:307 - Parsing relationship: /_rels/.rels
2025-02-18 15:44:47 DEBUG POIXMLFactory:65 - using default POIXMLDocumentPart for http://schemas.openxmlformats.org/officeDocument/2006/relationships/printerSettings
2025-02-18 15:44:47 DEBUG PackageRelationshipCollection:307 - Parsing relationship: /xl/_rels/workbook.xml.rels
2025-02-18 15:44:47 DEBUG PackageRelationshipCollection:307 - Parsing relationship: /xl/worksheets/_rels/sheet1.xml.rels
2025-02-18 15:44:47 DEBUG PackageRelationshipCollection:307 - Parsing relationship: /_rels/.rels
2025-02-18 15:44:47 DEBUG POIXMLFactory:65 - using default POIXMLDocumentPart for http://schemas.openxmlformats.org/officeDocument/2006/relationships/printerSettings
2025-02-18 15:44:47 DEBUG PackageRelationshipCollection:307 - Parsing relationship: /xl/_rels/workbook.xml.rels
2025-02-18 15:44:47 DEBUG PackageRelationshipCollection:307 - Parsing relationship: /xl/worksheets/_rels/sheet1.xml.rels
2025-02-18 15:44:47 DEBUG PackageRelationshipCollection:307 - Parsing relationship: /_rels/.rels
2025-02-18 15:44:47 DEBUG POIXMLFactory:65 - using default POIXMLDocumentPart for http://schemas.openxmlformats.org/officeDocument/2006/relationships/printerSettings
2025-02-18 15:44:47 DEBUG PackageRelationshipCollection:307 - Parsing relationship: /xl/_rels/workbook.xml.rels
2025-02-18 15:44:47 DEBUG PackageRelationshipCollection:307 - Parsing relationship: /xl/worksheets/_rels/sheet1.xml.rels
2025-02-18 15:44:47 DEBUG PackageRelationshipCollection:307 - Parsing relationship: /_rels/.rels
2025-02-18 15:44:47 DEBUG POIXMLFactory:65 - using default POIXMLDocumentPart for http://schemas.openxmlformats.org/officeDocument/2006/relationships/printerSettings
2025-02-18 15:44:47 DEBUG PackageRelationshipCollection:307 - Parsing relationship: /xl/_rels/workbook.xml.rels
2025-02-18 15:44:47 DEBUG PackageRelationshipCollection:307 - Parsing relationship: /xl/worksheets/_rels/sheet1.xml.rels
2025-02-18 15:44:47 DEBUG PackageRelationshipCollection:307 - Parsing relationship: /_rels/.rels
2025-02-18 15:44:47 DEBUG POIXMLFactory:65 - using default POIXMLDocumentPart for http://schemas.openxmlformats.org/officeDocument/2006/relationships/printerSettings
2025-02-18 15:44:47 DEBUG PackageRelationshipCollection:307 - Parsing relationship: /xl/_rels/workbook.xml.rels
2025-02-18 15:44:47 DEBUG PackageRelationshipCollection:307 - Parsing relationship: /xl/worksheets/_rels/sheet1.xml.rels
2025-02-18 15:44:47 DEBUG PackageRelationshipCollection:307 - Parsing relationship: /_rels/.rels
2025-02-18 15:44:47 DEBUG POIXMLFactory:65 - using default POIXMLDocumentPart for http://schemas.openxmlformats.org/officeDocument/2006/relationships/printerSettings
2025-02-18 15:44:47 DEBUG PackageRelationshipCollection:307 - Parsing relationship: /xl/_rels/workbook.xml.rels
2025-02-18 15:44:47 DEBUG PackageRelationshipCollection:307 - Parsing relationship: /xl/worksheets/_rels/sheet1.xml.rels
2025-02-18 15:44:47 DEBUG PackageRelationshipCollection:307 - Parsing relationship: /_rels/.rels
2025-02-18 15:44:47 DEBUG POIXMLFactory:65 - using default POIXMLDocumentPart for http://schemas.openxmlformats.org/officeDocument/2006/relationships/printerSettings
2025-02-18 15:44:47 DEBUG PackageRelationshipCollection:307 - Parsing relationship: /xl/_rels/workbook.xml.rels
2025-02-18 15:44:47 DEBUG PackageRelationshipCollection:307 - Parsing relationship: /xl/worksheets/_rels/sheet1.xml.rels
2025-02-18 15:44:47 DEBUG PackageRelationshipCollection:307 - Parsing relationship: /_rels/.rels
2025-02-18 15:44:47 DEBUG POIXMLFactory:65 - using default POIXMLDocumentPart for http://schemas.openxmlformats.org/officeDocument/2006/relationships/printerSettings
2025-02-18 15:44:47 INFO  TC02_Login:24 - Starting test: testLogin with Email: goodmorning@gmail.com and Password: test@1234
2025-02-18 15:44:47 DEBUG TC02_Login:32 - Navigating to HomePage
2025-02-18 15:44:48 DEBUG TC02_Login:43 - Verifying login success.
2025-02-18 15:44:48 INFO  TC02_Login:46 - Login success status: true
2025-02-18 15:44:48 INFO  TC02_Login:50 - Login verification passed.
2025-02-18 15:44:48 DEBUG TC02_Login:37 - Entering login credentials.
2025-02-18 15:44:48 DEBUG TC02_Login:43 - Verifying login success.
2025-02-18 15:44:48 INFO  TC02_Login:46 - Login success status: true
2025-02-18 15:44:48 INFO  TC02_Login:50 - Login verification passed.
2025-02-18 15:44:48 INFO  TC02_Login:55 - User logged out successfully.
2025-02-18 15:44:48 INFO  TC02_Login:67 - Test execution completed: testLogin
2025-02-18 15:44:48 INFO  TC02_Login:24 - Starting test: testLogin with Email: test121@test.com and Password: test123
2025-02-18 15:44:48 DEBUG TC02_Login:32 - Navigating to HomePage
2025-02-18 15:44:49 INFO  TC02_Login:55 - User logged out successfully.
2025-02-18 15:44:49 INFO  TC02_Login:67 - Test execution completed: testLogin
2025-02-18 15:44:49 INFO  BaseClass:136 - Closing browser...
2025-02-18 15:44:49 INFO  BaseClass:139 - Browser closed and WebDriver instance removed.
2025-02-18 15:44:49 INFO  BaseClass:46 - Starting Test Execution - OS: windows, Browser: chrome
2025-02-18 15:44:49 DEBUG BaseClass:53 - Successfully loaded config.properties file.
2025-02-18 15:44:49 INFO  BaseClass:99 - Launching Chrome Browser
2025-02-18 15:44:49 DEBUG TC02_Login:43 - Verifying login success.
2025-02-18 15:44:49 DEBUG TC02_Login:37 - Entering login credentials.
2025-02-18 15:44:49 INFO  TC02_Login:46 - Login success status: true
2025-02-18 15:44:49 INFO  TC02_Login:50 - Login verification passed.
2025-02-18 15:44:50 INFO  TC02_Login:55 - User logged out successfully.
2025-02-18 15:44:50 INFO  TC02_Login:67 - Test execution completed: testLogin
2025-02-18 15:44:50 INFO  TC02_Login:24 - Starting test: testLogin with Email: test121@test.com and Password: test123
2025-02-18 15:44:50 DEBUG TC02_Login:32 - Navigating to HomePage
2025-02-18 15:44:50 DEBUG BaseClass:116 - WebDriver instance set successfully.
2025-02-18 15:44:50 DEBUG TC02_Login:43 - Verifying login success.
2025-02-18 15:44:50 INFO  TC02_Login:46 - Login success status: true
2025-02-18 15:44:50 INFO  TC02_Login:50 - Login verification passed.
2025-02-18 15:44:50 DEBUG TC02_Login:37 - Entering login credentials.
2025-02-18 15:44:50 INFO  TC02_Login:55 - User logged out successfully.
2025-02-18 15:44:50 INFO  TC02_Login:67 - Test execution completed: testLogin
2025-02-18 15:44:50 INFO  TC02_Login:24 - Starting test: testLogin with Email: sid@cloudberry.services and Password: Test123
2025-02-18 15:44:50 DEBUG TC02_Login:32 - Navigating to HomePage
2025-02-18 15:44:51 DEBUG TC02_Login:37 - Entering login credentials.
2025-02-18 15:44:51 DEBUG TC02_Login:43 - Verifying login success.
2025-02-18 15:44:51 INFO  TC02_Login:46 - Login success status: true
2025-02-18 15:44:51 INFO  TC02_Login:50 - Login verification passed.
2025-02-18 15:44:52 DEBUG TC02_Login:43 - Verifying login success.
2025-02-18 15:44:52 INFO  TC02_Login:46 - Login success status: true
2025-02-18 15:44:52 INFO  TC02_Login:50 - Login verification passed.
2025-02-18 15:44:52 INFO  TC02_Login:55 - User logged out successfully.
2025-02-18 15:44:52 INFO  TC02_Login:67 - Test execution completed: testLogin
2025-02-18 15:44:52 INFO  TC02_Login:24 - Starting test: testLogin with Email: sid@cloudberry.services and Password: Test123
2025-02-18 15:44:52 DEBUG TC02_Login:32 - Navigating to HomePage
2025-02-18 15:44:52 INFO  BaseClass:124 - Successfully launched application URL: https://tutorialsninja.com/demo/
2025-02-18 15:44:52 INFO  TC05_AddAnItemToWishList:19 - Starting test: testAddToWishList
2025-02-18 15:44:52 DEBUG TC05_AddAnItemToWishList:27 - Navigating to HomePage and selecting Laptops & Notebooks category.
2025-02-18 15:44:52 INFO  TC02_Login:55 - User logged out successfully.
2025-02-18 15:44:52 INFO  TC02_Login:67 - Test execution completed: testLogin
2025-02-18 15:44:52 INFO  TC02_Login:24 - Starting test: testLogin with Email: otisdog22@yahoo.com and Password: 1234QWERT
2025-02-18 15:44:52 DEBUG TC02_Login:32 - Navigating to HomePage
2025-02-18 15:44:53 DEBUG TC02_Login:37 - Entering login credentials.
2025-02-18 15:44:53 DEBUG TC02_Login:37 - Entering login credentials.
2025-02-18 15:44:53 DEBUG TC05_AddAnItemToWishList:31 - Selecting a product from the category.
2025-02-18 15:44:53 DEBUG TC02_Login:43 - Verifying login success.
2025-02-18 15:44:53 INFO  TC02_Login:46 - Login success status: true
2025-02-18 15:44:53 INFO  TC02_Login:50 - Login verification passed.
2025-02-18 15:44:54 DEBUG TC05_AddAnItemToWishList:35 - Adding product to the wishlist.
2025-02-18 15:44:54 DEBUG TC05_AddAnItemToWishList:39 - Verifying success message for adding to wishlist.
2025-02-18 15:44:54 DEBUG TC02_Login:43 - Verifying login success.
2025-02-18 15:44:54 INFO  TC02_Login:46 - Login success status: true
2025-02-18 15:44:54 INFO  TC02_Login:50 - Login verification passed.
2025-02-18 15:44:54 INFO  TC05_AddAnItemToWishList:41 - Wishlist success message status: true
2025-02-18 15:44:54 INFO  TC05_AddAnItemToWishList:45 - Product successfully added to wishlist.
2025-02-18 15:44:54 INFO  TC05_AddAnItemToWishList:56 - Test execution completed: testAddToWishList
2025-02-18 15:44:54 INFO  BaseClass:136 - Closing browser...
2025-02-18 15:44:54 INFO  BaseClass:139 - Browser closed and WebDriver instance removed.
2025-02-18 15:44:54 INFO  BaseClass:46 - Starting Test Execution - OS: windows, Browser: chrome
2025-02-18 15:44:54 DEBUG BaseClass:53 - Successfully loaded config.properties file.
2025-02-18 15:44:54 INFO  BaseClass:99 - Launching Chrome Browser
2025-02-18 15:44:54 INFO  TC02_Login:55 - User logged out successfully.
2025-02-18 15:44:54 INFO  TC02_Login:67 - Test execution completed: testLogin
2025-02-18 15:44:54 INFO  TC02_Login:24 - Starting test: testLogin with Email: shalaka.dongre@gmail.com and Password: Test123!
2025-02-18 15:44:54 DEBUG TC02_Login:32 - Navigating to HomePage
2025-02-18 15:44:54 INFO  TC02_Login:55 - User logged out successfully.
2025-02-18 15:44:54 INFO  TC02_Login:67 - Test execution completed: testLogin
2025-02-18 15:44:54 INFO  TC02_Login:24 - Starting test: testLogin with Email: otisdog22@yahoo.com and Password: 1234QWERT
2025-02-18 15:44:54 DEBUG TC02_Login:32 - Navigating to HomePage
2025-02-18 15:44:55 DEBUG TC02_Login:37 - Entering login credentials.
2025-02-18 15:44:55 DEBUG BaseClass:116 - WebDriver instance set successfully.
2025-02-18 15:44:55 DEBUG TC02_Login:37 - Entering login credentials.
2025-02-18 15:44:55 DEBUG TC02_Login:43 - Verifying login success.
2025-02-18 15:44:55 INFO  TC02_Login:46 - Login success status: true
2025-02-18 15:44:55 INFO  TC02_Login:50 - Login verification passed.
2025-02-18 15:44:56 DEBUG TC02_Login:43 - Verifying login success.
2025-02-18 15:44:56 INFO  TC02_Login:46 - Login success status: true
2025-02-18 15:44:56 INFO  TC02_Login:50 - Login verification passed.
2025-02-18 15:44:56 INFO  TC02_Login:55 - User logged out successfully.
2025-02-18 15:44:56 INFO  TC02_Login:67 - Test execution completed: testLogin
2025-02-18 15:44:56 INFO  BaseClass:136 - Closing browser...
2025-02-18 15:44:56 INFO  TC02_Login:55 - User logged out successfully.
2025-02-18 15:44:56 INFO  TC02_Login:67 - Test execution completed: testLogin
2025-02-18 15:44:56 INFO  TC02_Login:24 - Starting test: testLogin with Email: shalaka.dongre@gmail.com and Password: Test123!
2025-02-18 15:44:56 DEBUG TC02_Login:32 - Navigating to HomePage
2025-02-18 15:44:57 DEBUG TC02_Login:37 - Entering login credentials.
2025-02-18 15:44:57 INFO  BaseClass:139 - Browser closed and WebDriver instance removed.
2025-02-18 15:44:57 INFO  BaseClass:46 - Starting Test Execution - OS: windows, Browser: edge
2025-02-18 15:44:57 DEBUG BaseClass:53 - Successfully loaded config.properties file.
2025-02-18 15:44:57 INFO  BaseClass:103 - Launching Edge Browser
2025-02-18 15:44:57 INFO  BaseClass:124 - Successfully launched application URL: https://tutorialsninja.com/demo/
2025-02-18 15:44:57 INFO  TC04_CompletePurchase:23 - Starting test: testCompletePurchase
2025-02-18 15:44:57 DEBUG TC04_CompletePurchase:31 - Navigating to HomePage and selecting Laptops & Notebooks category.
2025-02-18 15:44:58 DEBUG TC02_Login:43 - Verifying login success.
2025-02-18 15:44:58 INFO  TC02_Login:46 - Login success status: true
2025-02-18 15:44:58 INFO  TC02_Login:50 - Login verification passed.
2025-02-18 15:44:58 DEBUG TC04_CompletePurchase:35 - Selecting a product from the category.
2025-02-18 15:44:58 DEBUG BaseClass:116 - WebDriver instance set successfully.
2025-02-18 15:44:59 DEBUG TC04_CompletePurchase:39 - Setting up delivery date and adding product to cart.
2025-02-18 15:44:59 INFO  TC02_Login:55 - User logged out successfully.
2025-02-18 15:44:59 INFO  TC02_Login:67 - Test execution completed: testLogin
2025-02-18 15:44:59 INFO  BaseClass:136 - Closing browser...
2025-02-18 15:44:59 DEBUG TC04_CompletePurchase:44 - Proceeding to checkout.
2025-02-18 15:44:59 INFO  BaseClass:139 - Browser closed and WebDriver instance removed.
2025-02-18 15:44:59 INFO  BaseClass:46 - Starting Test Execution - OS: windows, Browser: firefox
2025-02-18 15:44:59 DEBUG BaseClass:53 - Successfully loaded config.properties file.
2025-02-18 15:44:59 INFO  BaseClass:107 - Launching Firefox Browser
2025-02-18 15:45:00 DEBUG TC04_CompletePurchase:47 - Logging in to complete purchase.
2025-02-18 15:45:00 DEBUG TC04_CompletePurchase:53 - Completing checkout process.
2025-02-18 15:45:00 INFO  BaseClass:124 - Successfully launched application URL: https://tutorialsninja.com/demo/
2025-02-18 15:45:00 INFO  TC05_AddAnItemToWishList:19 - Starting test: testAddToWishList
2025-02-18 15:45:00 DEBUG TC05_AddAnItemToWishList:27 - Navigating to HomePage and selecting Laptops & Notebooks category.
2025-02-18 15:45:01 DEBUG TC05_AddAnItemToWishList:31 - Selecting a product from the category.
2025-02-18 15:45:02 DEBUG BaseClass:116 - WebDriver instance set successfully.
2025-02-18 15:45:02 DEBUG TC05_AddAnItemToWishList:35 - Adding product to the wishlist.
2025-02-18 15:45:02 DEBUG TC05_AddAnItemToWishList:39 - Verifying success message for adding to wishlist.
2025-02-18 15:45:03 INFO  TC05_AddAnItemToWishList:41 - Wishlist success message status: true
2025-02-18 15:45:03 INFO  TC05_AddAnItemToWishList:45 - Product successfully added to wishlist.
2025-02-18 15:45:03 INFO  TC05_AddAnItemToWishList:56 - Test execution completed: testAddToWishList
2025-02-18 15:45:03 INFO  BaseClass:136 - Closing browser...
2025-02-18 15:45:04 INFO  BaseClass:139 - Browser closed and WebDriver instance removed.
2025-02-18 15:45:04 INFO  BaseClass:46 - Starting Test Execution - OS: windows, Browser: edge
2025-02-18 15:45:04 DEBUG BaseClass:53 - Successfully loaded config.properties file.
2025-02-18 15:45:04 INFO  BaseClass:103 - Launching Edge Browser
2025-02-18 15:45:04 INFO  BaseClass:124 - Successfully launched application URL: https://tutorialsninja.com/demo/
2025-02-18 15:45:04 INFO  TC05_AddAnItemToWishList:19 - Starting test: testAddToWishList
2025-02-18 15:45:04 DEBUG TC05_AddAnItemToWishList:27 - Navigating to HomePage and selecting Laptops & Notebooks category.
2025-02-18 15:45:05 DEBUG TC05_AddAnItemToWishList:31 - Selecting a product from the category.
2025-02-18 15:45:06 DEBUG TC05_AddAnItemToWishList:35 - Adding product to the wishlist.
2025-02-18 15:45:06 DEBUG BaseClass:116 - WebDriver instance set successfully.
2025-02-18 15:45:06 DEBUG TC05_AddAnItemToWishList:39 - Verifying success message for adding to wishlist.
2025-02-18 15:45:06 INFO  TC05_AddAnItemToWishList:41 - Wishlist success message status: true
2025-02-18 15:45:06 INFO  TC05_AddAnItemToWishList:45 - Product successfully added to wishlist.
2025-02-18 15:45:06 INFO  TC05_AddAnItemToWishList:56 - Test execution completed: testAddToWishList
2025-02-18 15:45:06 INFO  BaseClass:136 - Closing browser...
2025-02-18 15:45:07 INFO  BaseClass:139 - Browser closed and WebDriver instance removed.
2025-02-18 15:45:07 INFO  BaseClass:46 - Starting Test Execution - OS: windows, Browser: firefox
2025-02-18 15:45:07 DEBUG BaseClass:53 - Successfully loaded config.properties file.
2025-02-18 15:45:07 INFO  BaseClass:107 - Launching Firefox Browser
2025-02-18 15:45:08 INFO  BaseClass:124 - Successfully launched application URL: https://tutorialsninja.com/demo/
2025-02-18 15:45:08 INFO  TC04_CompletePurchase:23 - Starting test: testCompletePurchase
2025-02-18 15:45:08 DEBUG TC04_CompletePurchase:31 - Navigating to HomePage and selecting Laptops & Notebooks category.
2025-02-18 15:45:09 DEBUG TC04_CompletePurchase:35 - Selecting a product from the category.
2025-02-18 15:45:09 DEBUG BaseClass:116 - WebDriver instance set successfully.
2025-02-18 15:45:09 DEBUG TC04_CompletePurchase:39 - Setting up delivery date and adding product to cart.
2025-02-18 15:45:09 DEBUG TC04_CompletePurchase:44 - Proceeding to checkout.
2025-02-18 15:45:10 DEBUG TC04_CompletePurchase:47 - Logging in to complete purchase.
2025-02-18 15:45:11 DEBUG TC04_CompletePurchase:53 - Completing checkout process.
2025-02-18 15:45:11 INFO  BaseClass:124 - Successfully launched application URL: https://tutorialsninja.com/demo/
2025-02-18 15:45:11 INFO  TC04_CompletePurchase:23 - Starting test: testCompletePurchase
2025-02-18 15:45:11 DEBUG TC04_CompletePurchase:31 - Navigating to HomePage and selecting Laptops & Notebooks category.
2025-02-18 15:45:12 DEBUG TC04_CompletePurchase:35 - Selecting a product from the category.
2025-02-18 15:45:13 DEBUG TC04_CompletePurchase:39 - Setting up delivery date and adding product to cart.
2025-02-18 15:45:13 DEBUG TC04_CompletePurchase:44 - Proceeding to checkout.
2025-02-18 15:45:14 DEBUG TC04_CompletePurchase:47 - Logging in to complete purchase.
2025-02-18 15:45:14 ERROR TC04_CompletePurchase:71 - Unexpected error occurred during test execution: Element <input id="button-login" class="btn btn-primary" type="button"> could not be scrolled into view
Build info: version: '4.28.1', revision: '73f5ad48a2'
System info: os.name: 'Mac OS X', os.arch: 'aarch64', os.version: '15.3', java.version: '23.0.1'
Driver info: org.openqa.selenium.firefox.FirefoxDriver
Command: [ad47a841-aca4-4fee-ae1c-714e2c993655, clickElement {id=178e80a9-b710-412f-87ba-deb58aef260d}]
Capabilities {acceptInsecureCerts: true, browserName: firefox, browserVersion: 135.0.1, moz:accessibilityChecks: false, moz:buildID: 20250216192613, moz:debuggerAddress: 127.0.0.1:2393, moz:geckodriverVersion: 0.35.0, moz:headless: false, moz:platformVersion: 24.3.0, moz:processID: 60018, moz:profile: /var/folders/sd/624vnc_j4s7..., moz:shutdownTimeout: 60000, moz:webdriverClick: true, moz:windowless: false, pageLoadStrategy: normal, platformName: mac, proxy: Proxy(), se:cdp: ws://127.0.0.1:2393/devtool..., se:cdpVersion: 85.0, setWindowRect: true, strictFileInteractability: false, timeouts: {implicit: 0, pageLoad: 300000, script: 30000}, unhandledPromptBehavior: dismiss and notify, userAgent: Mozilla/5.0 (Macintosh; Int...}
Element: [[FirefoxDriver: firefox on mac (ad47a841-aca4-4fee-ae1c-714e2c993655)] -> xpath: //input[@value='Login']]
Session ID: ad47a841-aca4-4fee-ae1c-714e2c993655
org.openqa.selenium.ElementNotInteractableException: Element <input id="button-login" class="btn btn-primary" type="button"> could not be scrolled into view
Build info: version: '4.28.1', revision: '73f5ad48a2'
System info: os.name: 'Mac OS X', os.arch: 'aarch64', os.version: '15.3', java.version: '23.0.1'
Driver info: org.openqa.selenium.firefox.FirefoxDriver
Command: [ad47a841-aca4-4fee-ae1c-714e2c993655, clickElement {id=178e80a9-b710-412f-87ba-deb58aef260d}]
Capabilities {acceptInsecureCerts: true, browserName: firefox, browserVersion: 135.0.1, moz:accessibilityChecks: false, moz:buildID: 20250216192613, moz:debuggerAddress: 127.0.0.1:2393, moz:geckodriverVersion: 0.35.0, moz:headless: false, moz:platformVersion: 24.3.0, moz:processID: 60018, moz:profile: /var/folders/sd/624vnc_j4s7..., moz:shutdownTimeout: 60000, moz:webdriverClick: true, moz:windowless: false, pageLoadStrategy: normal, platformName: mac, proxy: Proxy(), se:cdp: ws://127.0.0.1:2393/devtool..., se:cdpVersion: 85.0, setWindowRect: true, strictFileInteractability: false, timeouts: {implicit: 0, pageLoad: 300000, script: 30000}, unhandledPromptBehavior: dismiss and notify, userAgent: Mozilla/5.0 (Macintosh; Int...}
Element: [[FirefoxDriver: firefox on mac (ad47a841-aca4-4fee-ae1c-714e2c993655)] -> xpath: //input[@value='Login']]
Session ID: ad47a841-aca4-4fee-ae1c-714e2c993655
	at java.base/jdk.internal.reflect.DirectConstructorHandleAccessor.newInstance(DirectConstructorHandleAccessor.java:62) ~[?:?]
	at java.base/java.lang.reflect.Constructor.newInstanceWithCaller(Constructor.java:501) ~[?:?]
	at java.base/java.lang.reflect.Constructor.newInstance(Constructor.java:485) ~[?:?]
	at org.openqa.selenium.remote.ErrorCodec.decode(ErrorCodec.java:167) ~[selenium-remote-driver-4.28.1.jar:?]
	at org.openqa.selenium.remote.codec.w3c.W3CHttpResponseCodec.decode(W3CHttpResponseCodec.java:138) ~[selenium-remote-driver-4.28.1.jar:?]
	at org.openqa.selenium.remote.codec.w3c.W3CHttpResponseCodec.decode(W3CHttpResponseCodec.java:50) ~[selenium-remote-driver-4.28.1.jar:?]
	at org.openqa.selenium.remote.HttpCommandExecutor.execute(HttpCommandExecutor.java:215) ~[selenium-remote-driver-4.28.1.jar:?]
	at org.openqa.selenium.remote.service.DriverCommandExecutor.invokeExecute(DriverCommandExecutor.java:216) ~[selenium-remote-driver-4.28.1.jar:?]
	at org.openqa.selenium.remote.service.DriverCommandExecutor.execute(DriverCommandExecutor.java:174) ~[selenium-remote-driver-4.28.1.jar:?]
	at org.openqa.selenium.remote.RemoteWebDriver.execute(RemoteWebDriver.java:545) ~[selenium-remote-driver-4.28.1.jar:?]
	at org.openqa.selenium.remote.RemoteWebElement.execute(RemoteWebElement.java:223) ~[selenium-remote-driver-4.28.1.jar:?]
	at org.openqa.selenium.remote.RemoteWebElement.click(RemoteWebElement.java:76) ~[selenium-remote-driver-4.28.1.jar:?]
	at java.base/jdk.internal.reflect.DirectMethodHandleAccessor.invoke(DirectMethodHandleAccessor.java:103) ~[?:?]
	at java.base/java.lang.reflect.Method.invoke(Method.java:580) ~[?:?]
	at org.openqa.selenium.support.pagefactory.internal.LocatingElementHandler.invoke(LocatingElementHandler.java:51) ~[selenium-support-4.28.1.jar:?]
	at jdk.proxy2/jdk.proxy2.$Proxy27.click(Unknown Source) ~[?:?]
	at pageObjects.LoginPage.clickLogin(LoginPage.java:31) ~[test-classes/:?]
	at testCases.TC04_CompletePurchase.testCompletePurchase(TC04_CompletePurchase.java:51) ~[test-classes/:?]
	at java.base/jdk.internal.reflect.DirectMethodHandleAccessor.invoke(DirectMethodHandleAccessor.java:103) ~[?:?]
	at java.base/java.lang.reflect.Method.invoke(Method.java:580) ~[?:?]
	at org.testng.internal.invokers.MethodInvocationHelper.invokeMethod(MethodInvocationHelper.java:141) ~[testng-7.10.2.jar:7.10.2]
	at org.testng.internal.invokers.TestInvoker.invokeMethod(TestInvoker.java:686) ~[testng-7.10.2.jar:7.10.2]
	at org.testng.internal.invokers.TestInvoker.invokeTestMethod(TestInvoker.java:230) ~[testng-7.10.2.jar:7.10.2]
	at org.testng.internal.invokers.MethodRunner.runInSequence(MethodRunner.java:63) ~[testng-7.10.2.jar:7.10.2]
	at org.testng.internal.invokers.TestInvoker$MethodInvocationAgent.invoke(TestInvoker.java:992) ~[testng-7.10.2.jar:7.10.2]
	at org.testng.internal.invokers.TestInvoker.invokeTestMethods(TestInvoker.java:203) ~[testng-7.10.2.jar:7.10.2]
	at org.testng.internal.invokers.TestMethodWorker.invokeTestMethods(TestMethodWorker.java:154) ~[testng-7.10.2.jar:7.10.2]
	at org.testng.internal.invokers.TestMethodWorker.run(TestMethodWorker.java:134) ~[testng-7.10.2.jar:7.10.2]
	at java.base/java.util.ArrayList.forEach(ArrayList.java:1597) ~[?:?]
	at org.testng.TestRunner.privateRun(TestRunner.java:739) ~[testng-7.10.2.jar:7.10.2]
	at org.testng.TestRunner.run(TestRunner.java:614) ~[testng-7.10.2.jar:7.10.2]
	at org.testng.SuiteRunner.runTest(SuiteRunner.java:421) ~[testng-7.10.2.jar:7.10.2]
	at org.testng.SuiteRunner$SuiteWorker.run(SuiteRunner.java:463) ~[testng-7.10.2.jar:7.10.2]
	at org.testng.internal.thread.ThreadUtil.lambda$execute$0(ThreadUtil.java:64) ~[testng-7.10.2.jar:7.10.2]
	at java.base/java.util.concurrent.FutureTask.run(FutureTask.java:317) ~[?:?]
	at java.base/java.util.concurrent.ThreadPoolExecutor.runWorker(ThreadPoolExecutor.java:1144) ~[?:?]
	at java.base/java.util.concurrent.ThreadPoolExecutor$Worker.run(ThreadPoolExecutor.java:642) ~[?:?]
	at java.base/java.lang.Thread.run(Thread.java:1575) [?:?]
2025-02-18 15:45:14 WARN  RetryAnalyzer:18 - Retrying test 'testCompletePurchase' (1 of 2)
2025-02-18 15:45:14 INFO  TC04_CompletePurchase:23 - Starting test: testCompletePurchase
2025-02-18 15:45:14 DEBUG TC04_CompletePurchase:31 - Navigating to HomePage and selecting Laptops & Notebooks category.
2025-02-18 15:45:15 DEBUG TC04_CompletePurchase:35 - Selecting a product from the category.
2025-02-18 15:45:15 ERROR TC04_CompletePurchase:71 - Unexpected error occurred during test execution: Element <a href="https://tutorialsninja.com/demo/index.php?route=product/product&product_id=47"> could not be scrolled into view
Build info: version: '4.28.1', revision: '73f5ad48a2'
System info: os.name: 'Mac OS X', os.arch: 'aarch64', os.version: '15.3', java.version: '23.0.1'
Driver info: org.openqa.selenium.firefox.FirefoxDriver
Command: [ad47a841-aca4-4fee-ae1c-714e2c993655, clickElement {id=910d7b04-d5af-4173-a32d-76fa6cf4a51d}]
Capabilities {acceptInsecureCerts: true, browserName: firefox, browserVersion: 135.0.1, moz:accessibilityChecks: false, moz:buildID: 20250216192613, moz:debuggerAddress: 127.0.0.1:2393, moz:geckodriverVersion: 0.35.0, moz:headless: false, moz:platformVersion: 24.3.0, moz:processID: 60018, moz:profile: /var/folders/sd/624vnc_j4s7..., moz:shutdownTimeout: 60000, moz:webdriverClick: true, moz:windowless: false, pageLoadStrategy: normal, platformName: mac, proxy: Proxy(), se:cdp: ws://127.0.0.1:2393/devtool..., se:cdpVersion: 85.0, setWindowRect: true, strictFileInteractability: false, timeouts: {implicit: 0, pageLoad: 300000, script: 30000}, unhandledPromptBehavior: dismiss and notify, userAgent: Mozilla/5.0 (Macintosh; Int...}
Element: [[FirefoxDriver: firefox on mac (ad47a841-aca4-4fee-ae1c-714e2c993655)] -> xpath: //a[normalize-space()='HP LP3065']]
Session ID: ad47a841-aca4-4fee-ae1c-714e2c993655
org.openqa.selenium.ElementNotInteractableException: Element <a href="https://tutorialsninja.com/demo/index.php?route=product/product&product_id=47"> could not be scrolled into view
Build info: version: '4.28.1', revision: '73f5ad48a2'
System info: os.name: 'Mac OS X', os.arch: 'aarch64', os.version: '15.3', java.version: '23.0.1'
Driver info: org.openqa.selenium.firefox.FirefoxDriver
Command: [ad47a841-aca4-4fee-ae1c-714e2c993655, clickElement {id=910d7b04-d5af-4173-a32d-76fa6cf4a51d}]
Capabilities {acceptInsecureCerts: true, browserName: firefox, browserVersion: 135.0.1, moz:accessibilityChecks: false, moz:buildID: 20250216192613, moz:debuggerAddress: 127.0.0.1:2393, moz:geckodriverVersion: 0.35.0, moz:headless: false, moz:platformVersion: 24.3.0, moz:processID: 60018, moz:profile: /var/folders/sd/624vnc_j4s7..., moz:shutdownTimeout: 60000, moz:webdriverClick: true, moz:windowless: false, pageLoadStrategy: normal, platformName: mac, proxy: Proxy(), se:cdp: ws://127.0.0.1:2393/devtool..., se:cdpVersion: 85.0, setWindowRect: true, strictFileInteractability: false, timeouts: {implicit: 0, pageLoad: 300000, script: 30000}, unhandledPromptBehavior: dismiss and notify, userAgent: Mozilla/5.0 (Macintosh; Int...}
Element: [[FirefoxDriver: firefox on mac (ad47a841-aca4-4fee-ae1c-714e2c993655)] -> xpath: //a[normalize-space()='HP LP3065']]
Session ID: ad47a841-aca4-4fee-ae1c-714e2c993655
	at java.base/jdk.internal.reflect.DirectConstructorHandleAccessor.newInstance(DirectConstructorHandleAccessor.java:62) ~[?:?]
	at java.base/java.lang.reflect.Constructor.newInstanceWithCaller(Constructor.java:501) ~[?:?]
	at java.base/java.lang.reflect.Constructor.newInstance(Constructor.java:485) ~[?:?]
	at org.openqa.selenium.remote.ErrorCodec.decode(ErrorCodec.java:167) ~[selenium-remote-driver-4.28.1.jar:?]
	at org.openqa.selenium.remote.codec.w3c.W3CHttpResponseCodec.decode(W3CHttpResponseCodec.java:138) ~[selenium-remote-driver-4.28.1.jar:?]
	at org.openqa.selenium.remote.codec.w3c.W3CHttpResponseCodec.decode(W3CHttpResponseCodec.java:50) ~[selenium-remote-driver-4.28.1.jar:?]
	at org.openqa.selenium.remote.HttpCommandExecutor.execute(HttpCommandExecutor.java:215) ~[selenium-remote-driver-4.28.1.jar:?]
	at org.openqa.selenium.remote.service.DriverCommandExecutor.invokeExecute(DriverCommandExecutor.java:216) ~[selenium-remote-driver-4.28.1.jar:?]
	at org.openqa.selenium.remote.service.DriverCommandExecutor.execute(DriverCommandExecutor.java:174) ~[selenium-remote-driver-4.28.1.jar:?]
	at org.openqa.selenium.remote.RemoteWebDriver.execute(RemoteWebDriver.java:545) ~[selenium-remote-driver-4.28.1.jar:?]
	at org.openqa.selenium.remote.RemoteWebElement.execute(RemoteWebElement.java:223) ~[selenium-remote-driver-4.28.1.jar:?]
	at org.openqa.selenium.remote.RemoteWebElement.click(RemoteWebElement.java:76) ~[selenium-remote-driver-4.28.1.jar:?]
	at java.base/jdk.internal.reflect.DirectMethodHandleAccessor.invoke(DirectMethodHandleAccessor.java:103) ~[?:?]
	at java.base/java.lang.reflect.Method.invoke(Method.java:580) ~[?:?]
	at org.openqa.selenium.support.pagefactory.internal.LocatingElementHandler.invoke(LocatingElementHandler.java:51) ~[selenium-support-4.28.1.jar:?]
	at jdk.proxy2/jdk.proxy2.$Proxy27.click(Unknown Source) ~[?:?]
	at pageObjects.CategoryPage.selectProduct(CategoryPage.java:17) ~[test-classes/:?]
	at testCases.TC04_CompletePurchase.testCompletePurchase(TC04_CompletePurchase.java:37) ~[test-classes/:?]
	at java.base/jdk.internal.reflect.DirectMethodHandleAccessor.invoke(DirectMethodHandleAccessor.java:103) ~[?:?]
	at java.base/java.lang.reflect.Method.invoke(Method.java:580) ~[?:?]
	at org.testng.internal.invokers.MethodInvocationHelper.invokeMethod(MethodInvocationHelper.java:141) ~[testng-7.10.2.jar:7.10.2]
	at org.testng.internal.invokers.TestInvoker.invokeMethod(TestInvoker.java:686) ~[testng-7.10.2.jar:7.10.2]
	at org.testng.internal.invokers.TestInvoker.retryFailed(TestInvoker.java:269) ~[testng-7.10.2.jar:7.10.2]
	at org.testng.internal.invokers.MethodRunner.runInSequence(MethodRunner.java:76) ~[testng-7.10.2.jar:7.10.2]
	at org.testng.internal.invokers.TestInvoker$MethodInvocationAgent.invoke(TestInvoker.java:992) ~[testng-7.10.2.jar:7.10.2]
	at org.testng.internal.invokers.TestInvoker.invokeTestMethods(TestInvoker.java:203) ~[testng-7.10.2.jar:7.10.2]
	at org.testng.internal.invokers.TestMethodWorker.invokeTestMethods(TestMethodWorker.java:154) ~[testng-7.10.2.jar:7.10.2]
	at org.testng.internal.invokers.TestMethodWorker.run(TestMethodWorker.java:134) ~[testng-7.10.2.jar:7.10.2]
	at java.base/java.util.ArrayList.forEach(ArrayList.java:1597) ~[?:?]
	at org.testng.TestRunner.privateRun(TestRunner.java:739) ~[testng-7.10.2.jar:7.10.2]
	at org.testng.TestRunner.run(TestRunner.java:614) ~[testng-7.10.2.jar:7.10.2]
	at org.testng.SuiteRunner.runTest(SuiteRunner.java:421) ~[testng-7.10.2.jar:7.10.2]
	at org.testng.SuiteRunner$SuiteWorker.run(SuiteRunner.java:463) ~[testng-7.10.2.jar:7.10.2]
	at org.testng.internal.thread.ThreadUtil.lambda$execute$0(ThreadUtil.java:64) ~[testng-7.10.2.jar:7.10.2]
	at java.base/java.util.concurrent.FutureTask.run(FutureTask.java:317) ~[?:?]
	at java.base/java.util.concurrent.ThreadPoolExecutor.runWorker(ThreadPoolExecutor.java:1144) ~[?:?]
	at java.base/java.util.concurrent.ThreadPoolExecutor$Worker.run(ThreadPoolExecutor.java:642) ~[?:?]
	at java.base/java.lang.Thread.run(Thread.java:1575) [?:?]
2025-02-18 15:45:15 WARN  RetryAnalyzer:18 - Retrying test 'testCompletePurchase' (2 of 2)
2025-02-18 15:45:15 INFO  TC04_CompletePurchase:23 - Starting test: testCompletePurchase
2025-02-18 15:45:15 DEBUG TC04_CompletePurchase:31 - Navigating to HomePage and selecting Laptops & Notebooks category.
2025-02-18 15:45:15 DEBUG TC04_CompletePurchase:35 - Selecting a product from the category.
2025-02-18 15:45:15 ERROR TC04_CompletePurchase:71 - Unexpected error occurred during test execution: Element <a href="https://tutorialsninja.com/demo/index.php?route=product/product&product_id=47"> could not be scrolled into view
Build info: version: '4.28.1', revision: '73f5ad48a2'
System info: os.name: 'Mac OS X', os.arch: 'aarch64', os.version: '15.3', java.version: '23.0.1'
Driver info: org.openqa.selenium.firefox.FirefoxDriver
Command: [ad47a841-aca4-4fee-ae1c-714e2c993655, clickElement {id=a3661ab6-dd5d-48c3-8fb1-799abd172aba}]
Capabilities {acceptInsecureCerts: true, browserName: firefox, browserVersion: 135.0.1, moz:accessibilityChecks: false, moz:buildID: 20250216192613, moz:debuggerAddress: 127.0.0.1:2393, moz:geckodriverVersion: 0.35.0, moz:headless: false, moz:platformVersion: 24.3.0, moz:processID: 60018, moz:profile: /var/folders/sd/624vnc_j4s7..., moz:shutdownTimeout: 60000, moz:webdriverClick: true, moz:windowless: false, pageLoadStrategy: normal, platformName: mac, proxy: Proxy(), se:cdp: ws://127.0.0.1:2393/devtool..., se:cdpVersion: 85.0, setWindowRect: true, strictFileInteractability: false, timeouts: {implicit: 0, pageLoad: 300000, script: 30000}, unhandledPromptBehavior: dismiss and notify, userAgent: Mozilla/5.0 (Macintosh; Int...}
Element: [[FirefoxDriver: firefox on mac (ad47a841-aca4-4fee-ae1c-714e2c993655)] -> xpath: //a[normalize-space()='HP LP3065']]
Session ID: ad47a841-aca4-4fee-ae1c-714e2c993655
org.openqa.selenium.ElementNotInteractableException: Element <a href="https://tutorialsninja.com/demo/index.php?route=product/product&product_id=47"> could not be scrolled into view
Build info: version: '4.28.1', revision: '73f5ad48a2'
System info: os.name: 'Mac OS X', os.arch: 'aarch64', os.version: '15.3', java.version: '23.0.1'
Driver info: org.openqa.selenium.firefox.FirefoxDriver
Command: [ad47a841-aca4-4fee-ae1c-714e2c993655, clickElement {id=a3661ab6-dd5d-48c3-8fb1-799abd172aba}]
Capabilities {acceptInsecureCerts: true, browserName: firefox, browserVersion: 135.0.1, moz:accessibilityChecks: false, moz:buildID: 20250216192613, moz:debuggerAddress: 127.0.0.1:2393, moz:geckodriverVersion: 0.35.0, moz:headless: false, moz:platformVersion: 24.3.0, moz:processID: 60018, moz:profile: /var/folders/sd/624vnc_j4s7..., moz:shutdownTimeout: 60000, moz:webdriverClick: true, moz:windowless: false, pageLoadStrategy: normal, platformName: mac, proxy: Proxy(), se:cdp: ws://127.0.0.1:2393/devtool..., se:cdpVersion: 85.0, setWindowRect: true, strictFileInteractability: false, timeouts: {implicit: 0, pageLoad: 300000, script: 30000}, unhandledPromptBehavior: dismiss and notify, userAgent: Mozilla/5.0 (Macintosh; Int...}
Element: [[FirefoxDriver: firefox on mac (ad47a841-aca4-4fee-ae1c-714e2c993655)] -> xpath: //a[normalize-space()='HP LP3065']]
Session ID: ad47a841-aca4-4fee-ae1c-714e2c993655
	at java.base/jdk.internal.reflect.DirectConstructorHandleAccessor.newInstance(DirectConstructorHandleAccessor.java:62) ~[?:?]
	at java.base/java.lang.reflect.Constructor.newInstanceWithCaller(Constructor.java:501) ~[?:?]
	at java.base/java.lang.reflect.Constructor.newInstance(Constructor.java:485) ~[?:?]
	at org.openqa.selenium.remote.ErrorCodec.decode(ErrorCodec.java:167) ~[selenium-remote-driver-4.28.1.jar:?]
	at org.openqa.selenium.remote.codec.w3c.W3CHttpResponseCodec.decode(W3CHttpResponseCodec.java:138) ~[selenium-remote-driver-4.28.1.jar:?]
	at org.openqa.selenium.remote.codec.w3c.W3CHttpResponseCodec.decode(W3CHttpResponseCodec.java:50) ~[selenium-remote-driver-4.28.1.jar:?]
	at org.openqa.selenium.remote.HttpCommandExecutor.execute(HttpCommandExecutor.java:215) ~[selenium-remote-driver-4.28.1.jar:?]
	at org.openqa.selenium.remote.service.DriverCommandExecutor.invokeExecute(DriverCommandExecutor.java:216) ~[selenium-remote-driver-4.28.1.jar:?]
	at org.openqa.selenium.remote.service.DriverCommandExecutor.execute(DriverCommandExecutor.java:174) ~[selenium-remote-driver-4.28.1.jar:?]
	at org.openqa.selenium.remote.RemoteWebDriver.execute(RemoteWebDriver.java:545) ~[selenium-remote-driver-4.28.1.jar:?]
	at org.openqa.selenium.remote.RemoteWebElement.execute(RemoteWebElement.java:223) ~[selenium-remote-driver-4.28.1.jar:?]
	at org.openqa.selenium.remote.RemoteWebElement.click(RemoteWebElement.java:76) ~[selenium-remote-driver-4.28.1.jar:?]
	at java.base/jdk.internal.reflect.DirectMethodHandleAccessor.invoke(DirectMethodHandleAccessor.java:103) ~[?:?]
	at java.base/java.lang.reflect.Method.invoke(Method.java:580) ~[?:?]
	at org.openqa.selenium.support.pagefactory.internal.LocatingElementHandler.invoke(LocatingElementHandler.java:51) ~[selenium-support-4.28.1.jar:?]
	at jdk.proxy2/jdk.proxy2.$Proxy27.click(Unknown Source) ~[?:?]
	at pageObjects.CategoryPage.selectProduct(CategoryPage.java:17) ~[test-classes/:?]
	at testCases.TC04_CompletePurchase.testCompletePurchase(TC04_CompletePurchase.java:37) ~[test-classes/:?]
	at java.base/jdk.internal.reflect.DirectMethodHandleAccessor.invoke(DirectMethodHandleAccessor.java:103) ~[?:?]
	at java.base/java.lang.reflect.Method.invoke(Method.java:580) ~[?:?]
	at org.testng.internal.invokers.MethodInvocationHelper.invokeMethod(MethodInvocationHelper.java:141) ~[testng-7.10.2.jar:7.10.2]
	at org.testng.internal.invokers.TestInvoker.invokeMethod(TestInvoker.java:686) ~[testng-7.10.2.jar:7.10.2]
	at org.testng.internal.invokers.TestInvoker.retryFailed(TestInvoker.java:269) ~[testng-7.10.2.jar:7.10.2]
	at org.testng.internal.invokers.MethodRunner.runInSequence(MethodRunner.java:76) ~[testng-7.10.2.jar:7.10.2]
	at org.testng.internal.invokers.TestInvoker$MethodInvocationAgent.invoke(TestInvoker.java:992) ~[testng-7.10.2.jar:7.10.2]
	at org.testng.internal.invokers.TestInvoker.invokeTestMethods(TestInvoker.java:203) ~[testng-7.10.2.jar:7.10.2]
	at org.testng.internal.invokers.TestMethodWorker.invokeTestMethods(TestMethodWorker.java:154) ~[testng-7.10.2.jar:7.10.2]
	at org.testng.internal.invokers.TestMethodWorker.run(TestMethodWorker.java:134) ~[testng-7.10.2.jar:7.10.2]
	at java.base/java.util.ArrayList.forEach(ArrayList.java:1597) ~[?:?]
	at org.testng.TestRunner.privateRun(TestRunner.java:739) ~[testng-7.10.2.jar:7.10.2]
	at org.testng.TestRunner.run(TestRunner.java:614) ~[testng-7.10.2.jar:7.10.2]
	at org.testng.SuiteRunner.runTest(SuiteRunner.java:421) ~[testng-7.10.2.jar:7.10.2]
	at org.testng.SuiteRunner$SuiteWorker.run(SuiteRunner.java:463) ~[testng-7.10.2.jar:7.10.2]
	at org.testng.internal.thread.ThreadUtil.lambda$execute$0(ThreadUtil.java:64) ~[testng-7.10.2.jar:7.10.2]
	at java.base/java.util.concurrent.FutureTask.run(FutureTask.java:317) ~[?:?]
	at java.base/java.util.concurrent.ThreadPoolExecutor.runWorker(ThreadPoolExecutor.java:1144) ~[?:?]
	at java.base/java.util.concurrent.ThreadPoolExecutor$Worker.run(ThreadPoolExecutor.java:642) ~[?:?]
	at java.base/java.lang.Thread.run(Thread.java:1575) [?:?]
2025-02-18 15:45:15 ERROR ExtentReportManager:68 - Screenshot capture failed: /Users/bindu/eclipse-workspace/NinjaV6/screenshots/testCompletePurchase_20250218034515.png
java.nio.file.NoSuchFileException: /Users/bindu/eclipse-workspace/NinjaV6/screenshots/testCompletePurchase_20250218034515.png
	at java.base/sun.nio.fs.UnixException.translateToIOException(UnixException.java:92) ~[?:?]
	at java.base/sun.nio.fs.UnixException.rethrowAsIOException(UnixException.java:106) ~[?:?]
	at java.base/sun.nio.fs.UnixException.rethrowAsIOException(UnixException.java:111) ~[?:?]
	at java.base/sun.nio.fs.UnixFileSystem.copyFile(UnixFileSystem.java:672) ~[?:?]
	at java.base/sun.nio.fs.BsdFileSystem.copyFile(BsdFileSystem.java:154) ~[?:?]
	at java.base/sun.nio.fs.UnixFileSystem.copy(UnixFileSystem.java:1081) ~[?:?]
	at java.base/sun.nio.fs.UnixFileSystemProvider.copy(UnixFileSystemProvider.java:301) ~[?:?]
	at java.base/java.nio.file.Files.copy(Files.java:1305) ~[?:?]
	at testBase.BaseClass.captureScreen(BaseClass.java:157) ~[test-classes/:?]
	at utilities.ExtentReportManager.onTestFailure(ExtentReportManager.java:60) ~[test-classes/:?]
	at org.testng.internal.TestListenerHelper.runTestListeners(TestListenerHelper.java:115) ~[testng-7.10.2.jar:7.10.2]
	at org.testng.internal.invokers.TestInvoker.runTestResultListener(TestInvoker.java:285) ~[testng-7.10.2.jar:7.10.2]
	at org.testng.internal.invokers.TestInvoker.invokeMethod(TestInvoker.java:774) ~[testng-7.10.2.jar:7.10.2]
	at org.testng.internal.invokers.TestInvoker.retryFailed(TestInvoker.java:269) ~[testng-7.10.2.jar:7.10.2]
	at org.testng.internal.invokers.MethodRunner.runInSequence(MethodRunner.java:76) ~[testng-7.10.2.jar:7.10.2]
	at org.testng.internal.invokers.TestInvoker$MethodInvocationAgent.invoke(TestInvoker.java:992) ~[testng-7.10.2.jar:7.10.2]
	at org.testng.internal.invokers.TestInvoker.invokeTestMethods(TestInvoker.java:203) ~[testng-7.10.2.jar:7.10.2]
	at org.testng.internal.invokers.TestMethodWorker.invokeTestMethods(TestMethodWorker.java:154) ~[testng-7.10.2.jar:7.10.2]
	at org.testng.internal.invokers.TestMethodWorker.run(TestMethodWorker.java:134) ~[testng-7.10.2.jar:7.10.2]
	at java.base/java.util.ArrayList.forEach(ArrayList.java:1597) ~[?:?]
	at org.testng.TestRunner.privateRun(TestRunner.java:739) ~[testng-7.10.2.jar:7.10.2]
	at org.testng.TestRunner.run(TestRunner.java:614) ~[testng-7.10.2.jar:7.10.2]
	at org.testng.SuiteRunner.runTest(SuiteRunner.java:421) ~[testng-7.10.2.jar:7.10.2]
	at org.testng.SuiteRunner$SuiteWorker.run(SuiteRunner.java:463) ~[testng-7.10.2.jar:7.10.2]
	at org.testng.internal.thread.ThreadUtil.lambda$execute$0(ThreadUtil.java:64) ~[testng-7.10.2.jar:7.10.2]
	at java.base/java.util.concurrent.FutureTask.run(FutureTask.java:317) ~[?:?]
	at java.base/java.util.concurrent.ThreadPoolExecutor.runWorker(ThreadPoolExecutor.java:1144) ~[?:?]
	at java.base/java.util.concurrent.ThreadPoolExecutor$Worker.run(ThreadPoolExecutor.java:642) ~[?:?]
	at java.base/java.lang.Thread.run(Thread.java:1575) [?:?]
2025-02-18 15:45:15 INFO  BaseClass:136 - Closing browser...
2025-02-18 15:45:16 INFO  BaseClass:139 - Browser closed and WebDriver instance removed.
2025-02-18 15:46:06 DEBUG TC04_CompletePurchase:57 - Verifying order confirmation.
2025-02-18 15:46:07 INFO  TC04_CompletePurchase:60 - Order confirmation status: true
2025-02-18 15:46:07 INFO  TC04_CompletePurchase:64 - Order successfully confirmed.
2025-02-18 15:46:07 INFO  TC04_CompletePurchase:75 - Test execution completed: testCompletePurchase
2025-02-18 15:46:07 INFO  BaseClass:136 - Closing browser...
2025-02-18 15:46:07 INFO  BaseClass:139 - Browser closed and WebDriver instance removed.
2025-02-18 15:46:16 DEBUG TC04_CompletePurchase:57 - Verifying order confirmation.
2025-02-18 15:46:17 INFO  TC04_CompletePurchase:60 - Order confirmation status: true
2025-02-18 15:46:17 INFO  TC04_CompletePurchase:64 - Order successfully confirmed.
2025-02-18 15:46:17 INFO  TC04_CompletePurchase:75 - Test execution completed: testCompletePurchase
2025-02-18 15:46:17 INFO  BaseClass:136 - Closing browser...
2025-02-18 15:46:18 INFO  BaseClass:139 - Browser closed and WebDriver instance removed.
