<!DOCTYPE html PUBLIC "-//W3C//DTD XHTML 1.1//EN" "https://www.w3.org/TR/xhtml11/DTD/xhtml11.dtd">
<html xmlns="https://www.w3.org/1999/xhtml">
<head>
<meta http-equiv="content-type" content="text/html; charset=UTF-8"/>
<title>TestNG Report</title>
<style type="text/css">table {margin-bottom:10px;border-collapse:collapse;empty-cells:show}th,td {border:1px solid #009;padding:.25em .5em}th {vertical-align:bottom}td {vertical-align:top}table a {font-weight:bold}.stripe td {background-color: #E6EBF9}.num {text-align:right}.passedodd td {background-color: #3F3}.passedeven td {background-color: #0A0}.skippedodd td {background-color: #DDD}.skippedeven td {background-color: #CCC}.failedodd td,.attn {background-color: #F33}.failedeven td,.stripe .attn {background-color: #D00}.stacktrace {white-space:pre;font-family:monospace}.totop {font-size:85%;text-align:center;border-bottom:2px solid #000}.invisible {display:none}</style>
</head>
<body>
<table>
<tr><th>Test</th><th># Passed</th><th># Skipped</th><th># Retried</th><th># Failed</th><th>Time (ms)</th><th>Included Groups</th><th>Excluded Groups</th></tr>
<tr><th colspan="8">Suite</th></tr>
<tr><td><a href="#t0">firefoxTest</a></td><td class="num">9</td><td class="num">0</td><td class="num attn">2</td><td class="num attn">1</td><td class="num">58,775</td><td>datadriven, regression, smoke</td><td></td></tr>
<tr class="stripe"><td><a href="#t1">chromeTest</a></td><td class="num">10</td><td class="num">0</td><td class="num">0</td><td class="num">0</td><td class="num">109,768</td><td>datadriven, regression, smoke</td><td></td></tr>
<tr><td><a href="#t2">edgeTest</a></td><td class="num">10</td><td class="num">0</td><td class="num">0</td><td class="num">0</td><td class="num">120,797</td><td>datadriven, regression, smoke</td><td></td></tr>
<tr><th>Total</th><th class="num">29</th><th class="num">0</th><th class="num attn">2</th><th class="num attn">1</th><th class="num">289,340</th><th colspan="2"></th></tr>
</table>
<table id='summary'><thead><tr><th>Class</th><th>Method</th><th>Start</th><th>Time (ms)</th></tr></thead><tbody><tr><th colspan="4">Suite</th></tr></tbody><tbody id="t0"><tr><th colspan="4">firefoxTest &#8212; failed</th></tr><tr class="failedeven"><td rowspan="1">testCases.TC04_CompletePurchase</td><td><a href="#m0">testCompletePurchase</a></td><td rowspan="1">1739922315025</td><td rowspan="1">565</td></tr><tr><th colspan="4">firefoxTest &#8212; retried</th></tr><tr class="retriedeven"><td rowspan="2">testCases.TC04_CompletePurchase</td><td><a href="#m1">testCompletePurchase</a></td><td rowspan="2">1739922314482</td><td rowspan="2">543</td></tr><tr class="retriedeven"><td><a href="#m2">testCompletePurchase</a></td></tr><tr><th colspan="4">firefoxTest &#8212; passed</th></tr><tr class="passedeven"><td rowspan="1">testCases.TC01_LaunchApplication</td><td><a href="#m3">testLaunchApplication</a></td><td rowspan="1">1739922264401</td><td rowspan="1">26</td></tr><tr class="passedodd"><td rowspan="5">testCases.TC02_Login</td><td><a href="#m4">testLogin</a></td><td rowspan="5">1739922287822</td><td rowspan="5">2373</td></tr><tr class="passedodd"><td><a href="#m5">testLogin</a></td></tr><tr class="passedodd"><td><a href="#m6">testLogin</a></td></tr><tr class="passedodd"><td><a href="#m7">testLogin</a></td></tr><tr class="passedodd"><td><a href="#m8">testLogin</a></td></tr><tr class="passedeven"><td rowspan="1">testCases.TC03_AddToCart</td><td><a href="#m9">testAddToCart</a></td><td rowspan="1">1739922278864</td><td rowspan="1">2923</td></tr><tr class="passedodd"><td rowspan="1">testCases.TC05_AddAnItemToWishList</td><td><a href="#m10">testAddToWishList</a></td><td rowspan="1">1739922304975</td><td rowspan="1">1719</td></tr><tr class="passedeven"><td rowspan="1">testCases.TC06_PurchaseAGiftCertificate</td><td><a href="#m11">testPurchaseAGiftCertificate</a></td><td rowspan="1">1739922270170</td><td rowspan="1">1358</td></tr></tbody>
<tbody id="t1"><tr><th colspan="4">chromeTest &#8212; passed</th></tr><tr class="passedeven"><td rowspan="1">testCases.TC01_LaunchApplication</td><td><a href="#m12">testLaunchApplication</a></td><td rowspan="1">1739922263820</td><td rowspan="1">48</td></tr><tr class="passedodd"><td rowspan="5">testCases.TC02_Login</td><td><a href="#m13">testLogin</a></td><td rowspan="5">1739922287330</td><td rowspan="5">1779</td></tr><tr class="passedodd"><td><a href="#m14">testLogin</a></td></tr><tr class="passedodd"><td><a href="#m15">testLogin</a></td></tr><tr class="passedodd"><td><a href="#m16">testLogin</a></td></tr><tr class="passedodd"><td><a href="#m17">testLogin</a></td></tr><tr class="passedeven"><td rowspan="1">testCases.TC03_AddToCart</td><td><a href="#m18">testAddToCart</a></td><td rowspan="1">1739922273494</td><td rowspan="1">1717</td></tr><tr class="passedodd"><td rowspan="1">testCases.TC04_CompletePurchase</td><td><a href="#m19">testCompletePurchase</a></td><td rowspan="1">1739922297817</td><td rowspan="1">69255</td></tr><tr class="passedeven"><td rowspan="1">testCases.TC05_AddAnItemToWishList</td><td><a href="#m20">testAddToWishList</a></td><td rowspan="1">1739922292689</td><td rowspan="1">1687</td></tr><tr class="passedodd"><td rowspan="1">testCases.TC06_PurchaseAGiftCertificate</td><td><a href="#m21">testPurchaseAGiftCertificate</a></td><td rowspan="1">1739922269008</td><td rowspan="1">1300</td></tr></tbody>
<tbody id="t2"><tr><th colspan="4">edgeTest &#8212; passed</th></tr><tr class="passedeven"><td rowspan="1">testCases.TC01_LaunchApplication</td><td><a href="#m22">testLaunchApplication</a></td><td rowspan="1">1739922270031</td><td rowspan="1">25</td></tr><tr class="passedodd"><td rowspan="5">testCases.TC02_Login</td><td><a href="#m23">testLogin</a></td><td rowspan="5">1739922288932</td><td rowspan="5">2048</td></tr><tr class="passedodd"><td><a href="#m24">testLogin</a></td></tr><tr class="passedodd"><td><a href="#m25">testLogin</a></td></tr><tr class="passedodd"><td><a href="#m26">testLogin</a></td></tr><tr class="passedodd"><td><a href="#m27">testLogin</a></td></tr><tr class="passedeven"><td rowspan="1">testCases.TC03_AddToCart</td><td><a href="#m28">testAddToCart</a></td><td rowspan="1">1739922280198</td><td rowspan="1">1781</td></tr><tr class="passedodd"><td rowspan="1">testCases.TC04_CompletePurchase</td><td><a href="#m29">testCompletePurchase</a></td><td rowspan="1">1739922308586</td><td rowspan="1">68505</td></tr><tr class="passedeven"><td rowspan="1">testCases.TC05_AddAnItemToWishList</td><td><a href="#m30">testAddToWishList</a></td><td rowspan="1">1739922300916</td><td rowspan="1">2405</td></tr><tr class="passedodd"><td rowspan="1">testCases.TC06_PurchaseAGiftCertificate</td><td><a href="#m31">testPurchaseAGiftCertificate</a></td><td rowspan="1">1739922274342</td><td rowspan="1">1218</td></tr></tbody>
</table>
<h2>firefoxTest</h2><h3 id="m0">testCases.TC04_CompletePurchase#testCompletePurchase</h3><table class="result"><tr><th>Exception</th></tr><tr><td><div class="stacktrace">java.lang.AssertionError: Test encountered an unexpected error: Element &lt;a href=&quot;https://tutorialsninja.com/demo/index.php?route=product/product&amp;product_id=47&quot;&gt; could not be scrolled into view
Build info: version: &apos;4.28.1&apos;, revision: &apos;73f5ad48a2&apos;
System info: os.name: &apos;Mac OS X&apos;, os.arch: &apos;aarch64&apos;, os.version: &apos;15.3&apos;, java.version: &apos;23.0.1&apos;
Driver info: org.openqa.selenium.firefox.FirefoxDriver
Command: [ad47a841-aca4-4fee-ae1c-714e2c993655, clickElement {id=a3661ab6-dd5d-48c3-8fb1-799abd172aba}]
Capabilities {acceptInsecureCerts: true, browserName: firefox, browserVersion: 135.0.1, moz:accessibilityChecks: false, moz:buildID: 20250216192613, moz:debuggerAddress: 127.0.0.1:2393, moz:geckodriverVersion: 0.35.0, moz:headless: false, moz:platformVersion: 24.3.0, moz:processID: 60018, moz:profile: /var/folders/sd/624vnc_j4s7..., moz:shutdownTimeout: 60000, moz:webdriverClick: true, moz:windowless: false, pageLoadStrategy: normal, platformName: mac, proxy: Proxy(), se:cdp: ws://127.0.0.1:2393/devtool..., se:cdpVersion: 85.0, setWindowRect: true, strictFileInteractability: false, timeouts: {implicit: 0, pageLoad: 300000, script: 30000}, unhandledPromptBehavior: dismiss and notify, userAgent: Mozilla/5.0 (Macintosh; Int...}
Element: [[FirefoxDriver: firefox on mac (ad47a841-aca4-4fee-ae1c-714e2c993655)] -&gt; xpath: //a[normalize-space()=&apos;HP LP3065&apos;]]
Session ID: ad47a841-aca4-4fee-ae1c-714e2c993655
	at testCases.TC04_CompletePurchase.testCompletePurchase(TC04_CompletePurchase.java:72)
	at java.base/java.util.ArrayList.forEach(ArrayList.java:1597)
	at java.base/java.util.concurrent.FutureTask.run(FutureTask.java:317)
	at java.base/java.util.concurrent.ThreadPoolExecutor.runWorker(ThreadPoolExecutor.java:1144)
	at java.base/java.util.concurrent.ThreadPoolExecutor$Worker.run(ThreadPoolExecutor.java:642)
	at java.base/java.lang.Thread.run(Thread.java:1575)
... Removed 16 stack frames</div></td></tr></table><p class="totop"><a href="#summary">back to summary</a></p>
<h3 id="m1">testCases.TC04_CompletePurchase#testCompletePurchase</h3><table class="result"><tr><th>Exception</th></tr><tr><td><div class="stacktrace">java.lang.AssertionError: Test encountered an unexpected error: Element &lt;a href=&quot;https://tutorialsninja.com/demo/index.php?route=product/product&amp;product_id=47&quot;&gt; could not be scrolled into view
Build info: version: &apos;4.28.1&apos;, revision: &apos;73f5ad48a2&apos;
System info: os.name: &apos;Mac OS X&apos;, os.arch: &apos;aarch64&apos;, os.version: &apos;15.3&apos;, java.version: &apos;23.0.1&apos;
Driver info: org.openqa.selenium.firefox.FirefoxDriver
Command: [ad47a841-aca4-4fee-ae1c-714e2c993655, clickElement {id=910d7b04-d5af-4173-a32d-76fa6cf4a51d}]
Capabilities {acceptInsecureCerts: true, browserName: firefox, browserVersion: 135.0.1, moz:accessibilityChecks: false, moz:buildID: 20250216192613, moz:debuggerAddress: 127.0.0.1:2393, moz:geckodriverVersion: 0.35.0, moz:headless: false, moz:platformVersion: 24.3.0, moz:processID: 60018, moz:profile: /var/folders/sd/624vnc_j4s7..., moz:shutdownTimeout: 60000, moz:webdriverClick: true, moz:windowless: false, pageLoadStrategy: normal, platformName: mac, proxy: Proxy(), se:cdp: ws://127.0.0.1:2393/devtool..., se:cdpVersion: 85.0, setWindowRect: true, strictFileInteractability: false, timeouts: {implicit: 0, pageLoad: 300000, script: 30000}, unhandledPromptBehavior: dismiss and notify, userAgent: Mozilla/5.0 (Macintosh; Int...}
Element: [[FirefoxDriver: firefox on mac (ad47a841-aca4-4fee-ae1c-714e2c993655)] -&gt; xpath: //a[normalize-space()=&apos;HP LP3065&apos;]]
Session ID: ad47a841-aca4-4fee-ae1c-714e2c993655
	at testCases.TC04_CompletePurchase.testCompletePurchase(TC04_CompletePurchase.java:72)
	at java.base/java.util.ArrayList.forEach(ArrayList.java:1597)
	at java.base/java.util.concurrent.FutureTask.run(FutureTask.java:317)
	at java.base/java.util.concurrent.ThreadPoolExecutor.runWorker(ThreadPoolExecutor.java:1144)
	at java.base/java.util.concurrent.ThreadPoolExecutor$Worker.run(ThreadPoolExecutor.java:642)
	at java.base/java.lang.Thread.run(Thread.java:1575)
... Removed 16 stack frames</div></td></tr></table><p class="totop"><a href="#summary">back to summary</a></p>
<h3 id="m2">testCases.TC04_CompletePurchase#testCompletePurchase</h3><table class="result"><tr><th>Exception</th></tr><tr><td><div class="stacktrace">java.lang.AssertionError: Test encountered an unexpected error: Element &lt;input id=&quot;button-login&quot; class=&quot;btn btn-primary&quot; type=&quot;button&quot;&gt; could not be scrolled into view
Build info: version: &apos;4.28.1&apos;, revision: &apos;73f5ad48a2&apos;
System info: os.name: &apos;Mac OS X&apos;, os.arch: &apos;aarch64&apos;, os.version: &apos;15.3&apos;, java.version: &apos;23.0.1&apos;
Driver info: org.openqa.selenium.firefox.FirefoxDriver
Command: [ad47a841-aca4-4fee-ae1c-714e2c993655, clickElement {id=178e80a9-b710-412f-87ba-deb58aef260d}]
Capabilities {acceptInsecureCerts: true, browserName: firefox, browserVersion: 135.0.1, moz:accessibilityChecks: false, moz:buildID: 20250216192613, moz:debuggerAddress: 127.0.0.1:2393, moz:geckodriverVersion: 0.35.0, moz:headless: false, moz:platformVersion: 24.3.0, moz:processID: 60018, moz:profile: /var/folders/sd/624vnc_j4s7..., moz:shutdownTimeout: 60000, moz:webdriverClick: true, moz:windowless: false, pageLoadStrategy: normal, platformName: mac, proxy: Proxy(), se:cdp: ws://127.0.0.1:2393/devtool..., se:cdpVersion: 85.0, setWindowRect: true, strictFileInteractability: false, timeouts: {implicit: 0, pageLoad: 300000, script: 30000}, unhandledPromptBehavior: dismiss and notify, userAgent: Mozilla/5.0 (Macintosh; Int...}
Element: [[FirefoxDriver: firefox on mac (ad47a841-aca4-4fee-ae1c-714e2c993655)] -&gt; xpath: //input[@value=&apos;Login&apos;]]
Session ID: ad47a841-aca4-4fee-ae1c-714e2c993655
	at testCases.TC04_CompletePurchase.testCompletePurchase(TC04_CompletePurchase.java:72)
	at java.base/java.util.ArrayList.forEach(ArrayList.java:1597)
	at java.base/java.util.concurrent.FutureTask.run(FutureTask.java:317)
	at java.base/java.util.concurrent.ThreadPoolExecutor.runWorker(ThreadPoolExecutor.java:1144)
	at java.base/java.util.concurrent.ThreadPoolExecutor$Worker.run(ThreadPoolExecutor.java:642)
	at java.base/java.lang.Thread.run(Thread.java:1575)
... Removed 16 stack frames</div></td></tr></table><p class="totop"><a href="#summary">back to summary</a></p>
<h3 id="m3">testCases.TC01_LaunchApplication#testLaunchApplication</h3><table class="result"><tr><th class="invisible"/></tr></table><p class="totop"><a href="#summary">back to summary</a></p>
<h3 id="m4">testCases.TC02_Login#testLogin</h3><table class="result"><tr class="param"><th>Parameter #1</th><th>Parameter #2</th></tr><tr class="param stripe"><td>goodmorning@gmail.com</td><td>test@1234</td></tr></table><p class="totop"><a href="#summary">back to summary</a></p>
<h3 id="m5">testCases.TC02_Login#testLogin</h3><table class="result"><tr class="param"><th>Parameter #1</th><th>Parameter #2</th></tr><tr class="param stripe"><td>otisdog22@yahoo.com</td><td>1234QWERT</td></tr></table><p class="totop"><a href="#summary">back to summary</a></p>
<h3 id="m6">testCases.TC02_Login#testLogin</h3><table class="result"><tr class="param"><th>Parameter #1</th><th>Parameter #2</th></tr><tr class="param stripe"><td>test121@test.com</td><td>test123</td></tr></table><p class="totop"><a href="#summary">back to summary</a></p>
<h3 id="m7">testCases.TC02_Login#testLogin</h3><table class="result"><tr class="param"><th>Parameter #1</th><th>Parameter #2</th></tr><tr class="param stripe"><td>sid@cloudberry.services</td><td>Test123</td></tr></table><p class="totop"><a href="#summary">back to summary</a></p>
<h3 id="m8">testCases.TC02_Login#testLogin</h3><table class="result"><tr class="param"><th>Parameter #1</th><th>Parameter #2</th></tr><tr class="param stripe"><td>shalaka.dongre@gmail.com</td><td>Test123!</td></tr></table><p class="totop"><a href="#summary">back to summary</a></p>
<h3 id="m9">testCases.TC03_AddToCart#testAddToCart</h3><table class="result"><tr><th class="invisible"/></tr></table><p class="totop"><a href="#summary">back to summary</a></p>
<h3 id="m10">testCases.TC05_AddAnItemToWishList#testAddToWishList</h3><table class="result"><tr><th class="invisible"/></tr></table><p class="totop"><a href="#summary">back to summary</a></p>
<h3 id="m11">testCases.TC06_PurchaseAGiftCertificate#testPurchaseAGiftCertificate</h3><table class="result"><tr><th class="invisible"/></tr></table><p class="totop"><a href="#summary">back to summary</a></p>
<h2>chromeTest</h2><h3 id="m12">testCases.TC01_LaunchApplication#testLaunchApplication</h3><table class="result"><tr><th class="invisible"/></tr></table><p class="totop"><a href="#summary">back to summary</a></p>
<h3 id="m13">testCases.TC02_Login#testLogin</h3><table class="result"><tr class="param"><th>Parameter #1</th><th>Parameter #2</th></tr><tr class="param stripe"><td>shalaka.dongre@gmail.com</td><td>Test123!</td></tr></table><p class="totop"><a href="#summary">back to summary</a></p>
<h3 id="m14">testCases.TC02_Login#testLogin</h3><table class="result"><tr class="param"><th>Parameter #1</th><th>Parameter #2</th></tr><tr class="param stripe"><td>goodmorning@gmail.com</td><td>test@1234</td></tr></table><p class="totop"><a href="#summary">back to summary</a></p>
<h3 id="m15">testCases.TC02_Login#testLogin</h3><table class="result"><tr class="param"><th>Parameter #1</th><th>Parameter #2</th></tr><tr class="param stripe"><td>otisdog22@yahoo.com</td><td>1234QWERT</td></tr></table><p class="totop"><a href="#summary">back to summary</a></p>
<h3 id="m16">testCases.TC02_Login#testLogin</h3><table class="result"><tr class="param"><th>Parameter #1</th><th>Parameter #2</th></tr><tr class="param stripe"><td>test121@test.com</td><td>test123</td></tr></table><p class="totop"><a href="#summary">back to summary</a></p>
<h3 id="m17">testCases.TC02_Login#testLogin</h3><table class="result"><tr class="param"><th>Parameter #1</th><th>Parameter #2</th></tr><tr class="param stripe"><td>sid@cloudberry.services</td><td>Test123</td></tr></table><p class="totop"><a href="#summary">back to summary</a></p>
<h3 id="m18">testCases.TC03_AddToCart#testAddToCart</h3><table class="result"><tr><th class="invisible"/></tr></table><p class="totop"><a href="#summary">back to summary</a></p>
<h3 id="m19">testCases.TC04_CompletePurchase#testCompletePurchase</h3><table class="result"><tr><th class="invisible"/></tr></table><p class="totop"><a href="#summary">back to summary</a></p>
<h3 id="m20">testCases.TC05_AddAnItemToWishList#testAddToWishList</h3><table class="result"><tr><th class="invisible"/></tr></table><p class="totop"><a href="#summary">back to summary</a></p>
<h3 id="m21">testCases.TC06_PurchaseAGiftCertificate#testPurchaseAGiftCertificate</h3><table class="result"><tr><th class="invisible"/></tr></table><p class="totop"><a href="#summary">back to summary</a></p>
<h2>edgeTest</h2><h3 id="m22">testCases.TC01_LaunchApplication#testLaunchApplication</h3><table class="result"><tr><th class="invisible"/></tr></table><p class="totop"><a href="#summary">back to summary</a></p>
<h3 id="m23">testCases.TC02_Login#testLogin</h3><table class="result"><tr class="param"><th>Parameter #1</th><th>Parameter #2</th></tr><tr class="param stripe"><td>test121@test.com</td><td>test123</td></tr></table><p class="totop"><a href="#summary">back to summary</a></p>
<h3 id="m24">testCases.TC02_Login#testLogin</h3><table class="result"><tr class="param"><th>Parameter #1</th><th>Parameter #2</th></tr><tr class="param stripe"><td>sid@cloudberry.services</td><td>Test123</td></tr></table><p class="totop"><a href="#summary">back to summary</a></p>
<h3 id="m25">testCases.TC02_Login#testLogin</h3><table class="result"><tr class="param"><th>Parameter #1</th><th>Parameter #2</th></tr><tr class="param stripe"><td>otisdog22@yahoo.com</td><td>1234QWERT</td></tr></table><p class="totop"><a href="#summary">back to summary</a></p>
<h3 id="m26">testCases.TC02_Login#testLogin</h3><table class="result"><tr class="param"><th>Parameter #1</th><th>Parameter #2</th></tr><tr class="param stripe"><td>shalaka.dongre@gmail.com</td><td>Test123!</td></tr></table><p class="totop"><a href="#summary">back to summary</a></p>
<h3 id="m27">testCases.TC02_Login#testLogin</h3><table class="result"><tr class="param"><th>Parameter #1</th><th>Parameter #2</th></tr><tr class="param stripe"><td>goodmorning@gmail.com</td><td>test@1234</td></tr></table><p class="totop"><a href="#summary">back to summary</a></p>
<h3 id="m28">testCases.TC03_AddToCart#testAddToCart</h3><table class="result"><tr><th class="invisible"/></tr></table><p class="totop"><a href="#summary">back to summary</a></p>
<h3 id="m29">testCases.TC04_CompletePurchase#testCompletePurchase</h3><table class="result"><tr><th class="invisible"/></tr></table><p class="totop"><a href="#summary">back to summary</a></p>
<h3 id="m30">testCases.TC05_AddAnItemToWishList#testAddToWishList</h3><table class="result"><tr><th class="invisible"/></tr></table><p class="totop"><a href="#summary">back to summary</a></p>
<h3 id="m31">testCases.TC06_PurchaseAGiftCertificate#testPurchaseAGiftCertificate</h3><table class="result"><tr><th class="invisible"/></tr></table><p class="totop"><a href="#summary">back to summary</a></p>
</body>
</html>
